#
# There is insufficient memory for the Java Runtime Environment to continue.
# Native memory allocation (malloc) failed to allocate 32744 bytes for ChunkPool::allocate
# Possible reasons:
#   The system is out of physical RAM or swap space
#   The process is running with CompressedOops enabled, and the Java Heap may be blocking the growth of the native heap
# Possible solutions:
#   Reduce memory load on the system
#   Increase physical memory or swap space
#   Check if swap backing store is full
#   Decrease Java heap size (-Xmx/-Xms)
#   Decrease number of Java threads
#   Decrease Java thread stack sizes (-Xss)
#   Set larger code cache with -XX:ReservedCodeCacheSize=
#   JVM is running with Unscaled Compressed Oops mode in which the Java heap is
#     placed in the first 4GB address space. The Java Heap base address is the
#     maximum limit for the native heap growth. Please use -XX:HeapBaseMinAddress
#     to set the Java Heap base and to place the Java Heap above 4GB virtual address.
# This output file may be truncated or incomplete.
#
#  Out of Memory Error (./src/hotspot/share/memory/arena.cpp:81), pid=26700, tid=30428
#
# JRE version: OpenJDK Runtime Environment Microsoft-7208460 (11.0.18+10) (build 11.0.18+10-LTS)
# Java VM: OpenJDK 64-Bit Server VM Microsoft-7208460 (11.0.18+10-LTS, mixed mode, tiered, compressed oops, g1 gc, windows-amd64)
# No core dump will be written. Minidumps are not enabled by default on client versions of Windows
#

---------------  S U M M A R Y ------------

Command Line: -XX:MaxMetaspaceSize=512m --add-opens=java.base/java.util=ALL-UNNAMED --add-opens=java.base/java.lang=ALL-UNNAMED --add-opens=java.base/java.lang.invoke=ALL-UNNAMED --add-opens=java.prefs/java.util.prefs=ALL-UNNAMED --add-opens=java.base/java.nio.charset=ALL-UNNAMED --add-opens=java.base/java.net=ALL-UNNAMED --add-opens=java.base/java.util.concurrent.atomic=ALL-UNNAMED -Xmx2048m -Dfile.encoding=windows-1252 -Duser.country=IN -Duser.language=en -Duser.variant org.gradle.launcher.daemon.bootstrap.GradleDaemon 8.0.1

Host: AMD Ryzen 3 5300U with Radeon Graphics         , 8 cores, 7G,  Windows 11 , 64 bit Build 22621 (10.0.22621.2215)
Time: Sat Sep 30 14:21:12 2023 India Standard Time elapsed time: 17.207069 seconds (0d 0h 0m 17s)

---------------  T H R E A D  ---------------

Current thread (0x000001b3f3254000):  JavaThread "C2 CompilerThread0" daemon [_thread_in_native, id=30428, stack(0x0000007315700000,0x0000007315800000)]


Current CompileTask:
C2:  17207 2193       4       java.net.URLClassLoader$1::run (5 bytes)

Stack: [0x0000007315700000,0x0000007315800000]
Native frames: (J=compiled Java code, j=interpreted, Vv=VM code, C=native code)
V  [jvm.dll+0x62bf8a]
V  [jvm.dll+0x7b8fb9]
V  [jvm.dll+0x7ba6a8]
V  [jvm.dll+0x7bad83]
V  [jvm.dll+0x250248]
V  [jvm.dll+0xc286b]
V  [jvm.dll+0xc2bcc]
V  [jvm.dll+0xc271b]
V  [jvm.dll+0x60978f]
V  [jvm.dll+0x65cfb3]
V  [jvm.dll+0x19eead]
V  [jvm.dll+0x209495]
V  [jvm.dll+0x20850d]
V  [jvm.dll+0x18a4b1]
V  [jvm.dll+0x217eec]
V  [jvm.dll+0x21612b]
V  [jvm.dll+0x77bac0]
V  [jvm.dll+0x7749f4]
V  [jvm.dll+0x62adf5]
C  [ucrtbase.dll+0x29363]
C  [KERNEL32.DLL+0x1257d]
C  [ntdll.dll+0x5aa68]


---------------  P R O C E S S  ---------------

Threads class SMR info:
_java_thread_list=0x000001b3f537dfe0, length=24, elements={
0x000001b3d415e800, 0x000001b3f3241800, 0x000001b3f3243800, 0x000001b3f3bd2800,
0x000001b3f3250000, 0x000001b3f3251000, 0x000001b3f3254000, 0x000001b3f3257800,
0x000001b3f3288800, 0x000001b3f3d49000, 0x000001b3f664f000, 0x000001b3f5297800,
0x000001b3f6cae800, 0x000001b3f4aef000, 0x000001b3f684e800, 0x000001b3f6b30800,
0x000001b3f4faa800, 0x000001b3f5709800, 0x000001b3f47e9000, 0x000001b3f5c46800,
0x000001b3f6671800, 0x000001b3f6670800, 0x000001b3f6672800, 0x000001b3f6673000
}

Java Threads: ( => current thread )
  0x000001b3d415e800 JavaThread "main" [_thread_blocked, id=32636, stack(0x0000007314b00000,0x0000007314c00000)]
  0x000001b3f3241800 JavaThread "Reference Handler" daemon [_thread_blocked, id=35324, stack(0x0000007315200000,0x0000007315300000)]
  0x000001b3f3243800 JavaThread "Finalizer" daemon [_thread_blocked, id=6816, stack(0x0000007315300000,0x0000007315400000)]
  0x000001b3f3bd2800 JavaThread "Signal Dispatcher" daemon [_thread_blocked, id=8244, stack(0x0000007315400000,0x0000007315500000)]
  0x000001b3f3250000 JavaThread "Attach Listener" daemon [_thread_blocked, id=29436, stack(0x0000007315500000,0x0000007315600000)]
  0x000001b3f3251000 JavaThread "Service Thread" daemon [_thread_blocked, id=25756, stack(0x0000007315600000,0x0000007315700000)]
=>0x000001b3f3254000 JavaThread "C2 CompilerThread0" daemon [_thread_in_native, id=30428, stack(0x0000007315700000,0x0000007315800000)]
  0x000001b3f3257800 JavaThread "C1 CompilerThread0" daemon [_thread_blocked, id=31440, stack(0x0000007315800000,0x0000007315900000)]
  0x000001b3f3288800 JavaThread "Sweeper thread" daemon [_thread_blocked, id=29148, stack(0x0000007315900000,0x0000007315a00000)]
  0x000001b3f3d49000 JavaThread "Common-Cleaner" daemon [_thread_blocked, id=24840, stack(0x0000007315a00000,0x0000007315b00000)]
  0x000001b3f664f000 JavaThread "Daemon health stats" [_thread_blocked, id=7052, stack(0x0000007315e00000,0x0000007315f00000)]
  0x000001b3f5297800 JavaThread "Incoming local TCP Connector on port 60262" [_thread_in_native, id=32748, stack(0x0000007315c00000,0x0000007315d00000)]
  0x000001b3f6cae800 JavaThread "Daemon periodic checks" [_thread_blocked, id=34708, stack(0x0000007315f00000,0x0000007316000000)]
  0x000001b3f4aef000 JavaThread "Daemon" [_thread_blocked, id=18264, stack(0x0000007316000000,0x0000007316100000)]
  0x000001b3f684e800 JavaThread "Handler for socket connection from /127.0.0.1:60262 to /127.0.0.1:60263" [_thread_in_native, id=14840, stack(0x0000007316100000,0x0000007316200000)]
  0x000001b3f6b30800 JavaThread "Cancel handler" [_thread_blocked, id=8476, stack(0x0000007316200000,0x0000007316300000)]
  0x000001b3f4faa800 JavaThread "Daemon worker" [_thread_in_native, id=35608, stack(0x0000007316300000,0x0000007316400000)]
  0x000001b3f5709800 JavaThread "Asynchronous log dispatcher for DefaultDaemonConnection: socket connection from /127.0.0.1:60262 to /127.0.0.1:60263" [_thread_blocked, id=33548, stack(0x0000007316400000,0x0000007316500000)]
  0x000001b3f47e9000 JavaThread "Stdin handler" [_thread_blocked, id=16608, stack(0x0000007316500000,0x0000007316600000)]
  0x000001b3f5c46800 JavaThread "Daemon client event forwarder" [_thread_blocked, id=31044, stack(0x0000007316600000,0x0000007316700000)]
  0x000001b3f6671800 JavaThread "Cache worker for journal cache (C:\Users\91913\.gradle\caches\journal-1)" [_thread_blocked, id=34380, stack(0x0000007316e00000,0x0000007316f00000)]
  0x000001b3f6670800 JavaThread "File lock request listener" [_thread_in_native, id=34660, stack(0x0000007317000000,0x0000007317100000)]
  0x000001b3f6672800 JavaThread "File lock release action executor" [_thread_blocked, id=32284, stack(0x0000007317100000,0x0000007317200000)]
  0x000001b3f6673000 JavaThread "Cache worker for file hash cache (C:\Users\91913\.gradle\caches\8.0.1\fileHashes)" [_thread_blocked, id=14984, stack(0x0000007317200000,0x0000007317300000)]

Other Threads:
  0x000001b3f322b800 VMThread "VM Thread" [stack: 0x0000007315100000,0x0000007315200000] [id=33472]
  0x000001b3f3d5a800 WatcherThread [stack: 0x0000007315b00000,0x0000007315c00000] [id=11936]
  0x000001b3d4178800 GCTaskThread "GC Thread#0" [stack: 0x0000007314c00000,0x0000007314d00000] [id=22776]
  0x000001b3f48a7000 GCTaskThread "GC Thread#1" [stack: 0x0000007315d00000,0x0000007315e00000] [id=12228]
  0x000001b3f3ef9800 GCTaskThread "GC Thread#2" [stack: 0x0000007316700000,0x0000007316800000] [id=35628]
  0x000001b3f5c47000 GCTaskThread "GC Thread#3" [stack: 0x0000007316800000,0x0000007316900000] [id=33772]
  0x000001b3f5eb8000 GCTaskThread "GC Thread#4" [stack: 0x0000007316900000,0x0000007316a00000] [id=4636]
  0x000001b3f4677000 GCTaskThread "GC Thread#5" [stack: 0x0000007316a00000,0x0000007316b00000] [id=27880]
  0x000001b3f643f000 GCTaskThread "GC Thread#6" [stack: 0x0000007316b00000,0x0000007316c00000] [id=24816]
  0x000001b3f5739000 GCTaskThread "GC Thread#7" [stack: 0x0000007316c00000,0x0000007316d00000] [id=31192]
  0x000001b3d41a9000 ConcurrentGCThread "G1 Main Marker" [stack: 0x0000007314d00000,0x0000007314e00000] [id=27780]
  0x000001b3d41aa800 ConcurrentGCThread "G1 Conc#0" [stack: 0x0000007314e00000,0x0000007314f00000] [id=29280]
  0x000001b3f49ce800 ConcurrentGCThread "G1 Conc#1" [stack: 0x0000007316f00000,0x0000007317000000] [id=22964]
  0x000001b3f30a0800 ConcurrentGCThread "G1 Refine#0" [stack: 0x0000007314f00000,0x0000007315000000] [id=30848]
  0x000001b3f5176000 ConcurrentGCThread "G1 Refine#1" [stack: 0x0000007316d00000,0x0000007316e00000] [id=8316]
  0x000001b3f30a1000 ConcurrentGCThread "G1 Young RemSet Sampling" [stack: 0x0000007315000000,0x0000007315100000] [id=33536]

Threads with active compile tasks:
C2 CompilerThread0    17230 2193       4       java.net.URLClassLoader$1::run (5 bytes)

VM state:not at safepoint (normal execution)

VM Mutex/Monitor currently owned by a thread: None

Heap address: 0x0000000080000000, size: 2048 MB, Compressed Oops mode: 32-bit
Narrow klass base: 0x0000000000000000, Narrow klass shift: 3
Compressed class space size: 528482304 Address: 0x0000000100000000

Heap:
 garbage-first heap   total 120832K, used 48786K [0x0000000080000000, 0x0000000100000000)
  region size 1024K, 32 young (32768K), 1 survivors (1024K)
 Metaspace       used 23792K, capacity 24373K, committed 24752K, reserved 538624K
  class space    used 2966K, capacity 3205K, committed 3328K, reserved 516096K
Heap Regions: E=young(eden), S=young(survivor), O=old, HS=humongous(starts), HC=humongous(continues), CS=collection set, F=free, A=archive, TAMS=top-at-mark-start (previous, next)
|   0|0x0000000080000000, 0x0000000080100000, 0x0000000080100000|100%|HS|  |TAMS 0x0000000080100000, 0x0000000080000000| Complete 
|   1|0x0000000080100000, 0x0000000080200000, 0x0000000080200000|100%|HC|  |TAMS 0x0000000080200000, 0x0000000080100000| Complete 
|   2|0x0000000080200000, 0x0000000080300000, 0x0000000080300000|100%|HC|  |TAMS 0x0000000080300000, 0x0000000080200000| Complete 
|   3|0x0000000080300000, 0x0000000080400000, 0x0000000080400000|100%|HC|  |TAMS 0x0000000080400000, 0x0000000080300000| Complete 
|   4|0x0000000080400000, 0x0000000080500000, 0x0000000080500000|100%| O|  |TAMS 0x0000000080500000, 0x0000000080400000| Untracked 
|   5|0x0000000080500000, 0x0000000080600000, 0x0000000080600000|100%| O|  |TAMS 0x0000000080600000, 0x0000000080500000| Untracked 
|   6|0x0000000080600000, 0x0000000080700000, 0x0000000080700000|100%| O|  |TAMS 0x0000000080700000, 0x0000000080600000| Untracked 
|   7|0x0000000080700000, 0x0000000080800000, 0x0000000080800000|100%| O|  |TAMS 0x0000000080800000, 0x0000000080700000| Untracked 
|   8|0x0000000080800000, 0x0000000080900000, 0x0000000080900000|100%| O|  |TAMS 0x0000000080900000, 0x0000000080800000| Untracked 
|   9|0x0000000080900000, 0x0000000080a00000, 0x0000000080a00000|100%| O|  |TAMS 0x0000000080a00000, 0x0000000080900000| Untracked 
|  10|0x0000000080a00000, 0x0000000080b00000, 0x0000000080b00000|100%| O|  |TAMS 0x0000000080b00000, 0x0000000080a00000| Untracked 
|  11|0x0000000080b00000, 0x0000000080c00000, 0x0000000080c00000|100%| O|  |TAMS 0x0000000080c00000, 0x0000000080b00000| Untracked 
|  12|0x0000000080c00000, 0x0000000080d00000, 0x0000000080d00000|100%| O|  |TAMS 0x0000000080d00000, 0x0000000080c00000| Untracked 
|  13|0x0000000080d00000, 0x0000000080e00000, 0x0000000080e00000|100%| O|  |TAMS 0x0000000080e00000, 0x0000000080d00000| Untracked 
|  14|0x0000000080e00000, 0x0000000080f00000, 0x0000000080f00000|100%| O|  |TAMS 0x0000000080f00000, 0x0000000080e00000| Untracked 
|  15|0x0000000080f00000, 0x0000000081000000, 0x0000000081000000|100%| O|  |TAMS 0x0000000081000000, 0x0000000080f00000| Untracked 
|  16|0x0000000081000000, 0x00000000810b4200, 0x0000000081100000| 70%| O|  |TAMS 0x00000000810b4200, 0x0000000081000000| Untracked 
|  17|0x0000000081100000, 0x0000000081100000, 0x0000000081200000|  0%| F|  |TAMS 0x0000000081100000, 0x0000000081100000| Untracked 
|  18|0x0000000081200000, 0x0000000081200000, 0x0000000081300000|  0%| F|  |TAMS 0x0000000081200000, 0x0000000081200000| Untracked 
|  19|0x0000000081300000, 0x0000000081300000, 0x0000000081400000|  0%| F|  |TAMS 0x0000000081300000, 0x0000000081300000| Untracked 
|  20|0x0000000081400000, 0x0000000081400000, 0x0000000081500000|  0%| F|  |TAMS 0x0000000081400000, 0x0000000081400000| Untracked 
|  21|0x0000000081500000, 0x0000000081500000, 0x0000000081600000|  0%| F|  |TAMS 0x0000000081500000, 0x0000000081500000| Untracked 
|  22|0x0000000081600000, 0x0000000081600000, 0x0000000081700000|  0%| F|  |TAMS 0x0000000081600000, 0x0000000081600000| Untracked 
|  23|0x0000000081700000, 0x0000000081700000, 0x0000000081800000|  0%| F|  |TAMS 0x0000000081700000, 0x0000000081700000| Untracked 
|  24|0x0000000081800000, 0x0000000081800000, 0x0000000081900000|  0%| F|  |TAMS 0x0000000081800000, 0x0000000081800000| Untracked 
|  25|0x0000000081900000, 0x0000000081900000, 0x0000000081a00000|  0%| F|  |TAMS 0x0000000081900000, 0x0000000081900000| Untracked 
|  26|0x0000000081a00000, 0x0000000081a00000, 0x0000000081b00000|  0%| F|  |TAMS 0x0000000081a00000, 0x0000000081a00000| Untracked 
|  27|0x0000000081b00000, 0x0000000081b00000, 0x0000000081c00000|  0%| F|  |TAMS 0x0000000081b00000, 0x0000000081b00000| Untracked 
|  28|0x0000000081c00000, 0x0000000081c00000, 0x0000000081d00000|  0%| F|  |TAMS 0x0000000081c00000, 0x0000000081c00000| Untracked 
|  29|0x0000000081d00000, 0x0000000081d00000, 0x0000000081e00000|  0%| F|  |TAMS 0x0000000081d00000, 0x0000000081d00000| Untracked 
|  30|0x0000000081e00000, 0x0000000081e00000, 0x0000000081f00000|  0%| F|  |TAMS 0x0000000081e00000, 0x0000000081e00000| Untracked 
|  31|0x0000000081f00000, 0x0000000081f00000, 0x0000000082000000|  0%| F|  |TAMS 0x0000000081f00000, 0x0000000081f00000| Untracked 
|  32|0x0000000082000000, 0x0000000082000000, 0x0000000082100000|  0%| F|  |TAMS 0x0000000082000000, 0x0000000082000000| Untracked 
|  33|0x0000000082100000, 0x0000000082100000, 0x0000000082200000|  0%| F|  |TAMS 0x0000000082100000, 0x0000000082100000| Untracked 
|  34|0x0000000082200000, 0x0000000082200000, 0x0000000082300000|  0%| F|  |TAMS 0x0000000082200000, 0x0000000082200000| Untracked 
|  35|0x0000000082300000, 0x0000000082300000, 0x0000000082400000|  0%| F|  |TAMS 0x0000000082300000, 0x0000000082300000| Untracked 
|  36|0x0000000082400000, 0x0000000082400000, 0x0000000082500000|  0%| F|  |TAMS 0x0000000082400000, 0x0000000082400000| Untracked 
|  37|0x0000000082500000, 0x0000000082500000, 0x0000000082600000|  0%| F|  |TAMS 0x0000000082500000, 0x0000000082500000| Untracked 
|  38|0x0000000082600000, 0x0000000082600000, 0x0000000082700000|  0%| F|  |TAMS 0x0000000082600000, 0x0000000082600000| Untracked 
|  39|0x0000000082700000, 0x0000000082700000, 0x0000000082800000|  0%| F|  |TAMS 0x0000000082700000, 0x0000000082700000| Untracked 
|  40|0x0000000082800000, 0x0000000082800000, 0x0000000082900000|  0%| F|  |TAMS 0x0000000082800000, 0x0000000082800000| Untracked 
|  41|0x0000000082900000, 0x0000000082900000, 0x0000000082a00000|  0%| F|  |TAMS 0x0000000082900000, 0x0000000082900000| Untracked 
|  42|0x0000000082a00000, 0x0000000082a00000, 0x0000000082b00000|  0%| F|  |TAMS 0x0000000082a00000, 0x0000000082a00000| Untracked 
|  43|0x0000000082b00000, 0x0000000082b00000, 0x0000000082c00000|  0%| F|  |TAMS 0x0000000082b00000, 0x0000000082b00000| Untracked 
|  44|0x0000000082c00000, 0x0000000082c00000, 0x0000000082d00000|  0%| F|  |TAMS 0x0000000082c00000, 0x0000000082c00000| Untracked 
|  45|0x0000000082d00000, 0x0000000082d00000, 0x0000000082e00000|  0%| F|  |TAMS 0x0000000082d00000, 0x0000000082d00000| Untracked 
|  46|0x0000000082e00000, 0x0000000082e00000, 0x0000000082f00000|  0%| F|  |TAMS 0x0000000082e00000, 0x0000000082e00000| Untracked 
|  47|0x0000000082f00000, 0x0000000082f00000, 0x0000000083000000|  0%| F|  |TAMS 0x0000000082f00000, 0x0000000082f00000| Untracked 
|  48|0x0000000083000000, 0x0000000083000000, 0x0000000083100000|  0%| F|  |TAMS 0x0000000083000000, 0x0000000083000000| Untracked 
|  49|0x0000000083100000, 0x0000000083100000, 0x0000000083200000|  0%| F|  |TAMS 0x0000000083100000, 0x0000000083100000| Untracked 
|  50|0x0000000083200000, 0x0000000083200000, 0x0000000083300000|  0%| F|  |TAMS 0x0000000083200000, 0x0000000083200000| Untracked 
|  51|0x0000000083300000, 0x0000000083300000, 0x0000000083400000|  0%| F|  |TAMS 0x0000000083300000, 0x0000000083300000| Untracked 
|  52|0x0000000083400000, 0x0000000083400000, 0x0000000083500000|  0%| F|  |TAMS 0x0000000083400000, 0x0000000083400000| Untracked 
|  53|0x0000000083500000, 0x0000000083500000, 0x0000000083600000|  0%| F|  |TAMS 0x0000000083500000, 0x0000000083500000| Untracked 
|  54|0x0000000083600000, 0x0000000083600000, 0x0000000083700000|  0%| F|  |TAMS 0x0000000083600000, 0x0000000083600000| Untracked 
|  55|0x0000000083700000, 0x0000000083700000, 0x0000000083800000|  0%| F|  |TAMS 0x0000000083700000, 0x0000000083700000| Untracked 
|  56|0x0000000083800000, 0x0000000083800000, 0x0000000083900000|  0%| F|  |TAMS 0x0000000083800000, 0x0000000083800000| Untracked 
|  57|0x0000000083900000, 0x0000000083900000, 0x0000000083a00000|  0%| F|  |TAMS 0x0000000083900000, 0x0000000083900000| Untracked 
|  58|0x0000000083a00000, 0x0000000083a00000, 0x0000000083b00000|  0%| F|  |TAMS 0x0000000083a00000, 0x0000000083a00000| Untracked 
|  59|0x0000000083b00000, 0x0000000083b00000, 0x0000000083c00000|  0%| F|  |TAMS 0x0000000083b00000, 0x0000000083b00000| Untracked 
|  60|0x0000000083c00000, 0x0000000083c00000, 0x0000000083d00000|  0%| F|  |TAMS 0x0000000083c00000, 0x0000000083c00000| Untracked 
|  61|0x0000000083d00000, 0x0000000083d00000, 0x0000000083e00000|  0%| F|  |TAMS 0x0000000083d00000, 0x0000000083d00000| Untracked 
|  62|0x0000000083e00000, 0x0000000083e00000, 0x0000000083f00000|  0%| F|  |TAMS 0x0000000083e00000, 0x0000000083e00000| Untracked 
|  63|0x0000000083f00000, 0x0000000083f00000, 0x0000000084000000|  0%| F|  |TAMS 0x0000000083f00000, 0x0000000083f00000| Untracked 
|  64|0x0000000084000000, 0x0000000084000000, 0x0000000084100000|  0%| F|  |TAMS 0x0000000084000000, 0x0000000084000000| Untracked 
|  65|0x0000000084100000, 0x0000000084100000, 0x0000000084200000|  0%| F|  |TAMS 0x0000000084100000, 0x0000000084100000| Untracked 
|  66|0x0000000084200000, 0x0000000084200000, 0x0000000084300000|  0%| F|  |TAMS 0x0000000084200000, 0x0000000084200000| Untracked 
|  67|0x0000000084300000, 0x0000000084300000, 0x0000000084400000|  0%| F|  |TAMS 0x0000000084300000, 0x0000000084300000| Untracked 
|  68|0x0000000084400000, 0x0000000084400000, 0x0000000084500000|  0%| F|  |TAMS 0x0000000084400000, 0x0000000084400000| Untracked 
|  69|0x0000000084500000, 0x0000000084500000, 0x0000000084600000|  0%| F|  |TAMS 0x0000000084500000, 0x0000000084500000| Untracked 
|  70|0x0000000084600000, 0x0000000084600000, 0x0000000084700000|  0%| F|  |TAMS 0x0000000084600000, 0x0000000084600000| Untracked 
|  71|0x0000000084700000, 0x0000000084700000, 0x0000000084800000|  0%| F|  |TAMS 0x0000000084700000, 0x0000000084700000| Untracked 
|  72|0x0000000084800000, 0x0000000084800000, 0x0000000084900000|  0%| F|  |TAMS 0x0000000084800000, 0x0000000084800000| Untracked 
|  73|0x0000000084900000, 0x0000000084900000, 0x0000000084a00000|  0%| F|  |TAMS 0x0000000084900000, 0x0000000084900000| Untracked 
|  74|0x0000000084a00000, 0x0000000084a00000, 0x0000000084b00000|  0%| F|  |TAMS 0x0000000084a00000, 0x0000000084a00000| Untracked 
|  75|0x0000000084b00000, 0x0000000084b00000, 0x0000000084c00000|  0%| F|  |TAMS 0x0000000084b00000, 0x0000000084b00000| Untracked 
|  76|0x0000000084c00000, 0x0000000084c00000, 0x0000000084d00000|  0%| F|  |TAMS 0x0000000084c00000, 0x0000000084c00000| Untracked 
|  77|0x0000000084d00000, 0x0000000084d00000, 0x0000000084e00000|  0%| F|  |TAMS 0x0000000084d00000, 0x0000000084d00000| Untracked 
|  78|0x0000000084e00000, 0x0000000084e00000, 0x0000000084f00000|  0%| F|  |TAMS 0x0000000084e00000, 0x0000000084e00000| Untracked 
|  79|0x0000000084f00000, 0x0000000084f00000, 0x0000000085000000|  0%| F|  |TAMS 0x0000000084f00000, 0x0000000084f00000| Untracked 
|  80|0x0000000085000000, 0x0000000085000000, 0x0000000085100000|  0%| F|  |TAMS 0x0000000085000000, 0x0000000085000000| Untracked 
|  81|0x0000000085100000, 0x0000000085100000, 0x0000000085200000|  0%| F|  |TAMS 0x0000000085100000, 0x0000000085100000| Untracked 
|  82|0x0000000085200000, 0x0000000085200000, 0x0000000085300000|  0%| F|  |TAMS 0x0000000085200000, 0x0000000085200000| Untracked 
|  83|0x0000000085300000, 0x0000000085300000, 0x0000000085400000|  0%| F|  |TAMS 0x0000000085300000, 0x0000000085300000| Untracked 
|  84|0x0000000085400000, 0x0000000085400000, 0x0000000085500000|  0%| F|  |TAMS 0x0000000085400000, 0x0000000085400000| Untracked 
|  85|0x0000000085500000, 0x0000000085500000, 0x0000000085600000|  0%| F|  |TAMS 0x0000000085500000, 0x0000000085500000| Untracked 
|  86|0x0000000085600000, 0x0000000085700000, 0x0000000085700000|100%| E|  |TAMS 0x0000000085600000, 0x0000000085600000| Complete 
|  87|0x0000000085700000, 0x0000000085800000, 0x0000000085800000|100%| E|CS|TAMS 0x0000000085700000, 0x0000000085700000| Complete 
|  88|0x0000000085800000, 0x0000000085900000, 0x0000000085900000|100%| E|CS|TAMS 0x0000000085800000, 0x0000000085800000| Complete 
|  89|0x0000000085900000, 0x0000000085a00000, 0x0000000085a00000|100%| E|CS|TAMS 0x0000000085900000, 0x0000000085900000| Complete 
|  90|0x0000000085a00000, 0x0000000085b00000, 0x0000000085b00000|100%| E|CS|TAMS 0x0000000085a00000, 0x0000000085a00000| Complete 
|  91|0x0000000085b00000, 0x0000000085c00000, 0x0000000085c00000|100%| E|CS|TAMS 0x0000000085b00000, 0x0000000085b00000| Complete 
|  92|0x0000000085c00000, 0x0000000085d00000, 0x0000000085d00000|100%| E|CS|TAMS 0x0000000085c00000, 0x0000000085c00000| Complete 
|  93|0x0000000085d00000, 0x0000000085e00000, 0x0000000085e00000|100%| E|CS|TAMS 0x0000000085d00000, 0x0000000085d00000| Complete 
|  94|0x0000000085e00000, 0x0000000085ef0750, 0x0000000085f00000| 93%| S|CS|TAMS 0x0000000085e00000, 0x0000000085e00000| Complete 
|  95|0x0000000085f00000, 0x0000000086000000, 0x0000000086000000|100%| E|CS|TAMS 0x0000000085f00000, 0x0000000085f00000| Complete 
|  96|0x0000000086000000, 0x0000000086100000, 0x0000000086100000|100%| E|CS|TAMS 0x0000000086000000, 0x0000000086000000| Complete 
|  97|0x0000000086100000, 0x0000000086200000, 0x0000000086200000|100%| E|CS|TAMS 0x0000000086100000, 0x0000000086100000| Complete 
|  98|0x0000000086200000, 0x0000000086300000, 0x0000000086300000|100%| E|CS|TAMS 0x0000000086200000, 0x0000000086200000| Complete 
|  99|0x0000000086300000, 0x0000000086400000, 0x0000000086400000|100%| E|CS|TAMS 0x0000000086300000, 0x0000000086300000| Complete 
| 100|0x0000000086400000, 0x0000000086500000, 0x0000000086500000|100%| E|CS|TAMS 0x0000000086400000, 0x0000000086400000| Complete 
| 101|0x0000000086500000, 0x0000000086600000, 0x0000000086600000|100%| E|CS|TAMS 0x0000000086500000, 0x0000000086500000| Complete 
| 102|0x0000000086600000, 0x0000000086700000, 0x0000000086700000|100%| E|CS|TAMS 0x0000000086600000, 0x0000000086600000| Complete 
| 103|0x0000000086700000, 0x0000000086800000, 0x0000000086800000|100%| E|CS|TAMS 0x0000000086700000, 0x0000000086700000| Complete 
| 104|0x0000000086800000, 0x0000000086900000, 0x0000000086900000|100%| E|CS|TAMS 0x0000000086800000, 0x0000000086800000| Complete 
| 105|0x0000000086900000, 0x0000000086a00000, 0x0000000086a00000|100%| E|CS|TAMS 0x0000000086900000, 0x0000000086900000| Complete 
| 106|0x0000000086a00000, 0x0000000086b00000, 0x0000000086b00000|100%| E|CS|TAMS 0x0000000086a00000, 0x0000000086a00000| Complete 
| 107|0x0000000086b00000, 0x0000000086c00000, 0x0000000086c00000|100%| E|CS|TAMS 0x0000000086b00000, 0x0000000086b00000| Complete 
| 108|0x0000000086c00000, 0x0000000086d00000, 0x0000000086d00000|100%| E|CS|TAMS 0x0000000086c00000, 0x0000000086c00000| Complete 
| 109|0x0000000086d00000, 0x0000000086e00000, 0x0000000086e00000|100%| E|CS|TAMS 0x0000000086d00000, 0x0000000086d00000| Complete 
| 110|0x0000000086e00000, 0x0000000086f00000, 0x0000000086f00000|100%| E|CS|TAMS 0x0000000086e00000, 0x0000000086e00000| Complete 
| 111|0x0000000086f00000, 0x0000000087000000, 0x0000000087000000|100%| E|CS|TAMS 0x0000000086f00000, 0x0000000086f00000| Complete 
| 112|0x0000000087000000, 0x0000000087100000, 0x0000000087100000|100%| E|CS|TAMS 0x0000000087000000, 0x0000000087000000| Complete 
| 113|0x0000000087100000, 0x0000000087200000, 0x0000000087200000|100%| E|CS|TAMS 0x0000000087100000, 0x0000000087100000| Complete 
| 114|0x0000000087200000, 0x0000000087300000, 0x0000000087300000|100%| E|CS|TAMS 0x0000000087200000, 0x0000000087200000| Complete 
| 115|0x0000000087300000, 0x0000000087400000, 0x0000000087400000|100%| E|CS|TAMS 0x0000000087300000, 0x0000000087300000| Complete 
| 116|0x0000000087400000, 0x0000000087500000, 0x0000000087500000|100%| E|CS|TAMS 0x0000000087400000, 0x0000000087400000| Complete 
| 117|0x0000000087500000, 0x0000000087600000, 0x0000000087600000|100%| E|CS|TAMS 0x0000000087500000, 0x0000000087500000| Complete 

Card table byte_map: [0x000001b3ec000000,0x000001b3ec400000] _byte_map_base: 0x000001b3ebc00000

Marking Bits (Prev, Next): (CMBitMap*) 0x000001b3d41a0540, (CMBitMap*) 0x000001b3d41a0508
 Prev Bits: [0x000001b3ee800000, 0x000001b3f0800000)
 Next Bits: [0x000001b3ec800000, 0x000001b3ee800000)

Polling page: 0x000001b3d2150000

Metaspace:

Usage:
  Non-class:     20.67 MB capacity,    20.34 MB ( 98%) used,   294.35 KB (  1%) free+waste,    47.44 KB ( <1%) overhead. 
      Class:      3.13 MB capacity,     2.90 MB ( 93%) used,   214.70 KB (  7%) free+waste,    23.88 KB ( <1%) overhead. 
       Both:     23.80 MB capacity,    23.23 MB ( 98%) used,   509.05 KB (  2%) free+waste,    71.31 KB ( <1%) overhead. 

Virtual space:
  Non-class space:       22.00 MB reserved,      20.92 MB ( 95%) committed 
      Class space:      504.00 MB reserved,       3.25 MB ( <1%) committed 
             Both:      526.00 MB reserved,      24.17 MB (  5%) committed 

Chunk freelists:
   Non-Class:  64.00 KB
       Class:  27.00 KB
        Both:  91.00 KB

MaxMetaspaceSize: 512.00 MB
CompressedClassSpaceSize: 504.00 MB
Initial GC threshold: 20.80 MB
Current GC threshold: 35.08 MB
CDS: off

CodeHeap 'non-profiled nmethods': size=120000Kb used=1089Kb max_used=1089Kb free=118910Kb
 bounds [0x000001b3e43a0000, 0x000001b3e4610000, 0x000001b3eb8d0000]
CodeHeap 'profiled nmethods': size=120000Kb used=4723Kb max_used=4723Kb free=115276Kb
 bounds [0x000001b3dce70000, 0x000001b3dd310000, 0x000001b3e43a0000]
CodeHeap 'non-nmethods': size=5760Kb used=1221Kb max_used=1256Kb free=4538Kb
 bounds [0x000001b3dc8d0000, 0x000001b3dcb40000, 0x000001b3dce70000]
 total_blobs=2699 nmethods=2197 adapters=414
 compilation: enabled
              stopped_count=0, restarted_count=0
 full_count=0

Compilation events (20 events):
Event: 16.506 Thread 0x000001b3f3257800 nmethod 2189 0x000001b3dd304b10 code [0x000001b3dd304cc0, 0x000001b3dd304e38]
Event: 16.506 Thread 0x000001b3f3254000 2190       4       java.lang.ClassNotFoundException::<init> (7 bytes)
Event: 16.512 Thread 0x000001b3f3254000 nmethod 2190 0x000001b3e44af190 code [0x000001b3e44af340, 0x000001b3e44afa88]
Event: 16.539 Thread 0x000001b3f3257800 2191   !   3       org.gradle.internal.classloader.TransformingClassLoader::findClass (203 bytes)
Event: 16.542 Thread 0x000001b3f3257800 nmethod 2191 0x000001b3dd304f10 code [0x000001b3dd305460, 0x000001b3dd307d78]
Event: 16.542 Thread 0x000001b3f3257800 2192       3       org.gradle.initialization.MixInLegacyTypesClassLoader::shouldTransform (42 bytes)
Event: 16.543 Thread 0x000001b3f3257800 nmethod 2192 0x000001b3dd308d90 code [0x000001b3dd308f80, 0x000001b3dd309378]
Event: 16.604 Thread 0x000001b3f3254000 2193       4       java.net.URLClassLoader$1::run (5 bytes)
Event: 16.605 Thread 0x000001b3f3257800 2194       3       org.gradle.internal.service.AbstractServiceMethod::<init> (42 bytes)
Event: 16.607 Thread 0x000001b3f3257800 nmethod 2194 0x000001b3dd309510 code [0x000001b3dd309880, 0x000001b3dd30b388]
Event: 16.609 Thread 0x000001b3f3257800 2195       3       org.gradle.internal.service.DefaultServiceRegistry$FactoryMethodService::<init> (22 bytes)
Event: 16.610 Thread 0x000001b3f3257800 nmethod 2195 0x000001b3dd30bb10 code [0x000001b3dd30bd60, 0x000001b3dd30c7a8]
Event: 16.970 Thread 0x000001b3f3257800 2197       1       javax.management.ObjectName$Property::setKeyIndex (6 bytes)
Event: 16.970 Thread 0x000001b3f3257800 nmethod 2197 0x000001b3e44afc10 code [0x000001b3e44afdc0, 0x000001b3e44afe78]
Event: 16.972 Thread 0x000001b3f3257800 2198       1       java.util.Spliterators$EmptySpliterator::characteristics (4 bytes)
Event: 16.973 Thread 0x000001b3f3257800 nmethod 2198 0x000001b3e44aff10 code [0x000001b3e44b00c0, 0x000001b3e44b0178]
Event: 16.973 Thread 0x000001b3f3257800 2199       1       sun.management.MemoryPoolImpl::getName (5 bytes)
Event: 16.973 Thread 0x000001b3f3257800 nmethod 2199 0x000001b3e44b0210 code [0x000001b3e44b03c0, 0x000001b3e44b0478]
Event: 16.977 Thread 0x000001b3f3257800 2200       3       java.util.concurrent.locks.ReentrantLock$Sync::isHeldExclusively (16 bytes)
Event: 16.978 Thread 0x000001b3f3257800 nmethod 2200 0x000001b3dd30cb10 code [0x000001b3dd30ccc0, 0x000001b3dd30ce58]

GC Heap History (6 events):
Event: 5.584 GC heap before
{Heap before GC invocations=0 (full 0):
 garbage-first heap   total 120832K, used 27648K [0x0000000080000000, 0x0000000100000000)
  region size 1024K, 24 young (24576K), 0 survivors (0K)
 Metaspace       used 10123K, capacity 10390K, committed 10624K, reserved 526336K
  class space    used 1030K, capacity 1107K, committed 1152K, reserved 516096K
}
Event: 5.602 GC heap after
{Heap after GC invocations=1 (full 0):
 garbage-first heap   total 120832K, used 10549K [0x0000000080000000, 0x0000000100000000)
  region size 1024K, 3 young (3072K), 3 survivors (3072K)
 Metaspace       used 10123K, capacity 10390K, committed 10624K, reserved 526336K
  class space    used 1030K, capacity 1107K, committed 1152K, reserved 516096K
}
Event: 13.368 GC heap before
{Heap before GC invocations=1 (full 0):
 garbage-first heap   total 120832K, used 79157K [0x0000000080000000, 0x0000000100000000)
  region size 1024K, 70 young (71680K), 3 survivors (3072K)
 Metaspace       used 17543K, capacity 17909K, committed 18048K, reserved 532480K
  class space    used 2016K, capacity 2146K, committed 2176K, reserved 516096K
}
Event: 13.385 GC heap after
{Heap after GC invocations=2 (full 0):
 garbage-first heap   total 120832K, used 17558K [0x0000000080000000, 0x0000000100000000)
  region size 1024K, 9 young (9216K), 9 survivors (9216K)
 Metaspace       used 17543K, capacity 17909K, committed 18048K, reserved 532480K
  class space    used 2016K, capacity 2146K, committed 2176K, reserved 516096K
}
Event: 14.621 GC heap before
{Heap before GC invocations=2 (full 0):
 garbage-first heap   total 120832K, used 39062K [0x0000000080000000, 0x0000000100000000)
  region size 1024K, 32 young (32768K), 9 survivors (9216K)
 Metaspace       used 20751K, capacity 21156K, committed 21296K, reserved 536576K
  class space    used 2477K, capacity 2620K, committed 2688K, reserved 516096K
}
Event: 14.630 GC heap after
{Heap after GC invocations=3 (full 0):
 garbage-first heap   total 120832K, used 18066K [0x0000000080000000, 0x0000000100000000)
  region size 1024K, 1 young (1024K), 1 survivors (1024K)
 Metaspace       used 20751K, capacity 21156K, committed 21296K, reserved 536576K
  class space    used 2477K, capacity 2620K, committed 2688K, reserved 516096K
}

Deoptimization events (20 events):
Event: 15.083 Thread 0x000001b3f4faa800 Uncommon trap: trap_request=0xffffffc6 fr.pc=0x000001b3e441c024 relative=0x0000000000000084
Event: 15.083 Thread 0x000001b3f4faa800 Uncommon trap: reason=bimorphic_or_optimized_type_check action=maybe_recompile pc=0x000001b3e441c024 method=java.util.AbstractList$Itr.hasNext()Z @ 8 c2
Event: 15.083 Thread 0x000001b3f4faa800 DEOPT PACKING pc=0x000001b3e441c024 sp=0x00000073163fbfd0
Event: 15.083 Thread 0x000001b3f4faa800 DEOPT UNPACKING pc=0x000001b3dc91a1af sp=0x00000073163fbf68 mode 2
Event: 15.083 Thread 0x000001b3f4faa800 Uncommon trap: trap_request=0xffffffc6 fr.pc=0x000001b3e441c3d4 relative=0x0000000000000114
Event: 15.083 Thread 0x000001b3f4faa800 Uncommon trap: reason=bimorphic_or_optimized_type_check action=maybe_recompile pc=0x000001b3e441c3d4 method=java.util.AbstractList$Itr.next()Ljava/lang/Object; @ 14 c2
Event: 15.083 Thread 0x000001b3f4faa800 DEOPT PACKING pc=0x000001b3e441c3d4 sp=0x00000073163fbfc0
Event: 15.083 Thread 0x000001b3f4faa800 DEOPT UNPACKING pc=0x000001b3dc91a1af sp=0x00000073163fbf58 mode 2
Event: 15.083 Thread 0x000001b3f4faa800 Uncommon trap: trap_request=0xffffff4d fr.pc=0x000001b3e4418264 relative=0x00000000000005a4
Event: 15.083 Thread 0x000001b3f4faa800 Uncommon trap: reason=unstable_if action=reinterpret pc=0x000001b3e4418264 method=java.io.File.getName()Ljava/lang/String; @ 16 c2
Event: 15.083 Thread 0x000001b3f4faa800 DEOPT PACKING pc=0x000001b3e4418264 sp=0x00000073163fca00
Event: 15.083 Thread 0x000001b3f4faa800 DEOPT UNPACKING pc=0x000001b3dc91a1af sp=0x00000073163fc9d0 mode 2
Event: 15.083 Thread 0x000001b3f4faa800 Uncommon trap: trap_request=0xffffff4d fr.pc=0x000001b3e44141ac relative=0x00000000000004ec
Event: 15.083 Thread 0x000001b3f4faa800 Uncommon trap: reason=unstable_if action=reinterpret pc=0x000001b3e44141ac method=java.lang.String.substring(I)Ljava/lang/String; @ 34 c2
Event: 15.083 Thread 0x000001b3f4faa800 DEOPT PACKING pc=0x000001b3e44141ac sp=0x00000073163fc980
Event: 15.083 Thread 0x000001b3f4faa800 DEOPT UNPACKING pc=0x000001b3dc91a1af sp=0x00000073163fc958 mode 2
Event: 15.479 Thread 0x000001b3f4faa800 Uncommon trap: trap_request=0xffffffcc fr.pc=0x000001b3e449b2e4 relative=0x0000000000000324
Event: 15.479 Thread 0x000001b3f4faa800 Uncommon trap: reason=intrinsic_or_type_checked_inlining action=make_not_entrant pc=0x000001b3e449b2e4 method=java.util.Arrays.copyOf([Ljava/lang/Object;ILjava/lang/Class;)[Ljava/lang/Object; @ 35 c2
Event: 15.479 Thread 0x000001b3f4faa800 DEOPT PACKING pc=0x000001b3e449b2e4 sp=0x00000073163fd330
Event: 15.479 Thread 0x000001b3f4faa800 DEOPT UNPACKING pc=0x000001b3dc91a1af sp=0x00000073163fd2c0 mode 2

Classes redefined (0 events):
No events

Internal exceptions (20 events):
Event: 11.653 Thread 0x000001b3d415e800 Exception <a 'java/io/IOException'{0x00000000837e41c0}> (0x00000000837e41c0) thrown at [./src/hotspot/share/prims/jni.cpp, line 617]
Event: 13.305 Thread 0x000001b3f4faa800 Exception <a 'java/lang/NoSuchMethodError'{0x000000008302fdb8}: 'long java.lang.invoke.DirectMethodHandle$Holder.invokeInterface(java.lang.Object, java.lang.Object)'> (0x000000008302fdb8) thrown at [./src/hotspot/share/interpreter/linkResolver.cpp, line 773]
Event: 13.351 Thread 0x000001b3f4faa800 Exception <a 'java/lang/NoSuchMethodError'{0x000000008308d5d8}: 'java.lang.Object java.lang.invoke.DirectMethodHandle$Holder.invokeVirtual(java.lang.Object, java.lang.Object, java.lang.Object)'> (0x000000008308d5d8) thrown at [./src/hotspot/share/interpreter/linkResolver.cpp, line 773]
Event: 13.833 Thread 0x000001b3f4faa800 Exception <a 'java/lang/NoSuchMethodError'{0x0000000086c9ac88}: 'java.lang.Object java.lang.invoke.Invokers$Holder.linkToTargetMethod(java.lang.Object, java.lang.Object, java.lang.Object, java.lang.Object, java.lang.Object, java.lang.Object)'> (0x0000000086c9ac88) thrown at [./src/hotspot/share/interpreter/linkResolver.cpp, line 773]
Event: 13.839 Thread 0x000001b3f4faa800 Exception <a 'java/lang/NoSuchMethodError'{0x0000000086cc8e00}: 'void java.lang.invoke.DirectMethodHandle$Holder.invokeSpecial(java.lang.Object, java.lang.Object, java.lang.Object, java.lang.Object, java.lang.Object, java.lang.Object)'> (0x0000000086cc8e00) thrown at [./src/hotspot/share/interpreter/linkResolver.cpp, line 773]
Event: 13.849 Thread 0x000001b3f4faa800 Exception <a 'java/lang/NoSuchMethodError'{0x0000000086cf6d18}: 'java.lang.Object java.lang.invoke.DirectMethodHandle$Holder.invokeSpecial(java.lang.Object, java.lang.Object, java.lang.Object, java.lang.Object, java.lang.Object, java.lang.Object, java.lang.Object, java.lang.Object, int, int)'> (0x0000000086cf6d18) thrown at [./src/hotspot/share/interpreter/linkResolver.cpp, line 773]
Event: 13.890 Thread 0x000001b3f4faa800 Exception <a 'java/lang/NoSuchMethodError'{0x0000000086a1a4d0}: 'java.lang.Object java.lang.invoke.DirectMethodHandle$Holder.invokeStatic(java.lang.Object, java.lang.Object, java.lang.Object, int, java.lang.Object, java.lang.Object)'> (0x0000000086a1a4d0) thrown at [./src/hotspot/share/interpreter/linkResolver.cpp, line 773]
Event: 13.892 Thread 0x000001b3f4faa800 Exception <a 'java/lang/NoSuchMethodError'{0x0000000086a21938}: 'java.lang.Object java.lang.invoke.Invokers$Holder.linkToTargetMethod(java.lang.Object, java.lang.Object, int, java.lang.Object, java.lang.Object, java.lang.Object)'> (0x0000000086a21938) thrown at [./src/hotspot/share/interpreter/linkResolver.cpp, line 773]
Event: 14.098 Thread 0x000001b3f4faa800 Exception <a 'java/lang/NoSuchMethodError'{0x0000000086877de0}: 'void java.lang.invoke.DelegatingMethodHandle$Holder.reinvoke_L(java.lang.Object, java.lang.Object, java.lang.Object, java.lang.Object, java.lang.Object, java.lang.Object, java.lang.Object, java.lang.Object, java.lang.Object, java.lang.Object, java.lang.Object)'> (0x0000000086877de0) thrown at [./src/hotspot/share/interpreter/linkResolver.cpp, line 773]
Event: 14.100 Thread 0x000001b3f4faa800 Exception <a 'java/lang/NoSuchMethodError'{0x00000000868804b0}: 'java.lang.Object java.lang.invoke.DirectMethodHandle$Holder.invokeSpecial(java.lang.Object, java.lang.Object, java.lang.Object, java.lang.Object, java.lang.Object, java.lang.Object, java.lang.Object, java.lang.Object, java.lang.Object, java.lang.Object, java.lang.Object)'> (0x00000000868804b0) thrown at [./src/hotspot/share/interpreter/linkResolver.cpp, line 773]
Event: 14.102 Thread 0x000001b3f4faa800 Exception <a 'java/lang/NoSuchMethodError'{0x0000000086884c20}: 'java.lang.Object java.lang.invoke.Invokers$Holder.invoker(java.lang.Object, java.lang.Object, java.lang.Object, java.lang.Object, java.lang.Object, java.lang.Object, java.lang.Object, java.lang.Object, java.lang.Object, java.lang.Object, java.lang.Object)'> (0x0000000086884c20) thrown at [./src/hotspot/share/interpreter/linkResolver.cpp, line 773]
Event: 14.103 Thread 0x000001b3f4faa800 Exception <a 'java/lang/NoSuchMethodError'{0x0000000086889d38}: 'java.lang.Object java.lang.invoke.DirectMethodHandle$Holder.invokeSpecial(java.lang.Object, java.lang.Object, java.lang.Object, java.lang.Object, java.lang.Object, java.lang.Object, java.lang.Object, java.lang.Object, java.lang.Object, java.lang.Object, java.lang.Object, java.lang.Object)'> (0x0000000086889d38) thrown at [./src/hotspot/share/interpreter/linkResolver.cpp, line 773]
Event: 14.162 Thread 0x000001b3f4faa800 Exception <a 'java/lang/NoSuchMethodError'{0x00000000867e7db8}: 'java.lang.Object java.lang.invoke.DirectMethodHandle$Holder.invokeSpecial(java.lang.Object, java.lang.Object, java.lang.Object, java.lang.Object, java.lang.Object, java.lang.Object, java.lang.Object, java.lang.Object, java.lang.Object)'> (0x00000000867e7db8) thrown at [./src/hotspot/share/interpreter/linkResolver.cpp, line 773]
Event: 14.508 Thread 0x000001b3f4faa800 Exception <a 'java/lang/NoSuchMethodError'{0x00000000860db650}: 'void java.lang.invoke.DirectMethodHandle$Holder.invokeStaticInit(java.lang.Object)'> (0x00000000860db650) thrown at [./src/hotspot/share/interpreter/linkResolver.cpp, line 773]
Event: 14.544 Thread 0x000001b3f4faa800 Exception <a 'java/lang/NoSuchMethodError'{0x0000000085f7e478}: 'java.lang.Object java.lang.invoke.DirectMethodHandle$Holder.invokeStatic(java.lang.Object, java.lang.Object, java.lang.Object, int)'> (0x0000000085f7e478) thrown at [./src/hotspot/share/interpreter/linkResolver.cpp, line 773]
Event: 14.551 Thread 0x000001b3f4faa800 Exception <a 'java/lang/NoSuchMethodError'{0x0000000085f82640}: 'java.lang.Object java.lang.invoke.DirectMethodHandle$Holder.invokeSpecial(java.lang.Object, java.lang.Object, java.lang.Object, java.lang.Object, int)'> (0x0000000085f82640) thrown at [./src/hotspot/share/interpreter/linkResolver.cpp, line 773]
Event: 14.552 Thread 0x000001b3f4faa800 Exception <a 'java/lang/NoSuchMethodError'{0x0000000085f86028}: 'java.lang.Object java.lang.invoke.Invokers$Holder.linkToTargetMethod(java.lang.Object, java.lang.Object, int, java.lang.Object)'> (0x0000000085f86028) thrown at [./src/hotspot/share/interpreter/linkResolver.cpp, line 773]
Event: 15.967 Thread 0x000001b3f4faa800 Exception <a 'java/lang/NoSuchMethodError'{0x00000000865af1a8}: 'int java.lang.invoke.DirectMethodHandle$Holder.invokeSpecialIFC(java.lang.Object, java.lang.Object, java.lang.Object, java.lang.Object)'> (0x00000000865af1a8) thrown at [./src/hotspot/share/interpreter/linkResolver.cpp, line 773]
Event: 15.972 Thread 0x000001b3f4faa800 Exception <a 'java/lang/NoSuchMethodError'{0x00000000865bd160}: 'java.lang.Object java.lang.invoke.DirectMethodHandle$Holder.invokeInterface(java.lang.Object, java.lang.Object, java.lang.Object)'> (0x00000000865bd160) thrown at [./src/hotspot/share/interpreter/linkResolver.cpp, line 773]
Event: 15.972 Thread 0x000001b3f4faa800 Exception <a 'java/lang/IncompatibleClassChangeError'{0x00000000865c0638}: Found class java.lang.Object, but interface was expected> (0x00000000865c0638) thrown at [./src/hotspot/share/interpreter/linkResolver.cpp, line 839]

Events (20 events):
Event: 17.018 loading class org/gradle/jvm/toolchain/JavaToolchainResolverRegistry
Event: 17.018 loading class org/gradle/jvm/toolchain/JavaToolchainResolverRegistry done
Event: 17.019 loading class org/gradle/jvm/toolchain/internal/DefaultJvmToolchainManagement
Event: 17.019 loading class org/gradle/jvm/toolchain/internal/DefaultJvmToolchainManagement done
Event: 17.019 loading class org/gradle/jvm/toolchain/JvmToolchainManagement
Event: 17.019 loading class org/gradle/jvm/toolchain/JvmToolchainManagement done
Event: 17.020 loading class org/gradle/platform/internal/DefaultBuildPlatform
Event: 17.020 loading class org/gradle/platform/internal/DefaultBuildPlatform done
Event: 17.021 loading class org/gradle/platform/BuildPlatform
Event: 17.021 loading class org/gradle/platform/BuildPlatform done
Event: 17.023 loading class org/gradle/jvm/toolchain/internal/JavaInstallationRegistry
Event: 17.023 loading class org/gradle/jvm/toolchain/internal/JavaInstallationRegistry done
Event: 17.024 loading class org/gradle/jvm/toolchain/internal/install/JdkCacheDirectory
Event: 17.024 loading class org/gradle/jvm/toolchain/internal/install/JdkCacheDirectory done
Event: 17.027 loading class org/gradle/jvm/toolchain/internal/DefaultJavaToolchainResolverRegistry
Event: 17.027 loading class org/gradle/jvm/toolchain/internal/DefaultJavaToolchainResolverRegistry done
Event: 17.028 loading class org/gradle/jvm/toolchain/internal/JavaToolchainResolverRegistryInternal
Event: 17.028 loading class org/gradle/jvm/toolchain/internal/JavaToolchainResolverRegistryInternal done
Event: 17.030 loading class org/gradle/jvm/toolchain/internal/InstallationSupplier
Event: 17.030 loading class org/gradle/jvm/toolchain/internal/InstallationSupplier done


Dynamic libraries:
0x00007ff7d9a90000 - 0x00007ff7d9a9d000 	C:\Program Files\Microsoft\jdk-11.0.18.10-hotspot\bin\java.exe
0x00007ffb59fd0000 - 0x00007ffb5a1e4000 	C:\WINDOWS\SYSTEM32\ntdll.dll
0x00007ffb58190000 - 0x00007ffb58254000 	C:\WINDOWS\System32\KERNEL32.DLL
0x00007ffb57400000 - 0x00007ffb577a4000 	C:\WINDOWS\System32\KERNELBASE.dll
0x00007ffb577b0000 - 0x00007ffb578c1000 	C:\WINDOWS\System32\ucrtbase.dll
0x00007ffb45f40000 - 0x00007ffb45f55000 	C:\Program Files\Microsoft\jdk-11.0.18.10-hotspot\bin\VCRUNTIME140.dll
0x00007ffb49820000 - 0x00007ffb49837000 	C:\Program Files\Microsoft\jdk-11.0.18.10-hotspot\bin\jli.dll
0x00007ffb405c0000 - 0x00007ffb40853000 	C:\WINDOWS\WinSxS\amd64_microsoft.windows.common-controls_6595b64144ccf1df_6.0.22621.2215_none_270d72677387dfc3\COMCTL32.dll
0x00007ffb590a0000 - 0x00007ffb59147000 	C:\WINDOWS\System32\msvcrt.dll
0x00007ffb57f00000 - 0x00007ffb57f29000 	C:\WINDOWS\System32\GDI32.dll
0x00007ffb57ab0000 - 0x00007ffb57ad6000 	C:\WINDOWS\System32\win32u.dll
0x00007ffb57990000 - 0x00007ffb57aa8000 	C:\WINDOWS\System32\gdi32full.dll
0x00007ffb57cc0000 - 0x00007ffb57d5a000 	C:\WINDOWS\System32\msvcp_win.dll
0x00007ffb59b70000 - 0x00007ffb59d1e000 	C:\WINDOWS\System32\USER32.dll
0x00007ffb58490000 - 0x00007ffb584c1000 	C:\WINDOWS\System32\IMM32.DLL
0x00007ffb379d0000 - 0x00007ffb37a6b000 	C:\Program Files\Microsoft\jdk-11.0.18.10-hotspot\bin\msvcp140.dll
0x00007ffadc290000 - 0x00007ffadce22000 	C:\Program Files\Microsoft\jdk-11.0.18.10-hotspot\bin\server\jvm.dll
0x00007ffb580e0000 - 0x00007ffb58190000 	C:\WINDOWS\System32\ADVAPI32.dll
0x00007ffb583d0000 - 0x00007ffb58476000 	C:\WINDOWS\System32\sechost.dll
0x00007ffb57d60000 - 0x00007ffb57e77000 	C:\WINDOWS\System32\RPCRT4.dll
0x00007ffb59170000 - 0x00007ffb59178000 	C:\WINDOWS\System32\PSAPI.DLL
0x00007ffb4f850000 - 0x00007ffb4f859000 	C:\WINDOWS\SYSTEM32\WSOCK32.dll
0x00007ffb59af0000 - 0x00007ffb59b61000 	C:\WINDOWS\System32\WS2_32.dll
0x00007ffb511a0000 - 0x00007ffb511d4000 	C:\WINDOWS\SYSTEM32\WINMM.dll
0x00007ffb4f860000 - 0x00007ffb4f86a000 	C:\WINDOWS\SYSTEM32\VERSION.dll
0x00007ffb563d0000 - 0x00007ffb563e8000 	C:\WINDOWS\SYSTEM32\kernel.appcore.dll
0x00007ffb4d8a0000 - 0x00007ffb4d8b0000 	C:\Program Files\Microsoft\jdk-11.0.18.10-hotspot\bin\verify.dll
0x00007ffb46540000 - 0x00007ffb4676e000 	C:\WINDOWS\SYSTEM32\DBGHELP.DLL
0x00007ffb59760000 - 0x00007ffb59aea000 	C:\WINDOWS\System32\combase.dll
0x00007ffb58570000 - 0x00007ffb58647000 	C:\WINDOWS\System32\OLEAUT32.dll
0x00007ffb46220000 - 0x00007ffb46252000 	C:\WINDOWS\SYSTEM32\dbgcore.DLL
0x00007ffb57380000 - 0x00007ffb573fa000 	C:\WINDOWS\System32\bcryptPrimitives.dll
0x00007ffb41e50000 - 0x00007ffb41e78000 	C:\Program Files\Microsoft\jdk-11.0.18.10-hotspot\bin\java.dll
0x00007ffb4c4b0000 - 0x00007ffb4c4ba000 	C:\Program Files\Microsoft\jdk-11.0.18.10-hotspot\bin\jimage.dll
0x00007ffb44180000 - 0x00007ffb44198000 	C:\Program Files\Microsoft\jdk-11.0.18.10-hotspot\bin\zip.dll
0x00007ffb58650000 - 0x00007ffb58e73000 	C:\WINDOWS\System32\SHELL32.dll
0x00007ffb552c0000 - 0x00007ffb55baa000 	C:\WINDOWS\SYSTEM32\windows.storage.dll
0x00007ffb55180000 - 0x00007ffb552be000 	C:\WINDOWS\SYSTEM32\wintypes.dll
0x00007ffb582d0000 - 0x00007ffb583c3000 	C:\WINDOWS\System32\SHCORE.dll
0x00007ffb59700000 - 0x00007ffb5975e000 	C:\WINDOWS\System32\shlwapi.dll
0x00007ffb572b0000 - 0x00007ffb572d6000 	C:\WINDOWS\SYSTEM32\profapi.dll
0x00007ffb41e10000 - 0x00007ffb41e29000 	C:\Program Files\Microsoft\jdk-11.0.18.10-hotspot\bin\net.dll
0x00007ffb52990000 - 0x00007ffb52ac7000 	C:\WINDOWS\SYSTEM32\WINHTTP.dll
0x00007ffb56850000 - 0x00007ffb568b9000 	C:\WINDOWS\system32\mswsock.dll
0x00007ffb3da50000 - 0x00007ffb3da63000 	C:\Program Files\Microsoft\jdk-11.0.18.10-hotspot\bin\nio.dll
0x00007ffb3da20000 - 0x00007ffb3da47000 	C:\Users\91913\.gradle\native\68d5fa5c4cc2d200863cafc0d521ce42e7d3e7ee720ec0a83991735586a16f82\windows-amd64\native-platform.dll
0x00007ffb23b20000 - 0x00007ffb23c64000 	C:\Users\91913\.gradle\native\e376f236ea51e6404a007f0833ffe2c6e607c4080706a723a18a27aeea778392\windows-amd64\native-platform-file-events.dll
0x00007ffb4c0c0000 - 0x00007ffb4c0c9000 	C:\Program Files\Microsoft\jdk-11.0.18.10-hotspot\bin\management.dll
0x00007ffb4bc50000 - 0x00007ffb4bc5b000 	C:\Program Files\Microsoft\jdk-11.0.18.10-hotspot\bin\management_ext.dll
0x00007ffb56b10000 - 0x00007ffb56b2b000 	C:\WINDOWS\SYSTEM32\CRYPTSP.dll
0x00007ffb56340000 - 0x00007ffb56375000 	C:\WINDOWS\system32\rsaenh.dll
0x00007ffb569b0000 - 0x00007ffb569dc000 	C:\WINDOWS\SYSTEM32\USERENV.dll
0x00007ffb56d00000 - 0x00007ffb56d28000 	C:\WINDOWS\SYSTEM32\bcrypt.dll
0x00007ffb56b30000 - 0x00007ffb56b3c000 	C:\WINDOWS\SYSTEM32\CRYPTBASE.dll
0x00007ffb55e10000 - 0x00007ffb55e3d000 	C:\WINDOWS\SYSTEM32\IPHLPAPI.DLL
0x00007ffb584d0000 - 0x00007ffb584d9000 	C:\WINDOWS\System32\NSI.dll
0x00007ffb52040000 - 0x00007ffb52059000 	C:\WINDOWS\SYSTEM32\dhcpcsvc6.DLL
0x00007ffb52020000 - 0x00007ffb5203f000 	C:\WINDOWS\SYSTEM32\dhcpcsvc.DLL
0x00007ffb55e40000 - 0x00007ffb55f32000 	C:\WINDOWS\SYSTEM32\DNSAPI.dll

dbghelp: loaded successfully - version: 4.0.5 - missing functions: none
symbol engine: initialized successfully - sym options: 0x614 - pdb path: .;C:\Program Files\Microsoft\jdk-11.0.18.10-hotspot\bin;C:\WINDOWS\SYSTEM32;C:\WINDOWS\WinSxS\amd64_microsoft.windows.common-controls_6595b64144ccf1df_6.0.22621.2215_none_270d72677387dfc3;C:\Program Files\Microsoft\jdk-11.0.18.10-hotspot\bin\server;C:\Users\91913\.gradle\native\68d5fa5c4cc2d200863cafc0d521ce42e7d3e7ee720ec0a83991735586a16f82\windows-amd64;C:\Users\91913\.gradle\native\e376f236ea51e6404a007f0833ffe2c6e607c4080706a723a18a27aeea778392\windows-amd64

VM Arguments:
jvm_args: -XX:MaxMetaspaceSize=512m --add-opens=java.base/java.util=ALL-UNNAMED --add-opens=java.base/java.lang=ALL-UNNAMED --add-opens=java.base/java.lang.invoke=ALL-UNNAMED --add-opens=java.prefs/java.util.prefs=ALL-UNNAMED --add-opens=java.base/java.nio.charset=ALL-UNNAMED --add-opens=java.base/java.net=ALL-UNNAMED --add-opens=java.base/java.util.concurrent.atomic=ALL-UNNAMED -Xmx2048m -Dfile.encoding=windows-1252 -Duser.country=IN -Duser.language=en -Duser.variant 
java_command: org.gradle.launcher.daemon.bootstrap.GradleDaemon 8.0.1
java_class_path (initial): C:\Users\91913\.gradle\wrapper\dists\gradle-8.0.1-all\aro4hu1c3oeioove7l0i4i14o\gradle-8.0.1\lib\gradle-launcher-8.0.1.jar
Launcher Type: SUN_STANDARD

[Global flags]
     intx CICompilerCount                          = 4                                         {product} {ergonomic}
   size_t CompressedClassSpaceSize                 = 528482304                                 {product} {ergonomic}
     uint ConcGCThreads                            = 2                                         {product} {ergonomic}
     uint G1ConcRefinementThreads                  = 8                                         {product} {ergonomic}
   size_t G1HeapRegionSize                         = 1048576                                   {product} {ergonomic}
    uintx GCDrainStackTargetSize                   = 64                                        {product} {ergonomic}
   size_t InitialHeapSize                          = 123731968                                 {product} {ergonomic}
   size_t MarkStackSize                            = 4194304                                   {product} {ergonomic}
   size_t MaxHeapSize                              = 2147483648                                {product} {command line}
   size_t MaxMetaspaceSize                         = 536870912                                 {product} {command line}
   size_t MaxNewSize                               = 1287651328                                {product} {ergonomic}
   size_t MinHeapDeltaBytes                        = 1048576                                   {product} {ergonomic}
    uintx NonNMethodCodeHeapSize                   = 5836300                                {pd product} {ergonomic}
    uintx NonProfiledCodeHeapSize                  = 122910970                              {pd product} {ergonomic}
    uintx ProfiledCodeHeapSize                     = 122910970                              {pd product} {ergonomic}
    uintx ReservedCodeCacheSize                    = 251658240                              {pd product} {ergonomic}
     bool SegmentedCodeCache                       = true                                      {product} {ergonomic}
     bool UseCompressedClassPointers               = true                                 {lp64_product} {ergonomic}
     bool UseCompressedOops                        = true                                 {lp64_product} {ergonomic}
     bool UseG1GC                                  = true                                      {product} {ergonomic}
     bool UseLargePagesIndividualAllocation        = false                                  {pd product} {ergonomic}

Logging:
Log output configuration:
 #0: stdout all=warning uptime,level,tags
 #1: stderr all=off uptime,level,tags

Environment Variables:
JAVA_HOME=C:\Program Files\Microsoft\jdk-11.0.18.10-hotspot\
CLASSPATH=B:\React Native Projects\CloudHotelAuth\android\\gradle\wrapper\gradle-wrapper.jar
PATH=B:\React Native Projects\CloudHotelAuth\node_modules\.bin;B:\React Native Projects\CloudHotelAuth\node_modules\.bin;B:\React Native Projects\node_modules\.bin;B:\node_modules\.bin;C:\Users\91913\AppData\Roaming\nvm\v16.20.2\node_modules\npm\node_modules\@npmcli\run-script\lib\node-gyp-bin;B:\React Native Projects\CloudHotelAuth\node_modules\.bin;B:\React Native Projects\node_modules\.bin;B:\node_modules\.bin;C:\Users\91913\AppData\Roaming\nvm\v16.20.2\node_modules\npm\node_modules\@npmcli\run-script\lib\node-gyp-bin;C:\Program Files\Microsoft\jdk-11.0.18.10-hotspot\bin;C:\Program Files (x86)\Common Files\Oracle\Java\javapath;C:\Program Files\Java\jdk-18.0.1.1\bin;C:\ProgramData\chocolatey\bin;C:\Users\91913\AppData\Local\Android\Sdk\platform-tools;C:\Program Files\Git\cmd;%NVM_HOME%;%NVM_SYMLINK%;C:\Ruby32-x64\bin;C:\windows\system32;C:\Users\91913\AppData\Local\Programs\Microsoft VS Code\bin;C:\Users\91913\AppData\Roaming\nvm;C:\Program Files\nodejs
USERNAME=91913
LANG=en_US.UTF-8
OS=Windows_NT
PROCESSOR_IDENTIFIER=AMD64 Family 23 Model 104 Stepping 1, AuthenticAMD
TMP=C:\Users\91913\AppData\Local\Temp
TEMP=C:\Users\91913\AppData\Local\Temp



---------------  S Y S T E M  ---------------

OS: Windows 11 , 64 bit Build 22621 (10.0.22621.2215)
OS uptime: 15 days 23:47 hours
Hyper-V role detected

CPU:total 8 (initial active 8) (8 cores per cpu, 2 threads per core) family 23 model 104 stepping 1 microcode 0x0, cmov, cx8, fxsr, mmx, sse, sse2, sse3, ssse3, sse4.1, sse4.2, popcnt, avx, avx2, aes, clmul, mmxext, 3dnowpref, lzcnt, sse4a, ht, tsc, tscinvbit, tscinv, bmi1, bmi2, adx, sha, fma

Memory: 4k page, system-wide physical 7502M (246M free)
TotalPageFile size 30030M (AvailPageFile size 1M)
current process WorkingSet (physical memory assigned to process): 194M, peak: 194M
current process commit charge ("private bytes"): 265M, peak: 265M

vm_info: OpenJDK 64-Bit Server VM (11.0.18+10-LTS) for windows-amd64 JRE (11.0.18+10-LTS), built on Jan 18 2023 15:56:47 by "MicrosoftCorporation" with MS VC++ 15.9 (VS2017)

END.
