#
# There is insufficient memory for the Java Runtime Environment to continue.
# Native memory allocation (malloc) failed to allocate 32744 bytes for ChunkPool::allocate
# Possible reasons:
#   The system is out of physical RAM or swap space
#   The process is running with CompressedOops enabled, and the Java Heap may be blocking the growth of the native heap
# Possible solutions:
#   Reduce memory load on the system
#   Increase physical memory or swap space
#   Check if swap backing store is full
#   Decrease Java heap size (-Xmx/-Xms)
#   Decrease number of Java threads
#   Decrease Java thread stack sizes (-Xss)
#   Set larger code cache with -XX:ReservedCodeCacheSize=
#   JVM is running with Unscaled Compressed Oops mode in which the Java heap is
#     placed in the first 4GB address space. The Java Heap base address is the
#     maximum limit for the native heap growth. Please use -XX:HeapBaseMinAddress
#     to set the Java Heap base and to place the Java Heap above 4GB virtual address.
# This output file may be truncated or incomplete.
#
#  Out of Memory Error (./src/hotspot/share/memory/arena.cpp:81), pid=33448, tid=34516
#
# JRE version: OpenJDK Runtime Environment Microsoft-7208460 (11.0.18+10) (build 11.0.18+10-LTS)
# Java VM: OpenJDK 64-Bit Server VM Microsoft-7208460 (11.0.18+10-LTS, mixed mode, tiered, compressed oops, g1 gc, windows-amd64)
# No core dump will be written. Minidumps are not enabled by default on client versions of Windows
#

---------------  S U M M A R Y ------------

Command Line: -Xmx64m -Xms64m -Dorg.gradle.appname=gradlew org.gradle.wrapper.GradleWrapperMain tasks

Host: AMD Ryzen 3 5300U with Radeon Graphics         , 8 cores, 7G,  Windows 11 , 64 bit Build 22621 (10.0.22621.2215)
Time: Sat Sep 30 14:21:12 2023 India Standard Time elapsed time: 61.235450 seconds (0d 0h 1m 1s)

---------------  T H R E A D  ---------------

Current thread (0x00000285fcc9e000):  JavaThread "C2 CompilerThread0" daemon [_thread_in_native, id=34516, stack(0x0000008855a00000,0x0000008855b00000)]


Current CompileTask:
C2:  61235 1315       4       java.net.URI$Parser::scan (76 bytes)

Stack: [0x0000008855a00000,0x0000008855b00000]
Native frames: (J=compiled Java code, j=interpreted, Vv=VM code, C=native code)
V  [jvm.dll+0x62bf8a]
V  [jvm.dll+0x7b8fb9]
V  [jvm.dll+0x7ba6a8]
V  [jvm.dll+0x7bad83]
V  [jvm.dll+0x250248]
V  [jvm.dll+0xc286b]
V  [jvm.dll+0xc2bcc]
V  [jvm.dll+0xc271b]
V  [jvm.dll+0x60978f]
V  [jvm.dll+0x65cf94]
V  [jvm.dll+0x19eead]
V  [jvm.dll+0x209495]
V  [jvm.dll+0x20850d]
V  [jvm.dll+0x18a4b1]
V  [jvm.dll+0x217eec]
V  [jvm.dll+0x21612b]
V  [jvm.dll+0x77bac0]
V  [jvm.dll+0x7749f4]
V  [jvm.dll+0x62adf5]
C  [ucrtbase.dll+0x29363]
C  [KERNEL32.DLL+0x1257d]
C  [ntdll.dll+0x5aa68]


---------------  P R O C E S S  ---------------

Threads class SMR info:
_java_thread_list=0x00000285fd982470, length=11, elements={
0x00000285e1ddc800, 0x00000285fcc96800, 0x00000285fcc98000, 0x00000285fccf3800,
0x00000285fccf5800, 0x00000285fccf6800, 0x00000285fcc9e000, 0x00000285fcca3800,
0x00000285fce59800, 0x00000285fcf66000, 0x00000285fe445800
}

Java Threads: ( => current thread )
  0x00000285e1ddc800 JavaThread "main" [_thread_in_native, id=34556, stack(0x0000008854e00000,0x0000008854f00000)]
  0x00000285fcc96800 JavaThread "Reference Handler" daemon [_thread_blocked, id=33972, stack(0x0000008855500000,0x0000008855600000)]
  0x00000285fcc98000 JavaThread "Finalizer" daemon [_thread_blocked, id=30164, stack(0x0000008855600000,0x0000008855700000)]
  0x00000285fccf3800 JavaThread "Signal Dispatcher" daemon [_thread_blocked, id=30348, stack(0x0000008855700000,0x0000008855800000)]
  0x00000285fccf5800 JavaThread "Attach Listener" daemon [_thread_blocked, id=34148, stack(0x0000008855800000,0x0000008855900000)]
  0x00000285fccf6800 JavaThread "Service Thread" daemon [_thread_blocked, id=34740, stack(0x0000008855900000,0x0000008855a00000)]
=>0x00000285fcc9e000 JavaThread "C2 CompilerThread0" daemon [_thread_in_native, id=34516, stack(0x0000008855a00000,0x0000008855b00000)]
  0x00000285fcca3800 JavaThread "C1 CompilerThread0" daemon [_thread_blocked, id=32612, stack(0x0000008855b00000,0x0000008855c00000)]
  0x00000285fce59800 JavaThread "Sweeper thread" daemon [_thread_blocked, id=32292, stack(0x0000008855c00000,0x0000008855d00000)]
  0x00000285fcf66000 JavaThread "Common-Cleaner" daemon [_thread_blocked, id=34884, stack(0x0000008855e00000,0x0000008855f00000)]
  0x00000285fe445800 JavaThread "pool-1-thread-1" [_thread_blocked, id=33496, stack(0x0000008856000000,0x0000008856100000)]

Other Threads:
  0x00000285fcc59800 VMThread "VM Thread" [stack: 0x0000008855400000,0x0000008855500000] [id=31300]
  0x00000285fcf5e000 WatcherThread [stack: 0x0000008855d00000,0x0000008855e00000] [id=34880]
  0x00000285e1df6000 GCTaskThread "GC Thread#0" [stack: 0x0000008854f00000,0x0000008855000000] [id=31200]
  0x00000285fdfe6800 GCTaskThread "GC Thread#1" [stack: 0x0000008855f00000,0x0000008856000000] [id=21744]
  0x00000285e1dfd000 ConcurrentGCThread "G1 Main Marker" [stack: 0x0000008855000000,0x0000008855100000] [id=31256]
  0x00000285e1dff800 ConcurrentGCThread "G1 Conc#0" [stack: 0x0000008855100000,0x0000008855200000] [id=34076]
  0x00000285e1e65000 ConcurrentGCThread "G1 Refine#0" [stack: 0x0000008855200000,0x0000008855300000] [id=31280]
  0x00000285e1e66000 ConcurrentGCThread "G1 Young RemSet Sampling" [stack: 0x0000008855300000,0x0000008855400000] [id=30580]

Threads with active compile tasks:
C2 CompilerThread0    61252 1315       4       java.net.URI$Parser::scan (76 bytes)

VM state:not at safepoint (normal execution)

VM Mutex/Monitor currently owned by a thread: None

Heap address: 0x00000000fc000000, size: 64 MB, Compressed Oops mode: 32-bit
Narrow klass base: 0x0000000000000000, Narrow klass shift: 3
Compressed class space size: 1073741824 Address: 0x0000000100000000

Heap:
 garbage-first heap   total 65536K, used 27660K [0x00000000fc000000, 0x0000000100000000)
  region size 1024K, 21 young (21504K), 3 survivors (3072K)
 Metaspace       used 15472K, capacity 15772K, committed 16000K, reserved 1062912K
  class space    used 1751K, capacity 1877K, committed 1920K, reserved 1048576K
Heap Regions: E=young(eden), S=young(survivor), O=old, HS=humongous(starts), HC=humongous(continues), CS=collection set, F=free, A=archive, TAMS=top-at-mark-start (previous, next)
|   0|0x00000000fc000000, 0x00000000fc100000, 0x00000000fc100000|100%|HS|  |TAMS 0x00000000fc000000, 0x00000000fc000000| Complete 
|   1|0x00000000fc100000, 0x00000000fc200000, 0x00000000fc200000|100%|HC|  |TAMS 0x00000000fc100000, 0x00000000fc100000| Complete 
|   2|0x00000000fc200000, 0x00000000fc300000, 0x00000000fc300000|100%|HC|  |TAMS 0x00000000fc200000, 0x00000000fc200000| Complete 
|   3|0x00000000fc300000, 0x00000000fc400000, 0x00000000fc400000|100%|HC|  |TAMS 0x00000000fc300000, 0x00000000fc300000| Complete 
|   4|0x00000000fc400000, 0x00000000fc500000, 0x00000000fc500000|100%| O|  |TAMS 0x00000000fc400000, 0x00000000fc400000| Untracked 
|   5|0x00000000fc500000, 0x00000000fc600000, 0x00000000fc600000|100%| O|  |TAMS 0x00000000fc500000, 0x00000000fc500000| Untracked 
|   6|0x00000000fc600000, 0x00000000fc700000, 0x00000000fc700000|100%| O|  |TAMS 0x00000000fc600000, 0x00000000fc600000| Untracked 
|   7|0x00000000fc700000, 0x00000000fc703000, 0x00000000fc800000|  1%| O|  |TAMS 0x00000000fc700000, 0x00000000fc700000| Untracked 
|   8|0x00000000fc800000, 0x00000000fc800000, 0x00000000fc900000|  0%| F|  |TAMS 0x00000000fc800000, 0x00000000fc800000| Untracked 
|   9|0x00000000fc900000, 0x00000000fc900000, 0x00000000fca00000|  0%| F|  |TAMS 0x00000000fc900000, 0x00000000fc900000| Untracked 
|  10|0x00000000fca00000, 0x00000000fca00000, 0x00000000fcb00000|  0%| F|  |TAMS 0x00000000fca00000, 0x00000000fca00000| Untracked 
|  11|0x00000000fcb00000, 0x00000000fcb00000, 0x00000000fcc00000|  0%| F|  |TAMS 0x00000000fcb00000, 0x00000000fcb00000| Untracked 
|  12|0x00000000fcc00000, 0x00000000fcc00000, 0x00000000fcd00000|  0%| F|  |TAMS 0x00000000fcc00000, 0x00000000fcc00000| Untracked 
|  13|0x00000000fcd00000, 0x00000000fcd00000, 0x00000000fce00000|  0%| F|  |TAMS 0x00000000fcd00000, 0x00000000fcd00000| Untracked 
|  14|0x00000000fce00000, 0x00000000fce00000, 0x00000000fcf00000|  0%| F|  |TAMS 0x00000000fce00000, 0x00000000fce00000| Untracked 
|  15|0x00000000fcf00000, 0x00000000fcf00000, 0x00000000fd000000|  0%| F|  |TAMS 0x00000000fcf00000, 0x00000000fcf00000| Untracked 
|  16|0x00000000fd000000, 0x00000000fd000000, 0x00000000fd100000|  0%| F|  |TAMS 0x00000000fd000000, 0x00000000fd000000| Untracked 
|  17|0x00000000fd100000, 0x00000000fd100000, 0x00000000fd200000|  0%| F|  |TAMS 0x00000000fd100000, 0x00000000fd100000| Untracked 
|  18|0x00000000fd200000, 0x00000000fd200000, 0x00000000fd300000|  0%| F|  |TAMS 0x00000000fd200000, 0x00000000fd200000| Untracked 
|  19|0x00000000fd300000, 0x00000000fd300000, 0x00000000fd400000|  0%| F|  |TAMS 0x00000000fd300000, 0x00000000fd300000| Untracked 
|  20|0x00000000fd400000, 0x00000000fd400000, 0x00000000fd500000|  0%| F|  |TAMS 0x00000000fd400000, 0x00000000fd400000| Untracked 
|  21|0x00000000fd500000, 0x00000000fd500000, 0x00000000fd600000|  0%| F|  |TAMS 0x00000000fd500000, 0x00000000fd500000| Untracked 
|  22|0x00000000fd600000, 0x00000000fd600000, 0x00000000fd700000|  0%| F|  |TAMS 0x00000000fd600000, 0x00000000fd600000| Untracked 
|  23|0x00000000fd700000, 0x00000000fd700000, 0x00000000fd800000|  0%| F|  |TAMS 0x00000000fd700000, 0x00000000fd700000| Untracked 
|  24|0x00000000fd800000, 0x00000000fd800000, 0x00000000fd900000|  0%| F|  |TAMS 0x00000000fd800000, 0x00000000fd800000| Untracked 
|  25|0x00000000fd900000, 0x00000000fd900000, 0x00000000fda00000|  0%| F|  |TAMS 0x00000000fd900000, 0x00000000fd900000| Untracked 
|  26|0x00000000fda00000, 0x00000000fda00000, 0x00000000fdb00000|  0%| F|  |TAMS 0x00000000fda00000, 0x00000000fda00000| Untracked 
|  27|0x00000000fdb00000, 0x00000000fdb00000, 0x00000000fdc00000|  0%| F|  |TAMS 0x00000000fdb00000, 0x00000000fdb00000| Untracked 
|  28|0x00000000fdc00000, 0x00000000fdc00000, 0x00000000fdd00000|  0%| F|  |TAMS 0x00000000fdc00000, 0x00000000fdc00000| Untracked 
|  29|0x00000000fdd00000, 0x00000000fdd00000, 0x00000000fde00000|  0%| F|  |TAMS 0x00000000fdd00000, 0x00000000fdd00000| Untracked 
|  30|0x00000000fde00000, 0x00000000fde00000, 0x00000000fdf00000|  0%| F|  |TAMS 0x00000000fde00000, 0x00000000fde00000| Untracked 
|  31|0x00000000fdf00000, 0x00000000fdf00000, 0x00000000fe000000|  0%| F|  |TAMS 0x00000000fdf00000, 0x00000000fdf00000| Untracked 
|  32|0x00000000fe000000, 0x00000000fe000000, 0x00000000fe100000|  0%| F|  |TAMS 0x00000000fe000000, 0x00000000fe000000| Untracked 
|  33|0x00000000fe100000, 0x00000000fe100000, 0x00000000fe200000|  0%| F|  |TAMS 0x00000000fe100000, 0x00000000fe100000| Untracked 
|  34|0x00000000fe200000, 0x00000000fe200000, 0x00000000fe300000|  0%| F|  |TAMS 0x00000000fe200000, 0x00000000fe200000| Untracked 
|  35|0x00000000fe300000, 0x00000000fe300000, 0x00000000fe400000|  0%| F|  |TAMS 0x00000000fe300000, 0x00000000fe300000| Untracked 
|  36|0x00000000fe400000, 0x00000000fe400000, 0x00000000fe500000|  0%| F|  |TAMS 0x00000000fe400000, 0x00000000fe400000| Untracked 
|  37|0x00000000fe500000, 0x00000000fe600000, 0x00000000fe600000|100%| S|CS|TAMS 0x00000000fe500000, 0x00000000fe500000| Complete 
|  38|0x00000000fe600000, 0x00000000fe700000, 0x00000000fe700000|100%| S|CS|TAMS 0x00000000fe600000, 0x00000000fe600000| Complete 
|  39|0x00000000fe700000, 0x00000000fe800000, 0x00000000fe800000|100%| S|CS|TAMS 0x00000000fe700000, 0x00000000fe700000| Complete 
|  40|0x00000000fe800000, 0x00000000fe800000, 0x00000000fe900000|  0%| F|  |TAMS 0x00000000fe800000, 0x00000000fe800000| Untracked 
|  41|0x00000000fe900000, 0x00000000fe900000, 0x00000000fea00000|  0%| F|  |TAMS 0x00000000fe900000, 0x00000000fe900000| Untracked 
|  42|0x00000000fea00000, 0x00000000fea00000, 0x00000000feb00000|  0%| F|  |TAMS 0x00000000fea00000, 0x00000000fea00000| Untracked 
|  43|0x00000000feb00000, 0x00000000feb00000, 0x00000000fec00000|  0%| F|  |TAMS 0x00000000feb00000, 0x00000000feb00000| Untracked 
|  44|0x00000000fec00000, 0x00000000fec00000, 0x00000000fed00000|  0%| F|  |TAMS 0x00000000fec00000, 0x00000000fec00000| Untracked 
|  45|0x00000000fed00000, 0x00000000fed00000, 0x00000000fee00000|  0%| F|  |TAMS 0x00000000fed00000, 0x00000000fed00000| Untracked 
|  46|0x00000000fee00000, 0x00000000fef00000, 0x00000000fef00000|100%| E|  |TAMS 0x00000000fee00000, 0x00000000fee00000| Complete 
|  47|0x00000000fef00000, 0x00000000ff000000, 0x00000000ff000000|100%| E|CS|TAMS 0x00000000fef00000, 0x00000000fef00000| Complete 
|  48|0x00000000ff000000, 0x00000000ff100000, 0x00000000ff100000|100%| E|CS|TAMS 0x00000000ff000000, 0x00000000ff000000| Complete 
|  49|0x00000000ff100000, 0x00000000ff200000, 0x00000000ff200000|100%| E|CS|TAMS 0x00000000ff100000, 0x00000000ff100000| Complete 
|  50|0x00000000ff200000, 0x00000000ff300000, 0x00000000ff300000|100%| E|CS|TAMS 0x00000000ff200000, 0x00000000ff200000| Complete 
|  51|0x00000000ff300000, 0x00000000ff400000, 0x00000000ff400000|100%| E|CS|TAMS 0x00000000ff300000, 0x00000000ff300000| Complete 
|  52|0x00000000ff400000, 0x00000000ff500000, 0x00000000ff500000|100%| E|CS|TAMS 0x00000000ff400000, 0x00000000ff400000| Complete 
|  53|0x00000000ff500000, 0x00000000ff600000, 0x00000000ff600000|100%| E|CS|TAMS 0x00000000ff500000, 0x00000000ff500000| Complete 
|  54|0x00000000ff600000, 0x00000000ff700000, 0x00000000ff700000|100%| E|CS|TAMS 0x00000000ff600000, 0x00000000ff600000| Complete 
|  55|0x00000000ff700000, 0x00000000ff800000, 0x00000000ff800000|100%| E|CS|TAMS 0x00000000ff700000, 0x00000000ff700000| Complete 
|  56|0x00000000ff800000, 0x00000000ff900000, 0x00000000ff900000|100%| E|CS|TAMS 0x00000000ff800000, 0x00000000ff800000| Complete 
|  57|0x00000000ff900000, 0x00000000ffa00000, 0x00000000ffa00000|100%| E|CS|TAMS 0x00000000ff900000, 0x00000000ff900000| Complete 
|  58|0x00000000ffa00000, 0x00000000ffb00000, 0x00000000ffb00000|100%| E|CS|TAMS 0x00000000ffa00000, 0x00000000ffa00000| Complete 
|  59|0x00000000ffb00000, 0x00000000ffc00000, 0x00000000ffc00000|100%| E|CS|TAMS 0x00000000ffb00000, 0x00000000ffb00000| Complete 
|  60|0x00000000ffc00000, 0x00000000ffd00000, 0x00000000ffd00000|100%| E|CS|TAMS 0x00000000ffc00000, 0x00000000ffc00000| Complete 
|  61|0x00000000ffd00000, 0x00000000ffe00000, 0x00000000ffe00000|100%| E|CS|TAMS 0x00000000ffd00000, 0x00000000ffd00000| Complete 
|  62|0x00000000ffe00000, 0x00000000fff00000, 0x00000000fff00000|100%| E|CS|TAMS 0x00000000ffe00000, 0x00000000ffe00000| Complete 
|  63|0x00000000fff00000, 0x0000000100000000, 0x0000000100000000|100%| E|CS|TAMS 0x00000000fff00000, 0x00000000fff00000| Complete 

Card table byte_map: [0x00000285dfdb0000,0x00000285dfdd0000] _byte_map_base: 0x00000285df5d0000

Marking Bits (Prev, Next): (CMBitMap*) 0x00000285e1dfc1c8, (CMBitMap*) 0x00000285e1dfc200
 Prev Bits: [0x00000285f9880000, 0x00000285f9980000)
 Next Bits: [0x00000285f9980000, 0x00000285f9a80000)

Polling page: 0x00000285dfd60000

Metaspace:

Usage:
  Non-class:     13.57 MB capacity,    13.40 MB ( 99%) used,   151.44 KB (  1%) free+waste,    22.25 KB ( <1%) overhead. 
      Class:      1.83 MB capacity,     1.71 MB ( 93%) used,   114.95 KB (  6%) free+waste,    10.88 KB ( <1%) overhead. 
       Both:     15.40 MB capacity,    15.11 MB ( 98%) used,   266.38 KB (  2%) free+waste,    33.13 KB ( <1%) overhead. 

Virtual space:
  Non-class space:       14.00 MB reserved,      13.75 MB ( 98%) committed 
      Class space:        1.00 GB reserved,       1.88 MB ( <1%) committed 
             Both:        1.01 GB reserved,      15.63 MB (  2%) committed 

Chunk freelists:
   Non-Class:  57.00 KB
       Class:  11.00 KB
        Both:  68.00 KB

MaxMetaspaceSize: 17179869184.00 GB
CompressedClassSpaceSize: 1.00 GB
Initial GC threshold: 20.80 MB
Current GC threshold: 20.80 MB
CDS: off

CodeHeap 'non-profiled nmethods': size=120000Kb used=517Kb max_used=517Kb free=119482Kb
 bounds [0x00000285f2020000, 0x00000285f2290000, 0x00000285f9550000]
CodeHeap 'profiled nmethods': size=120000Kb used=2591Kb max_used=2591Kb free=117408Kb
 bounds [0x00000285eaaf0000, 0x00000285ead80000, 0x00000285f2020000]
CodeHeap 'non-nmethods': size=5760Kb used=1159Kb max_used=1168Kb free=4600Kb
 bounds [0x00000285ea550000, 0x00000285ea7c0000, 0x00000285eaaf0000]
 total_blobs=1740 nmethods=1318 adapters=335
 compilation: enabled
              stopped_count=0, restarted_count=0
 full_count=0

Compilation events (20 events):
Event: 60.876 Thread 0x00000285fcca3800 1304       1       org.gradle.internal.logging.text.AbstractLineChoppingStyledTextOutput$SeenFromEol::size (5 bytes)
Event: 60.877 Thread 0x00000285fcca3800 nmethod 1304 0x00000285f20a0790 code [0x00000285f20a0940, 0x00000285f20a09f8]
Event: 60.877 Thread 0x00000285fcca3800 1305       1       org.gradle.internal.logging.text.AbstractLineChoppingStyledTextOutput$StateContext::access$000 (5 bytes)
Event: 60.877 Thread 0x00000285fcca3800 nmethod 1305 0x00000285f20a0a90 code [0x00000285f20a0c40, 0x00000285f20a0cd8]
Event: 60.885 Thread 0x00000285fcca3800 1306       3       java.nio.ByteBuffer::arrayOffset (35 bytes)
Event: 60.886 Thread 0x00000285fcca3800 nmethod 1306 0x00000285ead67690 code [0x00000285ead67860, 0x00000285ead67b18]
Event: 61.226 Thread 0x00000285fcca3800 1307       3       java.net.URI::isAbsolute (13 bytes)
Event: 61.226 Thread 0x00000285fcca3800 nmethod 1307 0x00000285ead67c90 code [0x00000285ead67e40, 0x00000285ead67f98]
Event: 61.226 Thread 0x00000285fcca3800 1308       3       java.net.URI::isOpaque (13 bytes)
Event: 61.226 Thread 0x00000285fcca3800 nmethod 1308 0x00000285ead68010 code [0x00000285ead681c0, 0x00000285ead68318]
Event: 61.226 Thread 0x00000285fcca3800 1309       1       java.net.URI::getRawFragment (5 bytes)
Event: 61.226 Thread 0x00000285fcca3800 nmethod 1309 0x00000285f20a0d90 code [0x00000285f20a0f40, 0x00000285f20a0ff8]
Event: 61.226 Thread 0x00000285fcca3800 1310       1       java.net.URI::getRawQuery (5 bytes)
Event: 61.226 Thread 0x00000285fcca3800 nmethod 1310 0x00000285f20a1090 code [0x00000285f20a1240, 0x00000285f20a12f8]
Event: 61.228 Thread 0x00000285fcca3800 1311       3       java.net.URI$Parser::scan (53 bytes)
Event: 61.229 Thread 0x00000285fcc9e000 1315       4       java.net.URI$Parser::scan (76 bytes)
Event: 61.230 Thread 0x00000285fcca3800 nmethod 1311 0x00000285ead68390 code [0x00000285ead68640, 0x00000285ead69238]
Event: 61.230 Thread 0x00000285fcca3800 1312       3       java.net.URI$Parser::<init> (30 bytes)
Event: 61.230 Thread 0x00000285fcca3800 nmethod 1312 0x00000285ead69710 code [0x00000285ead698e0, 0x00000285ead69b78]
Event: 61.230 Thread 0x00000285fcca3800 1313       3       java.net.URI$Parser::parse (243 bytes)

GC Heap History (2 events):
Event: 20.594 GC heap before
{Heap before GC invocations=0 (full 0):
 garbage-first heap   total 65536K, used 27648K [0x00000000fc000000, 0x0000000100000000)
  region size 1024K, 24 young (24576K), 0 survivors (0K)
 Metaspace       used 10647K, capacity 10851K, committed 11008K, reserved 1058816K
  class space    used 1077K, capacity 1167K, committed 1280K, reserved 1048576K
}
Event: 20.758 GC heap after
{Heap after GC invocations=1 (full 0):
 garbage-first heap   total 65536K, used 10252K [0x00000000fc000000, 0x0000000100000000)
  region size 1024K, 3 young (3072K), 3 survivors (3072K)
 Metaspace       used 10647K, capacity 10851K, committed 11008K, reserved 1058816K
  class space    used 1077K, capacity 1167K, committed 1280K, reserved 1048576K
}

Deoptimization events (20 events):
Event: 24.309 Thread 0x00000285e1ddc800 Uncommon trap: trap_request=0xffffff4d fr.pc=0x00000285f2086060 relative=0x00000000000001a0
Event: 24.309 Thread 0x00000285e1ddc800 Uncommon trap: reason=unstable_if action=reinterpret pc=0x00000285f2086060 method=java.util.HashMap.getNode(ILjava/lang/Object;)Ljava/util/HashMap$Node; @ 129 c2
Event: 24.309 Thread 0x00000285e1ddc800 DEOPT PACKING pc=0x00000285f2086060 sp=0x0000008854efa390
Event: 24.309 Thread 0x00000285e1ddc800 DEOPT UNPACKING pc=0x00000285ea59a1af sp=0x0000008854efa290 mode 2
Event: 28.237 Thread 0x00000285e1ddc800 Uncommon trap: trap_request=0xffffff4d fr.pc=0x00000285f20708f8 relative=0x0000000000001c18
Event: 28.237 Thread 0x00000285e1ddc800 Uncommon trap: reason=unstable_if action=reinterpret pc=0x00000285f20708f8 method=java.io.WinNTFileSystem.normalize(Ljava/lang/String;)Ljava/lang/String; @ 128 c2
Event: 28.237 Thread 0x00000285e1ddc800 DEOPT PACKING pc=0x00000285f20708f8 sp=0x0000008854ef9e30
Event: 28.237 Thread 0x00000285e1ddc800 DEOPT UNPACKING pc=0x00000285ea59a1af sp=0x0000008854ef9e08 mode 2
Event: 35.313 Thread 0x00000285e1ddc800 Uncommon trap: trap_request=0xffffff4d fr.pc=0x00000285f2056a08 relative=0x00000000000005c8
Event: 35.313 Thread 0x00000285e1ddc800 Uncommon trap: reason=unstable_if action=reinterpret pc=0x00000285f2056a08 method=java.lang.AbstractStringBuilder.append(Ljava/lang/String;)Ljava/lang/AbstractStringBuilder; @ 1 c2
Event: 35.313 Thread 0x00000285e1ddc800 DEOPT PACKING pc=0x00000285f2056a08 sp=0x0000008854efc370
Event: 35.313 Thread 0x00000285e1ddc800 DEOPT UNPACKING pc=0x00000285ea59a1af sp=0x0000008854efc2f0 mode 2
Event: 35.313 Thread 0x00000285e1ddc800 Uncommon trap: trap_request=0xffffff4d fr.pc=0x00000285f205385c relative=0x000000000000059c
Event: 35.313 Thread 0x00000285e1ddc800 Uncommon trap: reason=unstable_if action=reinterpret pc=0x00000285f205385c method=java.lang.AbstractStringBuilder.append(Ljava/lang/String;)Ljava/lang/AbstractStringBuilder; @ 1 c2
Event: 35.313 Thread 0x00000285e1ddc800 DEOPT PACKING pc=0x00000285f205385c sp=0x0000008854efc310
Event: 35.313 Thread 0x00000285e1ddc800 DEOPT UNPACKING pc=0x00000285ea59a1af sp=0x0000008854efc2f8 mode 2
Event: 35.464 Thread 0x00000285fe445800 Uncommon trap: trap_request=0xffffff4d fr.pc=0x00000285f2093d18 relative=0x0000000000001338
Event: 35.464 Thread 0x00000285fe445800 Uncommon trap: reason=unstable_if action=reinterpret pc=0x00000285f2093d18 method=java.util.concurrent.ConcurrentHashMap.addCount(JI)V @ 68 c2
Event: 35.464 Thread 0x00000285fe445800 DEOPT PACKING pc=0x00000285f2093d18 sp=0x00000088560fe260
Event: 35.464 Thread 0x00000285fe445800 DEOPT UNPACKING pc=0x00000285ea59a1af sp=0x00000088560fe120 mode 2

Classes redefined (0 events):
No events

Internal exceptions (15 events):
Event: 6.235 Thread 0x00000285e1ddc800 Exception <a 'java/lang/NoSuchMethodError'{0x00000000ffc636f0}: 'int java.lang.invoke.DirectMethodHandle$Holder.invokeStaticInit(java.lang.Object, java.lang.Object)'> (0x00000000ffc636f0) thrown at [./src/hotspot/share/interpreter/linkResolver.cpp, line 773]
Event: 8.444 Thread 0x00000285e1ddc800 Exception <a 'java/lang/NoSuchMethodError'{0x00000000ffb38be0}: 'int java.lang.invoke.DirectMethodHandle$Holder.invokeSpecial(java.lang.Object, java.lang.Object, java.lang.Object, java.lang.Object)'> (0x00000000ffb38be0) thrown at [./src/hotspot/share/interpreter/linkResolver.cpp, line 773]
Event: 8.456 Thread 0x00000285e1ddc800 Exception <a 'java/lang/NoSuchMethodError'{0x00000000ffb70fa8}: 'int java.lang.invoke.DirectMethodHandle$Holder.invokeSpecialIFC(java.lang.Object, java.lang.Object, int)'> (0x00000000ffb70fa8) thrown at [./src/hotspot/share/interpreter/linkResolver.cpp, line 773]
Event: 19.245 Thread 0x00000285e1ddc800 Implicit null exception at 0x00000285f2068e75 to 0x00000285f2069040
Event: 20.312 Thread 0x00000285e1ddc800 Exception <a 'java/lang/NoClassDefFoundError'{0x00000000fe850298}: org/slf4j/impl/StaticMarkerBinder> (0x00000000fe850298) thrown at [./src/hotspot/share/classfile/systemDictionary.cpp, line 219]
Event: 20.780 Thread 0x00000285e1ddc800 Exception <a 'java/lang/NoSuchMethodError'{0x00000000fff502f0}: 'java.lang.Object java.lang.invoke.DirectMethodHandle$Holder.invokeVirtual(java.lang.Object, java.lang.Object, java.lang.Object, java.lang.Object, java.lang.Object, java.lang.Object, java.lang.Object)'> (0x00000000fff502f0) thrown at [./src/hotspot/share/interpreter/linkResolver.cpp, line 773]
Event: 20.789 Thread 0x00000285e1ddc800 Exception <a 'java/lang/NoSuchMethodError'{0x00000000fff63e30}: 'java.lang.Object java.lang.invoke.Invokers$Holder.invoker(java.lang.Object, java.lang.Object, java.lang.Object)'> (0x00000000fff63e30) thrown at [./src/hotspot/share/interpreter/linkResolver.cpp, line 773]
Event: 20.798 Thread 0x00000285e1ddc800 Exception <a 'java/lang/NoSuchMethodError'{0x00000000fff74b70}: 'void java.lang.invoke.DelegatingMethodHandle$Holder.delegate(java.lang.Object, java.lang.Object, int, java.lang.Object)'> (0x00000000fff74b70) thrown at [./src/hotspot/share/interpreter/linkResolver.cpp, line 773]
Event: 22.980 Thread 0x00000285e1ddc800 Exception <a 'java/lang/NoSuchMethodError'{0x00000000ff606c80}: 'java.lang.Object java.lang.invoke.DirectMethodHandle$Holder.invokeStaticInit(java.lang.Object, java.lang.Object, java.lang.Object)'> (0x00000000ff606c80) thrown at [./src/hotspot/share/interpreter/linkResolver.cpp, line 773]
Event: 24.715 Thread 0x00000285e1ddc800 Exception <a 'java/lang/NoSuchMethodError'{0x00000000ff103ca0}: 'java.lang.Object java.lang.invoke.DirectMethodHandle$Holder.invokeStaticInit(java.lang.Object, int, int, int, int)'> (0x00000000ff103ca0) thrown at [./src/hotspot/share/interpreter/linkResolver.cpp, line 773]
Event: 29.329 Thread 0x00000285e1ddc800 Exception <a 'java/lang/NoSuchMethodError'{0x00000000ff1c7b00}: 'java.lang.Object java.lang.invoke.DirectMethodHandle$Holder.invokeStaticInit(java.lang.Object, java.lang.Object, int, int, int, int)'> (0x00000000ff1c7b00) thrown at [./src/hotspot/share/interpreter/linkResolver.cpp, line 773]
Event: 35.309 Thread 0x00000285e1ddc800 Exception <a 'java/lang/NoSuchMethodError'{0x00000000ff091ec0}: 'void java.lang.invoke.DirectMethodHandle$Holder.invokeSpecial(java.lang.Object, java.lang.Object)'> (0x00000000ff091ec0) thrown at [./src/hotspot/share/interpreter/linkResolver.cpp, line 773]
Event: 35.313 Thread 0x00000285e1ddc800 Implicit null exception at 0x00000285f2056474 to 0x00000285f20569f0
Event: 35.313 Thread 0x00000285e1ddc800 Implicit null exception at 0x00000285f20532f4 to 0x00000285f2053844
Event: 35.464 Thread 0x00000285fe445800 Implicit null exception at 0x00000285f2093224 to 0x00000285f2093d08

Events (20 events):
Event: 60.782 loading class org/gradle/api/internal/classpath/Module
Event: 60.782 loading class org/gradle/api/internal/classpath/Module done
Event: 60.784 loading class org/gradle/api/specs/Spec
Event: 60.784 loading class org/gradle/api/specs/Spec done
Event: 60.872 loading class org/gradle/internal/logging/text/AbstractLineChoppingStyledTextOutput$StateContext
Event: 60.872 loading class org/gradle/internal/logging/text/AbstractLineChoppingStyledTextOutput$StateContext done
Event: 61.204 loading class org/gradle/api/internal/classpath/EffectiveClassPath
Event: 61.204 loading class org/gradle/api/internal/classpath/EffectiveClassPath done
Event: 61.207 loading class org/gradle/internal/classloader/ClasspathUtil$1
Event: 61.207 loading class org/gradle/internal/classloader/ClasspathUtil$1 done
Event: 61.208 loading class org/gradle/internal/classloader/ClassLoaderVisitor
Event: 61.208 loading class org/gradle/internal/classloader/ClassLoaderVisitor done
Event: 61.210 loading class org/gradle/internal/classloader/ClassLoaderHierarchy
Event: 61.210 loading class org/gradle/internal/classloader/ClassLoaderHierarchy done
Event: 61.229 loading class org/gradle/internal/classloader/SystemClassLoaderSpec
Event: 61.229 loading class org/gradle/internal/classloader/SystemClassLoaderSpec done
Event: 61.230 loading class org/gradle/internal/classloader/ClassLoaderSpec
Event: 61.230 loading class org/gradle/internal/classloader/ClassLoaderSpec done
Event: 61.231 loading class org/gradle/internal/classpath/DefaultClassPath$ImmutableUniqueList$Builder
Event: 61.231 loading class org/gradle/internal/classpath/DefaultClassPath$ImmutableUniqueList$Builder done


Dynamic libraries:
0x00007ff7d9a90000 - 0x00007ff7d9a9d000 	C:\Program Files\Microsoft\jdk-11.0.18.10-hotspot\bin\java.exe
0x00007ffb59fd0000 - 0x00007ffb5a1e4000 	C:\WINDOWS\SYSTEM32\ntdll.dll
0x00007ffb58190000 - 0x00007ffb58254000 	C:\WINDOWS\System32\KERNEL32.DLL
0x00007ffb57400000 - 0x00007ffb577a4000 	C:\WINDOWS\System32\KERNELBASE.dll
0x00007ffb577b0000 - 0x00007ffb578c1000 	C:\WINDOWS\System32\ucrtbase.dll
0x00007ffb49820000 - 0x00007ffb49837000 	C:\Program Files\Microsoft\jdk-11.0.18.10-hotspot\bin\jli.dll
0x00007ffb45f40000 - 0x00007ffb45f55000 	C:\Program Files\Microsoft\jdk-11.0.18.10-hotspot\bin\VCRUNTIME140.dll
0x00007ffb59b70000 - 0x00007ffb59d1e000 	C:\WINDOWS\System32\USER32.dll
0x00007ffb405c0000 - 0x00007ffb40853000 	C:\WINDOWS\WinSxS\amd64_microsoft.windows.common-controls_6595b64144ccf1df_6.0.22621.2215_none_270d72677387dfc3\COMCTL32.dll
0x00007ffb590a0000 - 0x00007ffb59147000 	C:\WINDOWS\System32\msvcrt.dll
0x00007ffb57f00000 - 0x00007ffb57f29000 	C:\WINDOWS\System32\GDI32.dll
0x00007ffb57ab0000 - 0x00007ffb57ad6000 	C:\WINDOWS\System32\win32u.dll
0x00007ffb57990000 - 0x00007ffb57aa8000 	C:\WINDOWS\System32\gdi32full.dll
0x00007ffb57cc0000 - 0x00007ffb57d5a000 	C:\WINDOWS\System32\msvcp_win.dll
0x00007ffb58490000 - 0x00007ffb584c1000 	C:\WINDOWS\System32\IMM32.DLL
0x00007ffb379d0000 - 0x00007ffb37a6b000 	C:\Program Files\Microsoft\jdk-11.0.18.10-hotspot\bin\msvcp140.dll
0x00007ffadc290000 - 0x00007ffadce22000 	C:\Program Files\Microsoft\jdk-11.0.18.10-hotspot\bin\server\jvm.dll
0x00007ffb580e0000 - 0x00007ffb58190000 	C:\WINDOWS\System32\ADVAPI32.dll
0x00007ffb583d0000 - 0x00007ffb58476000 	C:\WINDOWS\System32\sechost.dll
0x00007ffb57d60000 - 0x00007ffb57e77000 	C:\WINDOWS\System32\RPCRT4.dll
0x00007ffb59170000 - 0x00007ffb59178000 	C:\WINDOWS\System32\PSAPI.DLL
0x00007ffb4f850000 - 0x00007ffb4f859000 	C:\WINDOWS\SYSTEM32\WSOCK32.dll
0x00007ffb59af0000 - 0x00007ffb59b61000 	C:\WINDOWS\System32\WS2_32.dll
0x00007ffb511a0000 - 0x00007ffb511d4000 	C:\WINDOWS\SYSTEM32\WINMM.dll
0x00007ffb4f860000 - 0x00007ffb4f86a000 	C:\WINDOWS\SYSTEM32\VERSION.dll
0x00007ffb563d0000 - 0x00007ffb563e8000 	C:\WINDOWS\SYSTEM32\kernel.appcore.dll
0x00007ffb4d8a0000 - 0x00007ffb4d8b0000 	C:\Program Files\Microsoft\jdk-11.0.18.10-hotspot\bin\verify.dll
0x00007ffb46540000 - 0x00007ffb4676e000 	C:\WINDOWS\SYSTEM32\DBGHELP.DLL
0x00007ffb59760000 - 0x00007ffb59aea000 	C:\WINDOWS\System32\combase.dll
0x00007ffb58570000 - 0x00007ffb58647000 	C:\WINDOWS\System32\OLEAUT32.dll
0x00007ffb46220000 - 0x00007ffb46252000 	C:\WINDOWS\SYSTEM32\dbgcore.DLL
0x00007ffb57380000 - 0x00007ffb573fa000 	C:\WINDOWS\System32\bcryptPrimitives.dll
0x00007ffb41e50000 - 0x00007ffb41e78000 	C:\Program Files\Microsoft\jdk-11.0.18.10-hotspot\bin\java.dll
0x00007ffb4c4b0000 - 0x00007ffb4c4ba000 	C:\Program Files\Microsoft\jdk-11.0.18.10-hotspot\bin\jimage.dll
0x00007ffb44180000 - 0x00007ffb44198000 	C:\Program Files\Microsoft\jdk-11.0.18.10-hotspot\bin\zip.dll
0x00007ffb58650000 - 0x00007ffb58e73000 	C:\WINDOWS\System32\SHELL32.dll
0x00007ffb552c0000 - 0x00007ffb55baa000 	C:\WINDOWS\SYSTEM32\windows.storage.dll
0x00007ffb55180000 - 0x00007ffb552be000 	C:\WINDOWS\SYSTEM32\wintypes.dll
0x00007ffb582d0000 - 0x00007ffb583c3000 	C:\WINDOWS\System32\SHCORE.dll
0x00007ffb59700000 - 0x00007ffb5975e000 	C:\WINDOWS\System32\shlwapi.dll
0x00007ffb572b0000 - 0x00007ffb572d6000 	C:\WINDOWS\SYSTEM32\profapi.dll
0x00007ffb41e10000 - 0x00007ffb41e29000 	C:\Program Files\Microsoft\jdk-11.0.18.10-hotspot\bin\net.dll
0x00007ffb52990000 - 0x00007ffb52ac7000 	C:\WINDOWS\SYSTEM32\WINHTTP.dll
0x00007ffb56850000 - 0x00007ffb568b9000 	C:\WINDOWS\system32\mswsock.dll
0x00007ffb3da50000 - 0x00007ffb3da63000 	C:\Program Files\Microsoft\jdk-11.0.18.10-hotspot\bin\nio.dll
0x00007ffb3da20000 - 0x00007ffb3da47000 	C:\Users\91913\.gradle\native\68d5fa5c4cc2d200863cafc0d521ce42e7d3e7ee720ec0a83991735586a16f82\windows-amd64\native-platform.dll
0x00007ffb4c0c0000 - 0x00007ffb4c0c9000 	C:\Program Files\Microsoft\jdk-11.0.18.10-hotspot\bin\management.dll
0x00007ffb4bc50000 - 0x00007ffb4bc5b000 	C:\Program Files\Microsoft\jdk-11.0.18.10-hotspot\bin\management_ext.dll
0x00007ffb56b10000 - 0x00007ffb56b2b000 	C:\WINDOWS\SYSTEM32\CRYPTSP.dll
0x00007ffb56340000 - 0x00007ffb56375000 	C:\WINDOWS\system32\rsaenh.dll
0x00007ffb569b0000 - 0x00007ffb569dc000 	C:\WINDOWS\SYSTEM32\USERENV.dll
0x00007ffb56d00000 - 0x00007ffb56d28000 	C:\WINDOWS\SYSTEM32\bcrypt.dll
0x00007ffb56b30000 - 0x00007ffb56b3c000 	C:\WINDOWS\SYSTEM32\CRYPTBASE.dll
0x00007ffb55e10000 - 0x00007ffb55e3d000 	C:\WINDOWS\SYSTEM32\IPHLPAPI.DLL
0x00007ffb584d0000 - 0x00007ffb584d9000 	C:\WINDOWS\System32\NSI.dll
0x00007ffb52040000 - 0x00007ffb52059000 	C:\WINDOWS\SYSTEM32\dhcpcsvc6.DLL
0x00007ffb52020000 - 0x00007ffb5203f000 	C:\WINDOWS\SYSTEM32\dhcpcsvc.DLL
0x00007ffb55e40000 - 0x00007ffb55f32000 	C:\WINDOWS\SYSTEM32\DNSAPI.dll

dbghelp: loaded successfully - version: 4.0.5 - missing functions: none
symbol engine: initialized successfully - sym options: 0x614 - pdb path: .;C:\Program Files\Microsoft\jdk-11.0.18.10-hotspot\bin;C:\WINDOWS\SYSTEM32;C:\WINDOWS\WinSxS\amd64_microsoft.windows.common-controls_6595b64144ccf1df_6.0.22621.2215_none_270d72677387dfc3;C:\Program Files\Microsoft\jdk-11.0.18.10-hotspot\bin\server;C:\Users\91913\.gradle\native\68d5fa5c4cc2d200863cafc0d521ce42e7d3e7ee720ec0a83991735586a16f82\windows-amd64

VM Arguments:
jvm_args: -Xmx64m -Xms64m -Dorg.gradle.appname=gradlew 
java_command: org.gradle.wrapper.GradleWrapperMain tasks
java_class_path (initial): B:\React Native Projects\CloudHotelAuth\android\\gradle\wrapper\gradle-wrapper.jar
Launcher Type: SUN_STANDARD

[Global flags]
     intx CICompilerCount                          = 4                                         {product} {ergonomic}
     uint ConcGCThreads                            = 2                                         {product} {ergonomic}
     uint G1ConcRefinementThreads                  = 8                                         {product} {ergonomic}
   size_t G1HeapRegionSize                         = 1048576                                   {product} {ergonomic}
    uintx GCDrainStackTargetSize                   = 64                                        {product} {ergonomic}
   size_t InitialHeapSize                          = 67108864                                  {product} {command line}
   size_t MarkStackSize                            = 4194304                                   {product} {ergonomic}
   size_t MaxHeapSize                              = 67108864                                  {product} {command line}
   size_t MaxNewSize                               = 39845888                                  {product} {ergonomic}
   size_t MinHeapDeltaBytes                        = 1048576                                   {product} {ergonomic}
    uintx NonNMethodCodeHeapSize                   = 5836300                                {pd product} {ergonomic}
    uintx NonProfiledCodeHeapSize                  = 122910970                              {pd product} {ergonomic}
    uintx ProfiledCodeHeapSize                     = 122910970                              {pd product} {ergonomic}
    uintx ReservedCodeCacheSize                    = 251658240                              {pd product} {ergonomic}
     bool SegmentedCodeCache                       = true                                      {product} {ergonomic}
     bool UseCompressedClassPointers               = true                                 {lp64_product} {ergonomic}
     bool UseCompressedOops                        = true                                 {lp64_product} {ergonomic}
     bool UseG1GC                                  = true                                      {product} {ergonomic}
     bool UseLargePagesIndividualAllocation        = false                                  {pd product} {ergonomic}

Logging:
Log output configuration:
 #0: stdout all=warning uptime,level,tags
 #1: stderr all=off uptime,level,tags

Environment Variables:
JAVA_HOME=C:\Program Files\Microsoft\jdk-11.0.18.10-hotspot\
CLASSPATH=B:\React Native Projects\CloudHotelAuth\android\\gradle\wrapper\gradle-wrapper.jar
PATH=B:\React Native Projects\CloudHotelAuth\node_modules\.bin;B:\React Native Projects\CloudHotelAuth\node_modules\.bin;B:\React Native Projects\node_modules\.bin;B:\node_modules\.bin;C:\Users\91913\AppData\Roaming\nvm\v16.20.2\node_modules\npm\node_modules\@npmcli\run-script\lib\node-gyp-bin;B:\React Native Projects\CloudHotelAuth\node_modules\.bin;B:\React Native Projects\node_modules\.bin;B:\node_modules\.bin;C:\Users\91913\AppData\Roaming\nvm\v16.20.2\node_modules\npm\node_modules\@npmcli\run-script\lib\node-gyp-bin;C:\Program Files\Microsoft\jdk-11.0.18.10-hotspot\bin;C:\Program Files (x86)\Common Files\Oracle\Java\javapath;C:\Program Files\Java\jdk-18.0.1.1\bin;C:\ProgramData\chocolatey\bin;C:\Users\91913\AppData\Local\Android\Sdk\platform-tools;C:\Program Files\Git\cmd;%NVM_HOME%;%NVM_SYMLINK%;C:\Ruby32-x64\bin;C:\windows\system32;C:\Users\91913\AppData\Local\Programs\Microsoft VS Code\bin;C:\Users\91913\AppData\Roaming\nvm;C:\Program Files\nodejs
USERNAME=91913
LANG=en_US.UTF-8
OS=Windows_NT
PROCESSOR_IDENTIFIER=AMD64 Family 23 Model 104 Stepping 1, AuthenticAMD
TMP=C:\Users\91913\AppData\Local\Temp
TEMP=C:\Users\91913\AppData\Local\Temp



---------------  S Y S T E M  ---------------

OS: Windows 11 , 64 bit Build 22621 (10.0.22621.2215)
OS uptime: 15 days 23:47 hours
Hyper-V role detected

CPU:total 8 (initial active 8) (8 cores per cpu, 2 threads per core) family 23 model 104 stepping 1 microcode 0x0, cmov, cx8, fxsr, mmx, sse, sse2, sse3, ssse3, sse4.1, sse4.2, popcnt, avx, avx2, aes, clmul, mmxext, 3dnowpref, lzcnt, sse4a, ht, tsc, tscinvbit, tscinv, bmi1, bmi2, adx, sha, fma

Memory: 4k page, system-wide physical 7502M (234M free)
TotalPageFile size 30030M (AvailPageFile size 0M)
current process WorkingSet (physical memory assigned to process): 27M, peak: 78M
current process commit charge ("private bytes"): 160M, peak: 163M

vm_info: OpenJDK 64-Bit Server VM (11.0.18+10-LTS) for windows-amd64 JRE (11.0.18+10-LTS), built on Jan 18 2023 15:56:47 by "MicrosoftCorporation" with MS VC++ 15.9 (VS2017)

END.
