#
# There is insufficient memory for the Java Runtime Environment to continue.
# Native memory allocation (malloc) failed to allocate 32744 bytes for ChunkPool::allocate
# Possible reasons:
#   The system is out of physical RAM or swap space
#   The process is running with CompressedOops enabled, and the Java Heap may be blocking the growth of the native heap
# Possible solutions:
#   Reduce memory load on the system
#   Increase physical memory or swap space
#   Check if swap backing store is full
#   Decrease Java heap size (-Xmx/-Xms)
#   Decrease number of Java threads
#   Decrease Java thread stack sizes (-Xss)
#   Set larger code cache with -XX:ReservedCodeCacheSize=
#   JVM is running with Unscaled Compressed Oops mode in which the Java heap is
#     placed in the first 4GB address space. The Java Heap base address is the
#     maximum limit for the native heap growth. Please use -XX:HeapBaseMinAddress
#     to set the Java Heap base and to place the Java Heap above 4GB virtual address.
# This output file may be truncated or incomplete.
#
#  Out of Memory Error (./src/hotspot/share/memory/arena.cpp:81), pid=33776, tid=35320
#
# JRE version: OpenJDK Runtime Environment Microsoft-7208460 (11.0.18+10) (build 11.0.18+10-LTS)
# Java VM: OpenJDK 64-Bit Server VM Microsoft-7208460 (11.0.18+10-LTS, mixed mode, tiered, compressed oops, g1 gc, windows-amd64)
# No core dump will be written. Minidumps are not enabled by default on client versions of Windows
#

---------------  S U M M A R Y ------------

Command Line: -Xmx64m -Xms64m -Dorg.gradle.appname=gradlew org.gradle.wrapper.GradleWrapperMain tasks

Host: AMD Ryzen 3 5300U with Radeon Graphics         , 8 cores, 7G,  Windows 11 , 64 bit Build 22621 (10.0.22621.2215)
Time: Sat Sep 30 14:20:22 2023 India Standard Time elapsed time: 11.191470 seconds (0d 0h 0m 11s)

---------------  T H R E A D  ---------------

Current thread (0x0000029ed37ab000):  JavaThread "C1 CompilerThread0" daemon [_thread_in_native, id=35320, stack(0x000000a357600000,0x000000a357700000)]


Current CompileTask:
C1:  11191  388       3       java.util.regex.Pattern::escape (1323 bytes)

Stack: [0x000000a357600000,0x000000a357700000]
Native frames: (J=compiled Java code, j=interpreted, Vv=VM code, C=native code)
V  [jvm.dll+0x62bf8a]
V  [jvm.dll+0x7b8fb9]
V  [jvm.dll+0x7ba6a8]
V  [jvm.dll+0x7bad83]
V  [jvm.dll+0x250248]
V  [jvm.dll+0xc286b]
V  [jvm.dll+0xc2bcc]
V  [jvm.dll+0x1719b7]
V  [jvm.dll+0x174899]
V  [jvm.dll+0x174eee]
V  [jvm.dll+0x16c775]
V  [jvm.dll+0x16bc7a]
V  [jvm.dll+0x175abb]
V  [jvm.dll+0x16cdcb]
V  [jvm.dll+0x1706cf]
V  [jvm.dll+0x12ae95]
V  [jvm.dll+0x12a70f]
V  [jvm.dll+0x12a93f]
V  [jvm.dll+0x129be4]
V  [jvm.dll+0x12baf7]
V  [jvm.dll+0x217eec]
V  [jvm.dll+0x21612b]
V  [jvm.dll+0x77bac0]
V  [jvm.dll+0x7749f4]
V  [jvm.dll+0x62adf5]
C  [ucrtbase.dll+0x29363]
C  [KERNEL32.DLL+0x1257d]
C  [ntdll.dll+0x5aa68]


---------------  P R O C E S S  ---------------

Threads class SMR info:
_java_thread_list=0x0000029ed3896890, length=10, elements={
0x0000029eb873c800, 0x0000029ed35e6800, 0x0000029ed35e7800, 0x0000029ed3642800,
0x0000029ed3644800, 0x0000029ed3645800, 0x0000029ed3649000, 0x0000029ed37ab000,
0x0000029ed37ae000, 0x0000029ed38b4800
}

Java Threads: ( => current thread )
  0x0000029eb873c800 JavaThread "main" [_thread_in_vm, id=34608, stack(0x000000a356900000,0x000000a356a00000)]
  0x0000029ed35e6800 JavaThread "Reference Handler" daemon [_thread_blocked, id=35124, stack(0x000000a357000000,0x000000a357100000)]
  0x0000029ed35e7800 JavaThread "Finalizer" daemon [_thread_blocked, id=35128, stack(0x000000a357100000,0x000000a357200000)]
  0x0000029ed3642800 JavaThread "Signal Dispatcher" daemon [_thread_blocked, id=35304, stack(0x000000a357200000,0x000000a357300000)]
  0x0000029ed3644800 JavaThread "Attach Listener" daemon [_thread_blocked, id=35308, stack(0x000000a357300000,0x000000a357400000)]
  0x0000029ed3645800 JavaThread "Service Thread" daemon [_thread_blocked, id=35312, stack(0x000000a357400000,0x000000a357500000)]
  0x0000029ed3649000 JavaThread "C2 CompilerThread0" daemon [_thread_in_native, id=35316, stack(0x000000a357500000,0x000000a357600000)]
=>0x0000029ed37ab000 JavaThread "C1 CompilerThread0" daemon [_thread_in_native, id=35320, stack(0x000000a357600000,0x000000a357700000)]
  0x0000029ed37ae000 JavaThread "Sweeper thread" daemon [_thread_blocked, id=35324, stack(0x000000a357700000,0x000000a357800000)]
  0x0000029ed38b4800 JavaThread "Common-Cleaner" daemon [_thread_blocked, id=35608, stack(0x000000a357900000,0x000000a357a00000)]

Other Threads:
  0x0000029ed35ac000 VMThread "VM Thread" [stack: 0x000000a356f00000,0x000000a357000000] [id=35072]
  0x0000029ed38a4000 WatcherThread [stack: 0x000000a357800000,0x000000a357900000] [id=35484]
  0x0000029eb8757000 GCTaskThread "GC Thread#0" [stack: 0x000000a356a00000,0x000000a356b00000] [id=34852]
  0x0000029eb875d000 ConcurrentGCThread "G1 Main Marker" [stack: 0x000000a356b00000,0x000000a356c00000] [id=34864]
  0x0000029eb875e800 ConcurrentGCThread "G1 Conc#0" [stack: 0x000000a356c00000,0x000000a356d00000] [id=34868]
  0x0000029eb87c5000 ConcurrentGCThread "G1 Refine#0" [stack: 0x000000a356d00000,0x000000a356e00000] [id=34872]
  0x0000029eb87c6000 ConcurrentGCThread "G1 Young RemSet Sampling" [stack: 0x000000a356e00000,0x000000a356f00000] [id=34876]

Threads with active compile tasks:
C2 CompilerThread0    11997  385 %     4       java.lang.StringLatin1::toLowerCase @ 114 (180 bytes)
C1 CompilerThread0    11997  388       3       java.util.regex.Pattern::escape (1323 bytes)

VM state:not at safepoint (normal execution)

VM Mutex/Monitor currently owned by a thread: None

OutOfMemory and StackOverflow Exception counts:
OutOfMemoryError java_heap_errors=1
LinkageErrors=3

Heap address: 0x00000000fc000000, size: 64 MB, Compressed Oops mode: 32-bit
Narrow klass base: 0x0000000000000000, Narrow klass shift: 3
Compressed class space size: 1073741824 Address: 0x0000000100000000

Heap:
 garbage-first heap   total 65536K, used 5120K [0x00000000fc000000, 0x0000000100000000)
  region size 1024K, 7 young (7168K), 0 survivors (0K)
 Metaspace       used 7189K, capacity 7353K, committed 7680K, reserved 1056768K
  class space    used 624K, capacity 682K, committed 768K, reserved 1048576K
Heap Regions: E=young(eden), S=young(survivor), O=old, HS=humongous(starts), HC=humongous(continues), CS=collection set, F=free, A=archive, TAMS=top-at-mark-start (previous, next)
|   0|0x00000000fc000000, 0x00000000fc000000, 0x00000000fc100000|  0%| F|  |TAMS 0x00000000fc000000, 0x00000000fc000000| Untracked 
|   1|0x00000000fc100000, 0x00000000fc100000, 0x00000000fc200000|  0%| F|  |TAMS 0x00000000fc100000, 0x00000000fc100000| Untracked 
|   2|0x00000000fc200000, 0x00000000fc200000, 0x00000000fc300000|  0%| F|  |TAMS 0x00000000fc200000, 0x00000000fc200000| Untracked 
|   3|0x00000000fc300000, 0x00000000fc300000, 0x00000000fc400000|  0%| F|  |TAMS 0x00000000fc300000, 0x00000000fc300000| Untracked 
|   4|0x00000000fc400000, 0x00000000fc400000, 0x00000000fc500000|  0%| F|  |TAMS 0x00000000fc400000, 0x00000000fc400000| Untracked 
|   5|0x00000000fc500000, 0x00000000fc500000, 0x00000000fc600000|  0%| F|  |TAMS 0x00000000fc500000, 0x00000000fc500000| Untracked 
|   6|0x00000000fc600000, 0x00000000fc600000, 0x00000000fc700000|  0%| F|  |TAMS 0x00000000fc600000, 0x00000000fc600000| Untracked 
|   7|0x00000000fc700000, 0x00000000fc700000, 0x00000000fc800000|  0%| F|  |TAMS 0x00000000fc700000, 0x00000000fc700000| Untracked 
|   8|0x00000000fc800000, 0x00000000fc800000, 0x00000000fc900000|  0%| F|  |TAMS 0x00000000fc800000, 0x00000000fc800000| Untracked 
|   9|0x00000000fc900000, 0x00000000fc900000, 0x00000000fca00000|  0%| F|  |TAMS 0x00000000fc900000, 0x00000000fc900000| Untracked 
|  10|0x00000000fca00000, 0x00000000fca00000, 0x00000000fcb00000|  0%| F|  |TAMS 0x00000000fca00000, 0x00000000fca00000| Untracked 
|  11|0x00000000fcb00000, 0x00000000fcb00000, 0x00000000fcc00000|  0%| F|  |TAMS 0x00000000fcb00000, 0x00000000fcb00000| Untracked 
|  12|0x00000000fcc00000, 0x00000000fcc00000, 0x00000000fcd00000|  0%| F|  |TAMS 0x00000000fcc00000, 0x00000000fcc00000| Untracked 
|  13|0x00000000fcd00000, 0x00000000fcd00000, 0x00000000fce00000|  0%| F|  |TAMS 0x00000000fcd00000, 0x00000000fcd00000| Untracked 
|  14|0x00000000fce00000, 0x00000000fce00000, 0x00000000fcf00000|  0%| F|  |TAMS 0x00000000fce00000, 0x00000000fce00000| Untracked 
|  15|0x00000000fcf00000, 0x00000000fcf00000, 0x00000000fd000000|  0%| F|  |TAMS 0x00000000fcf00000, 0x00000000fcf00000| Untracked 
|  16|0x00000000fd000000, 0x00000000fd000000, 0x00000000fd100000|  0%| F|  |TAMS 0x00000000fd000000, 0x00000000fd000000| Untracked 
|  17|0x00000000fd100000, 0x00000000fd100000, 0x00000000fd200000|  0%| F|  |TAMS 0x00000000fd100000, 0x00000000fd100000| Untracked 
|  18|0x00000000fd200000, 0x00000000fd200000, 0x00000000fd300000|  0%| F|  |TAMS 0x00000000fd200000, 0x00000000fd200000| Untracked 
|  19|0x00000000fd300000, 0x00000000fd300000, 0x00000000fd400000|  0%| F|  |TAMS 0x00000000fd300000, 0x00000000fd300000| Untracked 
|  20|0x00000000fd400000, 0x00000000fd400000, 0x00000000fd500000|  0%| F|  |TAMS 0x00000000fd400000, 0x00000000fd400000| Untracked 
|  21|0x00000000fd500000, 0x00000000fd500000, 0x00000000fd600000|  0%| F|  |TAMS 0x00000000fd500000, 0x00000000fd500000| Untracked 
|  22|0x00000000fd600000, 0x00000000fd600000, 0x00000000fd700000|  0%| F|  |TAMS 0x00000000fd600000, 0x00000000fd600000| Untracked 
|  23|0x00000000fd700000, 0x00000000fd700000, 0x00000000fd800000|  0%| F|  |TAMS 0x00000000fd700000, 0x00000000fd700000| Untracked 
|  24|0x00000000fd800000, 0x00000000fd800000, 0x00000000fd900000|  0%| F|  |TAMS 0x00000000fd800000, 0x00000000fd800000| Untracked 
|  25|0x00000000fd900000, 0x00000000fd900000, 0x00000000fda00000|  0%| F|  |TAMS 0x00000000fd900000, 0x00000000fd900000| Untracked 
|  26|0x00000000fda00000, 0x00000000fda00000, 0x00000000fdb00000|  0%| F|  |TAMS 0x00000000fda00000, 0x00000000fda00000| Untracked 
|  27|0x00000000fdb00000, 0x00000000fdb00000, 0x00000000fdc00000|  0%| F|  |TAMS 0x00000000fdb00000, 0x00000000fdb00000| Untracked 
|  28|0x00000000fdc00000, 0x00000000fdc00000, 0x00000000fdd00000|  0%| F|  |TAMS 0x00000000fdc00000, 0x00000000fdc00000| Untracked 
|  29|0x00000000fdd00000, 0x00000000fdd00000, 0x00000000fde00000|  0%| F|  |TAMS 0x00000000fdd00000, 0x00000000fdd00000| Untracked 
|  30|0x00000000fde00000, 0x00000000fde00000, 0x00000000fdf00000|  0%| F|  |TAMS 0x00000000fde00000, 0x00000000fde00000| Untracked 
|  31|0x00000000fdf00000, 0x00000000fdf00000, 0x00000000fe000000|  0%| F|  |TAMS 0x00000000fdf00000, 0x00000000fdf00000| Untracked 
|  32|0x00000000fe000000, 0x00000000fe000000, 0x00000000fe100000|  0%| F|  |TAMS 0x00000000fe000000, 0x00000000fe000000| Untracked 
|  33|0x00000000fe100000, 0x00000000fe100000, 0x00000000fe200000|  0%| F|  |TAMS 0x00000000fe100000, 0x00000000fe100000| Untracked 
|  34|0x00000000fe200000, 0x00000000fe200000, 0x00000000fe300000|  0%| F|  |TAMS 0x00000000fe200000, 0x00000000fe200000| Untracked 
|  35|0x00000000fe300000, 0x00000000fe300000, 0x00000000fe400000|  0%| F|  |TAMS 0x00000000fe300000, 0x00000000fe300000| Untracked 
|  36|0x00000000fe400000, 0x00000000fe400000, 0x00000000fe500000|  0%| F|  |TAMS 0x00000000fe400000, 0x00000000fe400000| Untracked 
|  37|0x00000000fe500000, 0x00000000fe500000, 0x00000000fe600000|  0%| F|  |TAMS 0x00000000fe500000, 0x00000000fe500000| Untracked 
|  38|0x00000000fe600000, 0x00000000fe600000, 0x00000000fe700000|  0%| F|  |TAMS 0x00000000fe600000, 0x00000000fe600000| Untracked 
|  39|0x00000000fe700000, 0x00000000fe700000, 0x00000000fe800000|  0%| F|  |TAMS 0x00000000fe700000, 0x00000000fe700000| Untracked 
|  40|0x00000000fe800000, 0x00000000fe800000, 0x00000000fe900000|  0%| F|  |TAMS 0x00000000fe800000, 0x00000000fe800000| Untracked 
|  41|0x00000000fe900000, 0x00000000fe900000, 0x00000000fea00000|  0%| F|  |TAMS 0x00000000fe900000, 0x00000000fe900000| Untracked 
|  42|0x00000000fea00000, 0x00000000fea00000, 0x00000000feb00000|  0%| F|  |TAMS 0x00000000fea00000, 0x00000000fea00000| Untracked 
|  43|0x00000000feb00000, 0x00000000feb00000, 0x00000000fec00000|  0%| F|  |TAMS 0x00000000feb00000, 0x00000000feb00000| Untracked 
|  44|0x00000000fec00000, 0x00000000fec00000, 0x00000000fed00000|  0%| F|  |TAMS 0x00000000fec00000, 0x00000000fec00000| Untracked 
|  45|0x00000000fed00000, 0x00000000fed00000, 0x00000000fee00000|  0%| F|  |TAMS 0x00000000fed00000, 0x00000000fed00000| Untracked 
|  46|0x00000000fee00000, 0x00000000fee00000, 0x00000000fef00000|  0%| F|  |TAMS 0x00000000fee00000, 0x00000000fee00000| Untracked 
|  47|0x00000000fef00000, 0x00000000fef00000, 0x00000000ff000000|  0%| F|  |TAMS 0x00000000fef00000, 0x00000000fef00000| Untracked 
|  48|0x00000000ff000000, 0x00000000ff000000, 0x00000000ff100000|  0%| F|  |TAMS 0x00000000ff000000, 0x00000000ff000000| Untracked 
|  49|0x00000000ff100000, 0x00000000ff100000, 0x00000000ff200000|  0%| F|  |TAMS 0x00000000ff100000, 0x00000000ff100000| Untracked 
|  50|0x00000000ff200000, 0x00000000ff200000, 0x00000000ff300000|  0%| F|  |TAMS 0x00000000ff200000, 0x00000000ff200000| Untracked 
|  51|0x00000000ff300000, 0x00000000ff300000, 0x00000000ff400000|  0%| F|  |TAMS 0x00000000ff300000, 0x00000000ff300000| Untracked 
|  52|0x00000000ff400000, 0x00000000ff400000, 0x00000000ff500000|  0%| F|  |TAMS 0x00000000ff400000, 0x00000000ff400000| Untracked 
|  53|0x00000000ff500000, 0x00000000ff500000, 0x00000000ff600000|  0%| F|  |TAMS 0x00000000ff500000, 0x00000000ff500000| Untracked 
|  54|0x00000000ff600000, 0x00000000ff600000, 0x00000000ff700000|  0%| F|  |TAMS 0x00000000ff600000, 0x00000000ff600000| Untracked 
|  55|0x00000000ff700000, 0x00000000ff700000, 0x00000000ff800000|  0%| F|  |TAMS 0x00000000ff700000, 0x00000000ff700000| Untracked 
|  56|0x00000000ff800000, 0x00000000ff800000, 0x00000000ff900000|  0%| F|  |TAMS 0x00000000ff800000, 0x00000000ff800000| Untracked 
|  57|0x00000000ff900000, 0x00000000ff97b8c8, 0x00000000ffa00000| 48%| E|  |TAMS 0x00000000ff900000, 0x00000000ff900000| Complete 
|  58|0x00000000ffa00000, 0x00000000ffb00000, 0x00000000ffb00000|100%| E|CS|TAMS 0x00000000ffa00000, 0x00000000ffa00000| Complete 
|  59|0x00000000ffb00000, 0x00000000ffc00000, 0x00000000ffc00000|100%| E|CS|TAMS 0x00000000ffb00000, 0x00000000ffb00000| Complete 
|  60|0x00000000ffc00000, 0x00000000ffd00000, 0x00000000ffd00000|100%| E|CS|TAMS 0x00000000ffc00000, 0x00000000ffc00000| Complete 
|  61|0x00000000ffd00000, 0x00000000ffe00000, 0x00000000ffe00000|100%| E|  |TAMS 0x00000000ffd00000, 0x00000000ffd00000| Complete 
|  62|0x00000000ffe00000, 0x00000000fff00000, 0x00000000fff00000|100%| E|CS|TAMS 0x00000000ffe00000, 0x00000000ffe00000| Complete 
|  63|0x00000000fff00000, 0x0000000100000000, 0x0000000100000000|100%| E|CS|TAMS 0x00000000fff00000, 0x00000000fff00000| Complete 

Card table byte_map: [0x0000029eb86a0000,0x0000029eb86c0000] _byte_map_base: 0x0000029eb7ec0000

Marking Bits (Prev, Next): (CMBitMap*) 0x0000029eb875c178, (CMBitMap*) 0x0000029eb875c1b0
 Prev Bits: [0x0000029ed01e0000, 0x0000029ed02e0000)
 Next Bits: [0x0000029ed02e0000, 0x0000029ed03e0000)

Polling page: 0x0000029eb7f10000

Metaspace:

Usage:
  Non-class:      6.51 MB capacity,     6.41 MB ( 98%) used,   100.10 KB (  2%) free+waste,     5.19 KB ( <1%) overhead. 
      Class:    682.00 KB capacity,   624.09 KB ( 92%) used,    55.48 KB (  8%) free+waste,     2.44 KB ( <1%) overhead. 
       Both:      7.18 MB capacity,     7.02 MB ( 98%) used,   155.58 KB (  2%) free+waste,     7.63 KB ( <1%) overhead. 

Virtual space:
  Non-class space:        8.00 MB reserved,       6.75 MB ( 84%) committed 
      Class space:        1.00 GB reserved,     768.00 KB ( <1%) committed 
             Both:        1.01 GB reserved,       7.50 MB ( <1%) committed 

Chunk freelists:
   Non-Class:  49.00 KB
       Class:  0 bytes
        Both:  49.00 KB

MaxMetaspaceSize: 17179869184.00 GB
CompressedClassSpaceSize: 1.00 GB
Initial GC threshold: 20.80 MB
Current GC threshold: 20.80 MB
CDS: off

CodeHeap 'non-profiled nmethods': size=120000Kb used=108Kb max_used=108Kb free=119891Kb
 bounds [0x0000029ec8980000, 0x0000029ec8bf0000, 0x0000029ecfeb0000]
CodeHeap 'profiled nmethods': size=120000Kb used=578Kb max_used=578Kb free=119422Kb
 bounds [0x0000029ec1450000, 0x0000029ec16c0000, 0x0000029ec8980000]
CodeHeap 'non-nmethods': size=5760Kb used=1106Kb max_used=1119Kb free=4653Kb
 bounds [0x0000029ec0eb0000, 0x0000029ec1120000, 0x0000029ec1450000]
 total_blobs=739 nmethods=386 adapters=266
 compilation: enabled
              stopped_count=0, restarted_count=0
 full_count=0

Compilation events (20 events):
Event: 10.697 Thread 0x0000029ed37ab000  378       3       java.io.WinNTFileSystem::hashCode (17 bytes)
Event: 10.697 Thread 0x0000029ed37ab000 nmethod 378 0x0000029ec14dc990 code [0x0000029ec14dcb80, 0x0000029ec14dcee8]
Event: 10.703 Thread 0x0000029ed37ab000  379   !   3       java.util.zip.ZipFile::getEntry (73 bytes)
Event: 10.704 Thread 0x0000029ed37ab000 nmethod 379 0x0000029ec14dd090 code [0x0000029ec14dd2a0, 0x0000029ec14dd8e8]
Event: 10.707 Thread 0x0000029ed37ab000  380   !   3       java.io.WinNTFileSystem::isInvalid (78 bytes)
Event: 10.708 Thread 0x0000029ed37ab000 nmethod 380 0x0000029ec14ddc10 code [0x0000029ec14dde00, 0x0000029ec14de1f8]
Event: 10.708 Thread 0x0000029ed37ab000  381       3       java.util.LinkedHashMap::get (33 bytes)
Event: 10.708 Thread 0x0000029ed37ab000 nmethod 381 0x0000029ec14de390 code [0x0000029ec14de580, 0x0000029ec14de9a8]
Event: 10.709 Thread 0x0000029ed37ab000  382       3       java.util.LinkedHashMap::newNode (23 bytes)
Event: 10.709 Thread 0x0000029ed37ab000 nmethod 382 0x0000029ec14deb10 code [0x0000029ec14ded00, 0x0000029ec14df2d8]
Event: 10.709 Thread 0x0000029ed37ab000  383       3       java.util.LinkedHashMap$Entry::<init> (10 bytes)
Event: 10.710 Thread 0x0000029ed3649000  385 %     4       java.lang.StringLatin1::toLowerCase @ 114 (180 bytes)
Event: 10.710 Thread 0x0000029ed37ab000 nmethod 383 0x0000029ec14df490 code [0x0000029ec14df660, 0x0000029ec14df938]
Event: 10.710 Thread 0x0000029ed37ab000  384       3       java.util.LinkedHashMap$LinkedHashIterator::hasNext (13 bytes)
Event: 10.710 Thread 0x0000029ed37ab000 nmethod 384 0x0000029ec14dfa10 code [0x0000029ec14dfbc0, 0x0000029ec14dfd18]
Event: 10.710 Thread 0x0000029ed37ab000  386       3       java.util.LinkedHashMap$LinkedKeyIterator::next (8 bytes)
Event: 10.710 Thread 0x0000029ed37ab000 nmethod 386 0x0000029ec14dfd90 code [0x0000029ec14dff40, 0x0000029ec14e0088]
Event: 10.710 Thread 0x0000029ed37ab000  387       3       java.util.LinkedHashMap$LinkedHashIterator::nextNode (54 bytes)
Event: 10.710 Thread 0x0000029ed37ab000 nmethod 387 0x0000029ec14e0190 code [0x0000029ec14e0380, 0x0000029ec14e06b8]
Event: 10.710 Thread 0x0000029ed37ab000  388       3       java.util.regex.Pattern::escape (1323 bytes)

GC Heap History (0 events):
No events

Deoptimization events (20 events):
Event: 7.823 Thread 0x0000029eb873c800 DEOPT PACKING pc=0x0000029ec14a320e sp=0x000000a3569f68e0
Event: 7.823 Thread 0x0000029eb873c800 DEOPT UNPACKING pc=0x0000029ec0efa95e sp=0x000000a3569f5d80 mode 0
Event: 7.823 Thread 0x0000029eb873c800 DEOPT PACKING pc=0x0000029ec14a320e sp=0x000000a3569f68e0
Event: 7.823 Thread 0x0000029eb873c800 DEOPT UNPACKING pc=0x0000029ec0efa95e sp=0x000000a3569f5d80 mode 0
Event: 7.825 Thread 0x0000029eb873c800 DEOPT PACKING pc=0x0000029ec14a38bb sp=0x000000a3569f68b0
Event: 7.830 Thread 0x0000029eb873c800 DEOPT UNPACKING pc=0x0000029ec0efa95e sp=0x000000a3569f5d80 mode 0
Event: 9.831 Thread 0x0000029eb873c800 DEOPT PACKING pc=0x0000029ec14b325b sp=0x000000a3569fda40
Event: 9.831 Thread 0x0000029eb873c800 DEOPT UNPACKING pc=0x0000029ec0efa95e sp=0x000000a3569fceb8 mode 0
Event: 9.831 Thread 0x0000029eb873c800 DEOPT PACKING pc=0x0000029ec148841b sp=0x000000a3569fda50
Event: 9.831 Thread 0x0000029eb873c800 DEOPT UNPACKING pc=0x0000029ec0efa95e sp=0x000000a3569fcec0 mode 0
Event: 9.831 Thread 0x0000029eb873c800 DEOPT PACKING pc=0x0000029ec14b325b sp=0x000000a3569fda40
Event: 9.831 Thread 0x0000029eb873c800 DEOPT UNPACKING pc=0x0000029ec0efa95e sp=0x000000a3569fceb8 mode 0
Event: 9.831 Thread 0x0000029eb873c800 DEOPT PACKING pc=0x0000029ec148841b sp=0x000000a3569fda50
Event: 9.831 Thread 0x0000029eb873c800 DEOPT UNPACKING pc=0x0000029ec0efa95e sp=0x000000a3569fcec0 mode 0
Event: 9.836 Thread 0x0000029eb873c800 DEOPT PACKING pc=0x0000029ec14b325b sp=0x000000a3569fd9a0
Event: 9.836 Thread 0x0000029eb873c800 DEOPT UNPACKING pc=0x0000029ec0efa95e sp=0x000000a3569fce18 mode 0
Event: 9.836 Thread 0x0000029eb873c800 DEOPT PACKING pc=0x0000029ec148841b sp=0x000000a3569fd9b0
Event: 9.836 Thread 0x0000029eb873c800 DEOPT UNPACKING pc=0x0000029ec0efa95e sp=0x000000a3569fce20 mode 0
Event: 9.837 Thread 0x0000029eb873c800 DEOPT PACKING pc=0x0000029ec148841b sp=0x000000a3569fd9b0
Event: 9.837 Thread 0x0000029eb873c800 DEOPT UNPACKING pc=0x0000029ec0efa95e sp=0x000000a3569fce20 mode 0

Classes redefined (0 events):
No events

Internal exceptions (4 events):
Event: 7.882 Thread 0x0000029eb873c800 Exception <a 'java/lang/NoSuchMethodError'{0x00000000ffc636f0}: 'int java.lang.invoke.DirectMethodHandle$Holder.invokeStaticInit(java.lang.Object, java.lang.Object)'> (0x00000000ffc636f0) thrown at [./src/hotspot/share/interpreter/linkResolver.cpp, line 773]
Event: 9.832 Thread 0x0000029eb873c800 Exception <a 'java/lang/NoSuchMethodError'{0x00000000ffb38c58}: 'int java.lang.invoke.DirectMethodHandle$Holder.invokeSpecial(java.lang.Object, java.lang.Object, java.lang.Object, java.lang.Object)'> (0x00000000ffb38c58) thrown at [./src/hotspot/share/interpreter/linkResolver.cpp, line 773]
Event: 9.845 Thread 0x0000029eb873c800 Exception <a 'java/lang/NoSuchMethodError'{0x00000000ffb71020}: 'int java.lang.invoke.DirectMethodHandle$Holder.invokeSpecialIFC(java.lang.Object, java.lang.Object, int)'> (0x00000000ffb71020) thrown at [./src/hotspot/share/interpreter/linkResolver.cpp, line 773]
Event: 10.723 Thread 0x0000029eb873c800 Exception <a 'java/lang/OutOfMemoryError'{0x00000000ff903450}> (0x00000000ff903450) thrown at [./src/hotspot/share/prims/jni.cpp, line 638]

Events (20 events):
Event: 9.824 loading class org/gradle/api/internal/classpath/DefaultModuleRegistry$DefaultModule done
Event: 9.826 loading class java/util/Collections$SingletonSet
Event: 9.827 loading class java/util/Collections$SingletonSet done
Event: 9.827 loading class java/util/Collections$1
Event: 9.827 loading class java/util/Collections$1 done
Event: 9.832 loading class org/gradle/api/internal/classpath/DefaultModuleRegistry
Event: 9.832 loading class org/gradle/api/internal/classpath/DefaultModuleRegistry done
Event: 9.838 loading class java/lang/invoke/DirectMethodHandle$Constructor
Event: 9.838 loading class java/lang/invoke/DirectMethodHandle$Constructor done
Event: 9.840 loading class org/gradle/util/internal/GUtil
Event: 9.840 loading class org/gradle/util/internal/GUtil done
Event: 9.843 loading class org/gradle/internal/InternalTransformer
Event: 9.843 loading class org/gradle/internal/InternalTransformer done
Event: 9.847 loading class java/util/regex/Pattern$StartS
Event: 9.847 loading class java/util/regex/Pattern$StartS done
Event: 9.859 loading class org/gradle/internal/IoActions
Event: 9.859 loading class org/gradle/internal/IoActions done
Event: 9.861 loading class org/gradle/api/Action
Event: 9.861 loading class org/gradle/api/Action done
Event: 10.723 loading class java/util/zip/DataFormatException


Dynamic libraries:
0x00007ff7d9a90000 - 0x00007ff7d9a9d000 	C:\Program Files\Microsoft\jdk-11.0.18.10-hotspot\bin\java.exe
0x00007ffb59fd0000 - 0x00007ffb5a1e4000 	C:\WINDOWS\SYSTEM32\ntdll.dll
0x00007ffb58190000 - 0x00007ffb58254000 	C:\WINDOWS\System32\KERNEL32.DLL
0x00007ffb57400000 - 0x00007ffb577a4000 	C:\WINDOWS\System32\KERNELBASE.dll
0x00007ffb577b0000 - 0x00007ffb578c1000 	C:\WINDOWS\System32\ucrtbase.dll
0x00007ffb49820000 - 0x00007ffb49837000 	C:\Program Files\Microsoft\jdk-11.0.18.10-hotspot\bin\jli.dll
0x00007ffb45f40000 - 0x00007ffb45f55000 	C:\Program Files\Microsoft\jdk-11.0.18.10-hotspot\bin\VCRUNTIME140.dll
0x00007ffb59b70000 - 0x00007ffb59d1e000 	C:\WINDOWS\System32\USER32.dll
0x00007ffb405c0000 - 0x00007ffb40853000 	C:\WINDOWS\WinSxS\amd64_microsoft.windows.common-controls_6595b64144ccf1df_6.0.22621.2215_none_270d72677387dfc3\COMCTL32.dll
0x00007ffb590a0000 - 0x00007ffb59147000 	C:\WINDOWS\System32\msvcrt.dll
0x00007ffb57f00000 - 0x00007ffb57f29000 	C:\WINDOWS\System32\GDI32.dll
0x00007ffb57ab0000 - 0x00007ffb57ad6000 	C:\WINDOWS\System32\win32u.dll
0x00007ffb57990000 - 0x00007ffb57aa8000 	C:\WINDOWS\System32\gdi32full.dll
0x00007ffb57cc0000 - 0x00007ffb57d5a000 	C:\WINDOWS\System32\msvcp_win.dll
0x00007ffb58490000 - 0x00007ffb584c1000 	C:\WINDOWS\System32\IMM32.DLL
0x00007ffb379d0000 - 0x00007ffb37a6b000 	C:\Program Files\Microsoft\jdk-11.0.18.10-hotspot\bin\msvcp140.dll
0x00007ffadc290000 - 0x00007ffadce22000 	C:\Program Files\Microsoft\jdk-11.0.18.10-hotspot\bin\server\jvm.dll
0x00007ffb580e0000 - 0x00007ffb58190000 	C:\WINDOWS\System32\ADVAPI32.dll
0x00007ffb583d0000 - 0x00007ffb58476000 	C:\WINDOWS\System32\sechost.dll
0x00007ffb57d60000 - 0x00007ffb57e77000 	C:\WINDOWS\System32\RPCRT4.dll
0x00007ffb59170000 - 0x00007ffb59178000 	C:\WINDOWS\System32\PSAPI.DLL
0x00007ffb4f850000 - 0x00007ffb4f859000 	C:\WINDOWS\SYSTEM32\WSOCK32.dll
0x00007ffb59af0000 - 0x00007ffb59b61000 	C:\WINDOWS\System32\WS2_32.dll
0x00007ffb511a0000 - 0x00007ffb511d4000 	C:\WINDOWS\SYSTEM32\WINMM.dll
0x00007ffb4f860000 - 0x00007ffb4f86a000 	C:\WINDOWS\SYSTEM32\VERSION.dll
0x00007ffb563d0000 - 0x00007ffb563e8000 	C:\WINDOWS\SYSTEM32\kernel.appcore.dll
0x00007ffb4d8a0000 - 0x00007ffb4d8b0000 	C:\Program Files\Microsoft\jdk-11.0.18.10-hotspot\bin\verify.dll
0x00007ffb46540000 - 0x00007ffb4676e000 	C:\WINDOWS\SYSTEM32\DBGHELP.DLL
0x00007ffb59760000 - 0x00007ffb59aea000 	C:\WINDOWS\System32\combase.dll
0x00007ffb58570000 - 0x00007ffb58647000 	C:\WINDOWS\System32\OLEAUT32.dll
0x00007ffb46220000 - 0x00007ffb46252000 	C:\WINDOWS\SYSTEM32\dbgcore.DLL
0x00007ffb57380000 - 0x00007ffb573fa000 	C:\WINDOWS\System32\bcryptPrimitives.dll
0x00007ffb41e50000 - 0x00007ffb41e78000 	C:\Program Files\Microsoft\jdk-11.0.18.10-hotspot\bin\java.dll
0x00007ffb4c4b0000 - 0x00007ffb4c4ba000 	C:\Program Files\Microsoft\jdk-11.0.18.10-hotspot\bin\jimage.dll
0x00007ffb44180000 - 0x00007ffb44198000 	C:\Program Files\Microsoft\jdk-11.0.18.10-hotspot\bin\zip.dll
0x00007ffb58650000 - 0x00007ffb58e73000 	C:\WINDOWS\System32\SHELL32.dll
0x00007ffb552c0000 - 0x00007ffb55baa000 	C:\WINDOWS\SYSTEM32\windows.storage.dll
0x00007ffb55180000 - 0x00007ffb552be000 	C:\WINDOWS\SYSTEM32\wintypes.dll
0x00007ffb582d0000 - 0x00007ffb583c3000 	C:\WINDOWS\System32\SHCORE.dll
0x00007ffb59700000 - 0x00007ffb5975e000 	C:\WINDOWS\System32\shlwapi.dll
0x00007ffb572b0000 - 0x00007ffb572d6000 	C:\WINDOWS\SYSTEM32\profapi.dll
0x00007ffb41e10000 - 0x00007ffb41e29000 	C:\Program Files\Microsoft\jdk-11.0.18.10-hotspot\bin\net.dll
0x00007ffb52990000 - 0x00007ffb52ac7000 	C:\WINDOWS\SYSTEM32\WINHTTP.dll
0x00007ffb56850000 - 0x00007ffb568b9000 	C:\WINDOWS\system32\mswsock.dll
0x00007ffb3da50000 - 0x00007ffb3da63000 	C:\Program Files\Microsoft\jdk-11.0.18.10-hotspot\bin\nio.dll

dbghelp: loaded successfully - version: 4.0.5 - missing functions: none
symbol engine: initialized successfully - sym options: 0x614 - pdb path: .;C:\Program Files\Microsoft\jdk-11.0.18.10-hotspot\bin;C:\WINDOWS\SYSTEM32;C:\WINDOWS\WinSxS\amd64_microsoft.windows.common-controls_6595b64144ccf1df_6.0.22621.2215_none_270d72677387dfc3;C:\Program Files\Microsoft\jdk-11.0.18.10-hotspot\bin\server

VM Arguments:
jvm_args: -Xmx64m -Xms64m -Dorg.gradle.appname=gradlew 
java_command: org.gradle.wrapper.GradleWrapperMain tasks
java_class_path (initial): B:\React Native Projects\CloudHotelAuth\android\\gradle\wrapper\gradle-wrapper.jar
Launcher Type: SUN_STANDARD

[Global flags]
     intx CICompilerCount                          = 4                                         {product} {ergonomic}
     uint ConcGCThreads                            = 2                                         {product} {ergonomic}
     uint G1ConcRefinementThreads                  = 8                                         {product} {ergonomic}
   size_t G1HeapRegionSize                         = 1048576                                   {product} {ergonomic}
    uintx GCDrainStackTargetSize                   = 64                                        {product} {ergonomic}
   size_t InitialHeapSize                          = 67108864                                  {product} {command line}
   size_t MarkStackSize                            = 4194304                                   {product} {ergonomic}
   size_t MaxHeapSize                              = 67108864                                  {product} {command line}
   size_t MaxNewSize                               = 39845888                                  {product} {ergonomic}
   size_t MinHeapDeltaBytes                        = 1048576                                   {product} {ergonomic}
    uintx NonNMethodCodeHeapSize                   = 5836300                                {pd product} {ergonomic}
    uintx NonProfiledCodeHeapSize                  = 122910970                              {pd product} {ergonomic}
    uintx ProfiledCodeHeapSize                     = 122910970                              {pd product} {ergonomic}
    uintx ReservedCodeCacheSize                    = 251658240                              {pd product} {ergonomic}
     bool SegmentedCodeCache                       = true                                      {product} {ergonomic}
     bool UseCompressedClassPointers               = true                                 {lp64_product} {ergonomic}
     bool UseCompressedOops                        = true                                 {lp64_product} {ergonomic}
     bool UseG1GC                                  = true                                      {product} {ergonomic}
     bool UseLargePagesIndividualAllocation        = false                                  {pd product} {ergonomic}

Logging:
Log output configuration:
 #0: stdout all=warning uptime,level,tags
 #1: stderr all=off uptime,level,tags

Environment Variables:
JAVA_HOME=C:\Program Files\Microsoft\jdk-11.0.18.10-hotspot\
CLASSPATH=B:\React Native Projects\CloudHotelAuth\android\\gradle\wrapper\gradle-wrapper.jar
PATH=B:\React Native Projects\CloudHotelAuth\node_modules\.bin;B:\React Native Projects\CloudHotelAuth\node_modules\.bin;B:\React Native Projects\node_modules\.bin;B:\node_modules\.bin;C:\Users\91913\AppData\Roaming\nvm\v16.20.2\node_modules\npm\node_modules\@npmcli\run-script\lib\node-gyp-bin;B:\React Native Projects\CloudHotelAuth\node_modules\.bin;B:\React Native Projects\node_modules\.bin;B:\node_modules\.bin;C:\Users\91913\AppData\Roaming\nvm\v16.20.2\node_modules\npm\node_modules\@npmcli\run-script\lib\node-gyp-bin;C:\Program Files\Microsoft\jdk-11.0.18.10-hotspot\bin;C:\Program Files (x86)\Common Files\Oracle\Java\javapath;C:\Program Files\Java\jdk-18.0.1.1\bin;C:\ProgramData\chocolatey\bin;C:\Users\91913\AppData\Local\Android\Sdk\platform-tools;C:\Program Files\Git\cmd;%NVM_HOME%;%NVM_SYMLINK%;C:\Ruby32-x64\bin;C:\windows\system32;C:\Users\91913\AppData\Local\Programs\Microsoft VS Code\bin;C:\Users\91913\AppData\Roaming\nvm;C:\Program Files\nodejs
USERNAME=91913
LANG=en_US.UTF-8
OS=Windows_NT
PROCESSOR_IDENTIFIER=AMD64 Family 23 Model 104 Stepping 1, AuthenticAMD
TMP=C:\Users\91913\AppData\Local\Temp
TEMP=C:\Users\91913\AppData\Local\Temp



---------------  S Y S T E M  ---------------

OS: Windows 11 , 64 bit Build 22621 (10.0.22621.2215)
OS uptime: 15 days 23:46 hours
Hyper-V role detected

CPU:total 8 (initial active 8) (8 cores per cpu, 2 threads per core) family 23 model 104 stepping 1 microcode 0x0, cmov, cx8, fxsr, mmx, sse, sse2, sse3, ssse3, sse4.1, sse4.2, popcnt, avx, avx2, aes, clmul, mmxext, 3dnowpref, lzcnt, sse4a, ht, tsc, tscinvbit, tscinv, bmi1, bmi2, adx, sha, fma

Memory: 4k page, system-wide physical 7502M (159M free)
TotalPageFile size 30030M (AvailPageFile size 328M)
current process WorkingSet (physical memory assigned to process): 36M, peak: 39M
current process commit charge ("private bytes"): 142M, peak: 142M

vm_info: OpenJDK 64-Bit Server VM (11.0.18+10-LTS) for windows-amd64 JRE (11.0.18+10-LTS), built on Jan 18 2023 15:56:47 by "MicrosoftCorporation" with MS VC++ 15.9 (VS2017)

END.
