#
# There is insufficient memory for the Java Runtime Environment to continue.
# Native memory allocation (malloc) failed to allocate 165856 bytes for Chunk::new
# Possible reasons:
#   The system is out of physical RAM or swap space
#   The process is running with CompressedOops enabled, and the Java Heap may be blocking the growth of the native heap
# Possible solutions:
#   Reduce memory load on the system
#   Increase physical memory or swap space
#   Check if swap backing store is full
#   Decrease Java heap size (-Xmx/-Xms)
#   Decrease number of Java threads
#   Decrease Java thread stack sizes (-Xss)
#   Set larger code cache with -XX:ReservedCodeCacheSize=
#   JVM is running with Unscaled Compressed Oops mode in which the Java heap is
#     placed in the first 4GB address space. The Java Heap base address is the
#     maximum limit for the native heap growth. Please use -XX:HeapBaseMinAddress
#     to set the Java Heap base and to place the Java Heap above 4GB virtual address.
# This output file may be truncated or incomplete.
#
#  Out of Memory Error (./src/hotspot/share/memory/arena.cpp:197), pid=12060, tid=35552
#
# JRE version: OpenJDK Runtime Environment Microsoft-7208460 (11.0.18+10) (build 11.0.18+10-LTS)
# Java VM: OpenJDK 64-Bit Server VM Microsoft-7208460 (11.0.18+10-LTS, mixed mode, tiered, compressed oops, g1 gc, windows-amd64)
# No core dump will be written. Minidumps are not enabled by default on client versions of Windows
#

---------------  S U M M A R Y ------------

Command Line: -Xmx64m -Xms64m -Dorg.gradle.appname=gradlew org.gradle.wrapper.GradleWrapperMain tasks

Host: AMD Ryzen 3 5300U with Radeon Graphics         , 8 cores, 7G,  Windows 11 , 64 bit Build 22621 (10.0.22621.2215)
Time: Sat Sep 30 14:20:43 2023 India Standard Time elapsed time: 14.440579 seconds (0d 0h 0m 14s)

---------------  T H R E A D  ---------------

Current thread (0x000001f6b4a61800):  JavaThread "C2 CompilerThread0" daemon [_thread_in_native, id=35552, stack(0x00000010f3d00000,0x00000010f3e00000)]


Current CompileTask:
C2:  14440  658       4       java.util.zip.ZipFile$Source::getEntryPos (206 bytes)

Stack: [0x00000010f3d00000,0x00000010f3e00000]
Native frames: (J=compiled Java code, j=interpreted, Vv=VM code, C=native code)
V  [jvm.dll+0x62bf8a]
V  [jvm.dll+0x7b8fb9]
V  [jvm.dll+0x7ba6a8]
V  [jvm.dll+0x7bad83]
V  [jvm.dll+0x250248]
V  [jvm.dll+0xc260c]
V  [jvm.dll+0xc2bcc]
V  [jvm.dll+0x2c4e64]
V  [jvm.dll+0x533dcc]
V  [jvm.dll+0x21177b]
V  [jvm.dll+0x20b39a]
V  [jvm.dll+0x2083eb]
V  [jvm.dll+0x18a4b1]
V  [jvm.dll+0x217eec]
V  [jvm.dll+0x21612b]
V  [jvm.dll+0x77bac0]
V  [jvm.dll+0x7749f4]
V  [jvm.dll+0x62adf5]
C  [ucrtbase.dll+0x29363]
C  [KERNEL32.DLL+0x1257d]
C  [ntdll.dll+0x5aa68]


---------------  P R O C E S S  ---------------

Threads class SMR info:
_java_thread_list=0x000001f6b4d1d580, length=10, elements={
0x000001f699b9d000, 0x000001f6b4a57000, 0x000001f6b4a58800, 0x000001f6b4ab7000,
0x000001f6b4ab9800, 0x000001f6b4aba800, 0x000001f6b4a61800, 0x000001f6b4a6a000,
0x000001f6b4acd800, 0x000001f6b4d2a800
}

Java Threads: ( => current thread )
  0x000001f699b9d000 JavaThread "main" [_thread_in_vm, id=16608, stack(0x00000010f3100000,0x00000010f3200000)]
  0x000001f6b4a57000 JavaThread "Reference Handler" daemon [_thread_blocked, id=25500, stack(0x00000010f3800000,0x00000010f3900000)]
  0x000001f6b4a58800 JavaThread "Finalizer" daemon [_thread_blocked, id=29084, stack(0x00000010f3900000,0x00000010f3a00000)]
  0x000001f6b4ab7000 JavaThread "Signal Dispatcher" daemon [_thread_blocked, id=2056, stack(0x00000010f3a00000,0x00000010f3b00000)]
  0x000001f6b4ab9800 JavaThread "Attach Listener" daemon [_thread_blocked, id=31916, stack(0x00000010f3b00000,0x00000010f3c00000)]
  0x000001f6b4aba800 JavaThread "Service Thread" daemon [_thread_blocked, id=35644, stack(0x00000010f3c00000,0x00000010f3d00000)]
=>0x000001f6b4a61800 JavaThread "C2 CompilerThread0" daemon [_thread_in_native, id=35552, stack(0x00000010f3d00000,0x00000010f3e00000)]
  0x000001f6b4a6a000 JavaThread "C1 CompilerThread0" daemon [_thread_blocked, id=31688, stack(0x00000010f3e00000,0x00000010f3f00000)]
  0x000001f6b4acd800 JavaThread "Sweeper thread" daemon [_thread_blocked, id=31428, stack(0x00000010f3f00000,0x00000010f4000000)]
  0x000001f6b4d2a800 JavaThread "Common-Cleaner" daemon [_thread_blocked, id=29244, stack(0x00000010f4100000,0x00000010f4200000)]

Other Threads:
  0x000001f6b4a3e800 VMThread "VM Thread" [stack: 0x00000010f3700000,0x00000010f3800000] [id=35160]
  0x000001f6b4d1c800 WatcherThread [stack: 0x00000010f4000000,0x00000010f4100000] [id=31044]
  0x000001f699bb6000 GCTaskThread "GC Thread#0" [stack: 0x00000010f3200000,0x00000010f3300000] [id=29380]
  0x000001f699bbc800 ConcurrentGCThread "G1 Main Marker" [stack: 0x00000010f3300000,0x00000010f3400000] [id=3876]
  0x000001f699bbd800 ConcurrentGCThread "G1 Conc#0" [stack: 0x00000010f3400000,0x00000010f3500000] [id=10004]
  0x000001f699c24800 ConcurrentGCThread "G1 Refine#0" [stack: 0x00000010f3500000,0x00000010f3600000] [id=8380]
  0x000001f699c25800 ConcurrentGCThread "G1 Young RemSet Sampling" [stack: 0x00000010f3600000,0x00000010f3700000] [id=29000]

Threads with active compile tasks:
C2 CompilerThread0    14470  658       4       java.util.zip.ZipFile$Source::getEntryPos (206 bytes)

VM state:not at safepoint (normal execution)

VM Mutex/Monitor currently owned by a thread: None

Heap address: 0x00000000fc000000, size: 64 MB, Compressed Oops mode: 32-bit
Narrow klass base: 0x0000000000000000, Narrow klass shift: 3
Compressed class space size: 1073741824 Address: 0x0000000100000000

Heap:
 garbage-first heap   total 65536K, used 20480K [0x00000000fc000000, 0x0000000100000000)
  region size 1024K, 18 young (18432K), 0 survivors (0K)
 Metaspace       used 8029K, capacity 8241K, committed 8576K, reserved 1056768K
  class space    used 714K, capacity 786K, committed 896K, reserved 1048576K
Heap Regions: E=young(eden), S=young(survivor), O=old, HS=humongous(starts), HC=humongous(continues), CS=collection set, F=free, A=archive, TAMS=top-at-mark-start (previous, next)
|   0|0x00000000fc000000, 0x00000000fc100000, 0x00000000fc100000|100%|HS|  |TAMS 0x00000000fc000000, 0x00000000fc000000| Complete 
|   1|0x00000000fc100000, 0x00000000fc200000, 0x00000000fc200000|100%|HC|  |TAMS 0x00000000fc100000, 0x00000000fc100000| Complete 
|   2|0x00000000fc200000, 0x00000000fc300000, 0x00000000fc300000|100%|HC|  |TAMS 0x00000000fc200000, 0x00000000fc200000| Complete 
|   3|0x00000000fc300000, 0x00000000fc400000, 0x00000000fc400000|100%|HC|  |TAMS 0x00000000fc300000, 0x00000000fc300000| Complete 
|   4|0x00000000fc400000, 0x00000000fc400000, 0x00000000fc500000|  0%| F|  |TAMS 0x00000000fc400000, 0x00000000fc400000| Untracked 
|   5|0x00000000fc500000, 0x00000000fc500000, 0x00000000fc600000|  0%| F|  |TAMS 0x00000000fc500000, 0x00000000fc500000| Untracked 
|   6|0x00000000fc600000, 0x00000000fc600000, 0x00000000fc700000|  0%| F|  |TAMS 0x00000000fc600000, 0x00000000fc600000| Untracked 
|   7|0x00000000fc700000, 0x00000000fc700000, 0x00000000fc800000|  0%| F|  |TAMS 0x00000000fc700000, 0x00000000fc700000| Untracked 
|   8|0x00000000fc800000, 0x00000000fc800000, 0x00000000fc900000|  0%| F|  |TAMS 0x00000000fc800000, 0x00000000fc800000| Untracked 
|   9|0x00000000fc900000, 0x00000000fc900000, 0x00000000fca00000|  0%| F|  |TAMS 0x00000000fc900000, 0x00000000fc900000| Untracked 
|  10|0x00000000fca00000, 0x00000000fca00000, 0x00000000fcb00000|  0%| F|  |TAMS 0x00000000fca00000, 0x00000000fca00000| Untracked 
|  11|0x00000000fcb00000, 0x00000000fcb00000, 0x00000000fcc00000|  0%| F|  |TAMS 0x00000000fcb00000, 0x00000000fcb00000| Untracked 
|  12|0x00000000fcc00000, 0x00000000fcc00000, 0x00000000fcd00000|  0%| F|  |TAMS 0x00000000fcc00000, 0x00000000fcc00000| Untracked 
|  13|0x00000000fcd00000, 0x00000000fcd00000, 0x00000000fce00000|  0%| F|  |TAMS 0x00000000fcd00000, 0x00000000fcd00000| Untracked 
|  14|0x00000000fce00000, 0x00000000fce00000, 0x00000000fcf00000|  0%| F|  |TAMS 0x00000000fce00000, 0x00000000fce00000| Untracked 
|  15|0x00000000fcf00000, 0x00000000fcf00000, 0x00000000fd000000|  0%| F|  |TAMS 0x00000000fcf00000, 0x00000000fcf00000| Untracked 
|  16|0x00000000fd000000, 0x00000000fd000000, 0x00000000fd100000|  0%| F|  |TAMS 0x00000000fd000000, 0x00000000fd000000| Untracked 
|  17|0x00000000fd100000, 0x00000000fd100000, 0x00000000fd200000|  0%| F|  |TAMS 0x00000000fd100000, 0x00000000fd100000| Untracked 
|  18|0x00000000fd200000, 0x00000000fd200000, 0x00000000fd300000|  0%| F|  |TAMS 0x00000000fd200000, 0x00000000fd200000| Untracked 
|  19|0x00000000fd300000, 0x00000000fd300000, 0x00000000fd400000|  0%| F|  |TAMS 0x00000000fd300000, 0x00000000fd300000| Untracked 
|  20|0x00000000fd400000, 0x00000000fd400000, 0x00000000fd500000|  0%| F|  |TAMS 0x00000000fd400000, 0x00000000fd400000| Untracked 
|  21|0x00000000fd500000, 0x00000000fd500000, 0x00000000fd600000|  0%| F|  |TAMS 0x00000000fd500000, 0x00000000fd500000| Untracked 
|  22|0x00000000fd600000, 0x00000000fd600000, 0x00000000fd700000|  0%| F|  |TAMS 0x00000000fd600000, 0x00000000fd600000| Untracked 
|  23|0x00000000fd700000, 0x00000000fd700000, 0x00000000fd800000|  0%| F|  |TAMS 0x00000000fd700000, 0x00000000fd700000| Untracked 
|  24|0x00000000fd800000, 0x00000000fd800000, 0x00000000fd900000|  0%| F|  |TAMS 0x00000000fd800000, 0x00000000fd800000| Untracked 
|  25|0x00000000fd900000, 0x00000000fd900000, 0x00000000fda00000|  0%| F|  |TAMS 0x00000000fd900000, 0x00000000fd900000| Untracked 
|  26|0x00000000fda00000, 0x00000000fda00000, 0x00000000fdb00000|  0%| F|  |TAMS 0x00000000fda00000, 0x00000000fda00000| Untracked 
|  27|0x00000000fdb00000, 0x00000000fdb00000, 0x00000000fdc00000|  0%| F|  |TAMS 0x00000000fdb00000, 0x00000000fdb00000| Untracked 
|  28|0x00000000fdc00000, 0x00000000fdc00000, 0x00000000fdd00000|  0%| F|  |TAMS 0x00000000fdc00000, 0x00000000fdc00000| Untracked 
|  29|0x00000000fdd00000, 0x00000000fdd00000, 0x00000000fde00000|  0%| F|  |TAMS 0x00000000fdd00000, 0x00000000fdd00000| Untracked 
|  30|0x00000000fde00000, 0x00000000fde00000, 0x00000000fdf00000|  0%| F|  |TAMS 0x00000000fde00000, 0x00000000fde00000| Untracked 
|  31|0x00000000fdf00000, 0x00000000fdf00000, 0x00000000fe000000|  0%| F|  |TAMS 0x00000000fdf00000, 0x00000000fdf00000| Untracked 
|  32|0x00000000fe000000, 0x00000000fe000000, 0x00000000fe100000|  0%| F|  |TAMS 0x00000000fe000000, 0x00000000fe000000| Untracked 
|  33|0x00000000fe100000, 0x00000000fe100000, 0x00000000fe200000|  0%| F|  |TAMS 0x00000000fe100000, 0x00000000fe100000| Untracked 
|  34|0x00000000fe200000, 0x00000000fe200000, 0x00000000fe300000|  0%| F|  |TAMS 0x00000000fe200000, 0x00000000fe200000| Untracked 
|  35|0x00000000fe300000, 0x00000000fe300000, 0x00000000fe400000|  0%| F|  |TAMS 0x00000000fe300000, 0x00000000fe300000| Untracked 
|  36|0x00000000fe400000, 0x00000000fe400000, 0x00000000fe500000|  0%| F|  |TAMS 0x00000000fe400000, 0x00000000fe400000| Untracked 
|  37|0x00000000fe500000, 0x00000000fe500000, 0x00000000fe600000|  0%| F|  |TAMS 0x00000000fe500000, 0x00000000fe500000| Untracked 
|  38|0x00000000fe600000, 0x00000000fe600000, 0x00000000fe700000|  0%| F|  |TAMS 0x00000000fe600000, 0x00000000fe600000| Untracked 
|  39|0x00000000fe700000, 0x00000000fe700000, 0x00000000fe800000|  0%| F|  |TAMS 0x00000000fe700000, 0x00000000fe700000| Untracked 
|  40|0x00000000fe800000, 0x00000000fe800000, 0x00000000fe900000|  0%| F|  |TAMS 0x00000000fe800000, 0x00000000fe800000| Untracked 
|  41|0x00000000fe900000, 0x00000000fe900000, 0x00000000fea00000|  0%| F|  |TAMS 0x00000000fe900000, 0x00000000fe900000| Untracked 
|  42|0x00000000fea00000, 0x00000000fea00000, 0x00000000feb00000|  0%| F|  |TAMS 0x00000000fea00000, 0x00000000fea00000| Untracked 
|  43|0x00000000feb00000, 0x00000000feb00000, 0x00000000fec00000|  0%| F|  |TAMS 0x00000000feb00000, 0x00000000feb00000| Untracked 
|  44|0x00000000fec00000, 0x00000000fec00000, 0x00000000fed00000|  0%| F|  |TAMS 0x00000000fec00000, 0x00000000fec00000| Untracked 
|  45|0x00000000fed00000, 0x00000000fed00000, 0x00000000fee00000|  0%| F|  |TAMS 0x00000000fed00000, 0x00000000fed00000| Untracked 
|  46|0x00000000fee00000, 0x00000000feef6488, 0x00000000fef00000| 96%| E|  |TAMS 0x00000000fee00000, 0x00000000fee00000| Complete 
|  47|0x00000000fef00000, 0x00000000ff000000, 0x00000000ff000000|100%| E|CS|TAMS 0x00000000fef00000, 0x00000000fef00000| Complete 
|  48|0x00000000ff000000, 0x00000000ff100000, 0x00000000ff100000|100%| E|CS|TAMS 0x00000000ff000000, 0x00000000ff000000| Complete 
|  49|0x00000000ff100000, 0x00000000ff200000, 0x00000000ff200000|100%| E|CS|TAMS 0x00000000ff100000, 0x00000000ff100000| Complete 
|  50|0x00000000ff200000, 0x00000000ff300000, 0x00000000ff300000|100%| E|CS|TAMS 0x00000000ff200000, 0x00000000ff200000| Complete 
|  51|0x00000000ff300000, 0x00000000ff400000, 0x00000000ff400000|100%| E|CS|TAMS 0x00000000ff300000, 0x00000000ff300000| Complete 
|  52|0x00000000ff400000, 0x00000000ff500000, 0x00000000ff500000|100%| E|  |TAMS 0x00000000ff400000, 0x00000000ff400000| Complete 
|  53|0x00000000ff500000, 0x00000000ff600000, 0x00000000ff600000|100%| E|CS|TAMS 0x00000000ff500000, 0x00000000ff500000| Complete 
|  54|0x00000000ff600000, 0x00000000ff700000, 0x00000000ff700000|100%| E|CS|TAMS 0x00000000ff600000, 0x00000000ff600000| Complete 
|  55|0x00000000ff700000, 0x00000000ff800000, 0x00000000ff800000|100%| E|CS|TAMS 0x00000000ff700000, 0x00000000ff700000| Complete 
|  56|0x00000000ff800000, 0x00000000ff900000, 0x00000000ff900000|100%| E|CS|TAMS 0x00000000ff800000, 0x00000000ff800000| Complete 
|  57|0x00000000ff900000, 0x00000000ffa00000, 0x00000000ffa00000|100%| E|CS|TAMS 0x00000000ff900000, 0x00000000ff900000| Complete 
|  58|0x00000000ffa00000, 0x00000000ffb00000, 0x00000000ffb00000|100%| E|CS|TAMS 0x00000000ffa00000, 0x00000000ffa00000| Complete 
|  59|0x00000000ffb00000, 0x00000000ffc00000, 0x00000000ffc00000|100%| E|CS|TAMS 0x00000000ffb00000, 0x00000000ffb00000| Complete 
|  60|0x00000000ffc00000, 0x00000000ffd00000, 0x00000000ffd00000|100%| E|CS|TAMS 0x00000000ffc00000, 0x00000000ffc00000| Complete 
|  61|0x00000000ffd00000, 0x00000000ffe00000, 0x00000000ffe00000|100%| E|CS|TAMS 0x00000000ffd00000, 0x00000000ffd00000| Complete 
|  62|0x00000000ffe00000, 0x00000000fff00000, 0x00000000fff00000|100%| E|CS|TAMS 0x00000000ffe00000, 0x00000000ffe00000| Complete 
|  63|0x00000000fff00000, 0x0000000100000000, 0x0000000100000000|100%| E|CS|TAMS 0x00000000fff00000, 0x00000000fff00000| Complete 

Card table byte_map: [0x000001f697b60000,0x000001f697b80000] _byte_map_base: 0x000001f697380000

Marking Bits (Prev, Next): (CMBitMap*) 0x000001f699bbb3e8, (CMBitMap*) 0x000001f699bbb420
 Prev Bits: [0x000001f6b1650000, 0x000001f6b1750000)
 Next Bits: [0x000001f6b1750000, 0x000001f6b1850000)

Polling page: 0x000001f697b10000

Metaspace:

Usage:
  Non-class:      7.28 MB capacity,     7.14 MB ( 98%) used,   133.31 KB (  2%) free+waste,     6.19 KB ( <1%) overhead. 
      Class:    786.00 KB capacity,   714.26 KB ( 91%) used,    68.87 KB (  9%) free+waste,     2.88 KB ( <1%) overhead. 
       Both:      8.05 MB capacity,     7.84 MB ( 97%) used,   202.18 KB (  2%) free+waste,     9.06 KB ( <1%) overhead. 

Virtual space:
  Non-class space:        8.00 MB reserved,       7.50 MB ( 94%) committed 
      Class space:        1.00 GB reserved,     896.00 KB ( <1%) committed 
             Both:        1.01 GB reserved,       8.38 MB ( <1%) committed 

Chunk freelists:
   Non-Class:  33.00 KB
       Class:  14.00 KB
        Both:  47.00 KB

MaxMetaspaceSize: 17179869184.00 GB
CompressedClassSpaceSize: 1.00 GB
Initial GC threshold: 20.80 MB
Current GC threshold: 20.80 MB
CDS: off

CodeHeap 'non-profiled nmethods': size=120000Kb used=206Kb max_used=206Kb free=119793Kb
 bounds [0x000001f6a9de0000, 0x000001f6aa050000, 0x000001f6b1310000]
CodeHeap 'profiled nmethods': size=120000Kb used=1250Kb max_used=1250Kb free=118749Kb
 bounds [0x000001f6a28b0000, 0x000001f6a2b20000, 0x000001f6a9de0000]
CodeHeap 'non-nmethods': size=5760Kb used=1106Kb max_used=1121Kb free=4653Kb
 bounds [0x000001f6a2310000, 0x000001f6a2580000, 0x000001f6a28b0000]
 total_blobs=1032 nmethods=678 adapters=267
 compilation: enabled
              stopped_count=0, restarted_count=0
 full_count=0

Compilation events (20 events):
Event: 10.555 Thread 0x000001f6b4a6a000  653   !   3       java.util.zip.ZipFile$Source::checkUTF8 (43 bytes)
Event: 10.556 Thread 0x000001f6b4a6a000 nmethod 653 0x000001f6a29d2390 code [0x000001f6a29d2580, 0x000001f6a29d2a18]
Event: 10.558 Thread 0x000001f6b4a61800  654   !   4       java.util.zip.ZipFile$Source::checkUTF8 (43 bytes)
Event: 10.562 Thread 0x000001f6b4a61800 nmethod 654 0x000001f6a9e13410 code [0x000001f6a9e135c0, 0x000001f6a9e13778]
Event: 11.512 Thread 0x000001f6b4a6a000  655       3       jdk.internal.loader.FileURLMapper::getPath (141 bytes)
Event: 11.514 Thread 0x000001f6b4a6a000 nmethod 655 0x000001f6a29d2c90 code [0x000001f6a29d3000, 0x000001f6a29d41b8]
Event: 13.582 Thread 0x000001f6b4a61800  656       4       jdk.internal.misc.Unsafe::getLong (7 bytes)
Event: 13.582 Thread 0x000001f6b4a61800 nmethod 656 0x000001f6a9e13890 code [0x000001f6a9e13a20, 0x000001f6a9e13a98]
Event: 14.227 Thread 0x000001f6b4a6a000  657       3       java.lang.StringCoding::hasNegatives (25 bytes)
Event: 14.227 Thread 0x000001f6b4a6a000 nmethod 657 0x000001f6a29d4810 code [0x000001f6a29d49c0, 0x000001f6a29d4bd8]
Event: 14.428 Thread 0x000001f6b4a61800  658       4       java.util.zip.ZipFile$Source::getEntryPos (206 bytes)
Event: 14.428 Thread 0x000001f6b4a6a000  659       3       java.net.URL::toLowerCase (37 bytes)
Event: 14.428 Thread 0x000001f6b4a6a000 nmethod 659 0x000001f6a29d4d10 code [0x000001f6a29d4f20, 0x000001f6a29d53a8]
Event: 14.428 Thread 0x000001f6b4a6a000  660   !   3       java.net.URL::getURLStreamHandler (191 bytes)
Event: 14.429 Thread 0x000001f6b4a6a000 nmethod 660 0x000001f6a29d5510 code [0x000001f6a29d57c0, 0x000001f6a29d6618]
Event: 14.435 Thread 0x000001f6b4a6a000  663       3       sun.nio.fs.NativeBuffers::releaseNativeBuffer (97 bytes)
Event: 14.436 Thread 0x000001f6b4a6a000 nmethod 663 0x000001f6a29d6b10 code [0x000001f6a29d6da0, 0x000001f6a29d7b78]
Event: 14.436 Thread 0x000001f6b4a6a000  662       3       sun.nio.fs.NativeBuffer::release (5 bytes)
Event: 14.436 Thread 0x000001f6b4a6a000 nmethod 662 0x000001f6a29d7f90 code [0x000001f6a29d8140, 0x000001f6a29d8268]
Event: 14.437 Thread 0x000001f6b4a6a000  664       3       jdk.internal.util.jar.JarIndex::get (49 bytes)

GC Heap History (0 events):
No events

Deoptimization events (20 events):
Event: 10.555 Thread 0x000001f699b9d000 DEOPT PACKING pc=0x000001f6a9e123b0 sp=0x00000010f31f61a0
Event: 10.555 Thread 0x000001f699b9d000 DEOPT UNPACKING pc=0x000001f6a235a1af sp=0x00000010f31f6148 mode 2
Event: 10.558 Thread 0x000001f699b9d000 DEOPT PACKING pc=0x000001f6a29d290b sp=0x00000010f31f63e0
Event: 10.558 Thread 0x000001f699b9d000 DEOPT UNPACKING pc=0x000001f6a235a95e sp=0x00000010f31f5898 mode 0
Event: 10.558 Thread 0x000001f699b9d000 DEOPT PACKING pc=0x000001f6a29d290b sp=0x00000010f31f63e0
Event: 10.558 Thread 0x000001f699b9d000 DEOPT UNPACKING pc=0x000001f6a235a95e sp=0x00000010f31f5898 mode 0
Event: 10.558 Thread 0x000001f699b9d000 DEOPT PACKING pc=0x000001f6a29d290b sp=0x00000010f31f63e0
Event: 10.558 Thread 0x000001f699b9d000 DEOPT UNPACKING pc=0x000001f6a235a95e sp=0x00000010f31f5898 mode 0
Event: 10.559 Thread 0x000001f699b9d000 DEOPT PACKING pc=0x000001f6a29d290b sp=0x00000010f31f63e0
Event: 10.559 Thread 0x000001f699b9d000 DEOPT UNPACKING pc=0x000001f6a235a95e sp=0x00000010f31f5898 mode 0
Event: 10.559 Thread 0x000001f699b9d000 DEOPT PACKING pc=0x000001f6a29d290b sp=0x00000010f31f63e0
Event: 10.559 Thread 0x000001f699b9d000 DEOPT UNPACKING pc=0x000001f6a235a95e sp=0x00000010f31f5898 mode 0
Event: 10.559 Thread 0x000001f699b9d000 DEOPT PACKING pc=0x000001f6a29d290b sp=0x00000010f31f63e0
Event: 10.559 Thread 0x000001f699b9d000 DEOPT UNPACKING pc=0x000001f6a235a95e sp=0x00000010f31f5898 mode 0
Event: 10.559 Thread 0x000001f699b9d000 DEOPT PACKING pc=0x000001f6a29d290b sp=0x00000010f31f63e0
Event: 10.559 Thread 0x000001f699b9d000 DEOPT UNPACKING pc=0x000001f6a235a95e sp=0x00000010f31f5898 mode 0
Event: 10.559 Thread 0x000001f699b9d000 DEOPT PACKING pc=0x000001f6a29d290b sp=0x00000010f31f63e0
Event: 10.559 Thread 0x000001f699b9d000 DEOPT UNPACKING pc=0x000001f6a235a95e sp=0x00000010f31f5898 mode 0
Event: 10.559 Thread 0x000001f699b9d000 DEOPT PACKING pc=0x000001f6a29d290b sp=0x00000010f31f63e0
Event: 10.562 Thread 0x000001f699b9d000 DEOPT UNPACKING pc=0x000001f6a235a95e sp=0x00000010f31f5898 mode 0

Classes redefined (0 events):
No events

Internal exceptions (3 events):
Event: 2.632 Thread 0x000001f699b9d000 Exception <a 'java/lang/NoSuchMethodError'{0x00000000ffc636f0}: 'int java.lang.invoke.DirectMethodHandle$Holder.invokeStaticInit(java.lang.Object, java.lang.Object)'> (0x00000000ffc636f0) thrown at [./src/hotspot/share/interpreter/linkResolver.cpp, line 773]
Event: 3.042 Thread 0x000001f699b9d000 Exception <a 'java/lang/NoSuchMethodError'{0x00000000ffb38be0}: 'int java.lang.invoke.DirectMethodHandle$Holder.invokeSpecial(java.lang.Object, java.lang.Object, java.lang.Object, java.lang.Object)'> (0x00000000ffb38be0) thrown at [./src/hotspot/share/interpreter/linkResolver.cpp, line 773]
Event: 3.078 Thread 0x000001f699b9d000 Exception <a 'java/lang/NoSuchMethodError'{0x00000000ffb70fa8}: 'int java.lang.invoke.DirectMethodHandle$Holder.invokeSpecialIFC(java.lang.Object, java.lang.Object, int)'> (0x00000000ffb70fa8) thrown at [./src/hotspot/share/interpreter/linkResolver.cpp, line 773]

Events (20 events):
Event: 7.963 loading class org/slf4j/helpers/NOPLoggerFactory
Event: 7.963 loading class org/slf4j/helpers/NOPLoggerFactory done
Event: 7.966 loading class org/slf4j/helpers/Util
Event: 7.966 loading class org/slf4j/helpers/Util done
Event: 7.967 loading class java/lang/SecurityException
Event: 7.968 loading class java/lang/SecurityException done
Event: 7.968 loading class java/util/Collections$EmptyEnumeration
Event: 7.969 loading class java/util/Collections$EmptyEnumeration done
Event: 7.969 loading class jdk/internal/loader/BuiltinClassLoader$1
Event: 7.969 loading class jdk/internal/loader/BuiltinClassLoader$1 done
Event: 7.970 loading class java/lang/CompoundEnumeration
Event: 7.970 loading class java/lang/CompoundEnumeration done
Event: 7.970 loading class jdk/internal/loader/URLClassPath$1
Event: 7.970 loading class jdk/internal/loader/URLClassPath$1 done
Event: 7.970 loading class java/net/URLClassLoader$3
Event: 7.970 loading class java/net/URLClassLoader$3 done
Event: 7.970 loading class java/net/URLClassLoader$3$1
Event: 7.970 loading class java/net/URLClassLoader$3$1 done
Event: 14.437 loading class org/slf4j/impl/StaticLoggerBinder
Event: 14.437 loading class org/slf4j/impl/StaticLoggerBinder done


Dynamic libraries:
0x00007ff7d9a90000 - 0x00007ff7d9a9d000 	C:\Program Files\Microsoft\jdk-11.0.18.10-hotspot\bin\java.exe
0x00007ffb59fd0000 - 0x00007ffb5a1e4000 	C:\WINDOWS\SYSTEM32\ntdll.dll
0x00007ffb58190000 - 0x00007ffb58254000 	C:\WINDOWS\System32\KERNEL32.DLL
0x00007ffb57400000 - 0x00007ffb577a4000 	C:\WINDOWS\System32\KERNELBASE.dll
0x00007ffb577b0000 - 0x00007ffb578c1000 	C:\WINDOWS\System32\ucrtbase.dll
0x00007ffb49820000 - 0x00007ffb49837000 	C:\Program Files\Microsoft\jdk-11.0.18.10-hotspot\bin\jli.dll
0x00007ffb45f40000 - 0x00007ffb45f55000 	C:\Program Files\Microsoft\jdk-11.0.18.10-hotspot\bin\VCRUNTIME140.dll
0x00007ffb59b70000 - 0x00007ffb59d1e000 	C:\WINDOWS\System32\USER32.dll
0x00007ffb57ab0000 - 0x00007ffb57ad6000 	C:\WINDOWS\System32\win32u.dll
0x00007ffb405c0000 - 0x00007ffb40853000 	C:\WINDOWS\WinSxS\amd64_microsoft.windows.common-controls_6595b64144ccf1df_6.0.22621.2215_none_270d72677387dfc3\COMCTL32.dll
0x00007ffb57f00000 - 0x00007ffb57f29000 	C:\WINDOWS\System32\GDI32.dll
0x00007ffb590a0000 - 0x00007ffb59147000 	C:\WINDOWS\System32\msvcrt.dll
0x00007ffb57990000 - 0x00007ffb57aa8000 	C:\WINDOWS\System32\gdi32full.dll
0x00007ffb57cc0000 - 0x00007ffb57d5a000 	C:\WINDOWS\System32\msvcp_win.dll
0x00007ffb58490000 - 0x00007ffb584c1000 	C:\WINDOWS\System32\IMM32.DLL
0x00007ffb379d0000 - 0x00007ffb37a6b000 	C:\Program Files\Microsoft\jdk-11.0.18.10-hotspot\bin\msvcp140.dll
0x00007ffadc290000 - 0x00007ffadce22000 	C:\Program Files\Microsoft\jdk-11.0.18.10-hotspot\bin\server\jvm.dll
0x00007ffb580e0000 - 0x00007ffb58190000 	C:\WINDOWS\System32\ADVAPI32.dll
0x00007ffb583d0000 - 0x00007ffb58476000 	C:\WINDOWS\System32\sechost.dll
0x00007ffb57d60000 - 0x00007ffb57e77000 	C:\WINDOWS\System32\RPCRT4.dll
0x00007ffb59170000 - 0x00007ffb59178000 	C:\WINDOWS\System32\PSAPI.DLL
0x00007ffb4f850000 - 0x00007ffb4f859000 	C:\WINDOWS\SYSTEM32\WSOCK32.dll
0x00007ffb511a0000 - 0x00007ffb511d4000 	C:\WINDOWS\SYSTEM32\WINMM.dll
0x00007ffb59af0000 - 0x00007ffb59b61000 	C:\WINDOWS\System32\WS2_32.dll
0x00007ffb4f860000 - 0x00007ffb4f86a000 	C:\WINDOWS\SYSTEM32\VERSION.dll
0x00007ffb563d0000 - 0x00007ffb563e8000 	C:\WINDOWS\SYSTEM32\kernel.appcore.dll
0x00007ffb4d8a0000 - 0x00007ffb4d8b0000 	C:\Program Files\Microsoft\jdk-11.0.18.10-hotspot\bin\verify.dll
0x00007ffb46540000 - 0x00007ffb4676e000 	C:\WINDOWS\SYSTEM32\DBGHELP.DLL
0x00007ffb59760000 - 0x00007ffb59aea000 	C:\WINDOWS\System32\combase.dll
0x00007ffb58570000 - 0x00007ffb58647000 	C:\WINDOWS\System32\OLEAUT32.dll
0x00007ffb46220000 - 0x00007ffb46252000 	C:\WINDOWS\SYSTEM32\dbgcore.DLL
0x00007ffb57380000 - 0x00007ffb573fa000 	C:\WINDOWS\System32\bcryptPrimitives.dll
0x00007ffb41e50000 - 0x00007ffb41e78000 	C:\Program Files\Microsoft\jdk-11.0.18.10-hotspot\bin\java.dll
0x00007ffb4c4b0000 - 0x00007ffb4c4ba000 	C:\Program Files\Microsoft\jdk-11.0.18.10-hotspot\bin\jimage.dll
0x00007ffb44180000 - 0x00007ffb44198000 	C:\Program Files\Microsoft\jdk-11.0.18.10-hotspot\bin\zip.dll
0x00007ffb58650000 - 0x00007ffb58e73000 	C:\WINDOWS\System32\SHELL32.dll
0x00007ffb552c0000 - 0x00007ffb55baa000 	C:\WINDOWS\SYSTEM32\windows.storage.dll
0x00007ffb55180000 - 0x00007ffb552be000 	C:\WINDOWS\SYSTEM32\wintypes.dll
0x00007ffb582d0000 - 0x00007ffb583c3000 	C:\WINDOWS\System32\SHCORE.dll
0x00007ffb59700000 - 0x00007ffb5975e000 	C:\WINDOWS\System32\shlwapi.dll
0x00007ffb572b0000 - 0x00007ffb572d6000 	C:\WINDOWS\SYSTEM32\profapi.dll
0x00007ffb41e10000 - 0x00007ffb41e29000 	C:\Program Files\Microsoft\jdk-11.0.18.10-hotspot\bin\net.dll
0x00007ffb52990000 - 0x00007ffb52ac7000 	C:\WINDOWS\SYSTEM32\WINHTTP.dll
0x00007ffb56850000 - 0x00007ffb568b9000 	C:\WINDOWS\system32\mswsock.dll
0x00007ffb3da50000 - 0x00007ffb3da63000 	C:\Program Files\Microsoft\jdk-11.0.18.10-hotspot\bin\nio.dll

dbghelp: loaded successfully - version: 4.0.5 - missing functions: none
symbol engine: initialized successfully - sym options: 0x614 - pdb path: .;C:\Program Files\Microsoft\jdk-11.0.18.10-hotspot\bin;C:\WINDOWS\SYSTEM32;C:\WINDOWS\WinSxS\amd64_microsoft.windows.common-controls_6595b64144ccf1df_6.0.22621.2215_none_270d72677387dfc3;C:\Program Files\Microsoft\jdk-11.0.18.10-hotspot\bin\server

VM Arguments:
jvm_args: -Xmx64m -Xms64m -Dorg.gradle.appname=gradlew 
java_command: org.gradle.wrapper.GradleWrapperMain tasks
java_class_path (initial): B:\React Native Projects\CloudHotelAuth\android\\gradle\wrapper\gradle-wrapper.jar
Launcher Type: SUN_STANDARD

[Global flags]
     intx CICompilerCount                          = 4                                         {product} {ergonomic}
     uint ConcGCThreads                            = 2                                         {product} {ergonomic}
     uint G1ConcRefinementThreads                  = 8                                         {product} {ergonomic}
   size_t G1HeapRegionSize                         = 1048576                                   {product} {ergonomic}
    uintx GCDrainStackTargetSize                   = 64                                        {product} {ergonomic}
   size_t InitialHeapSize                          = 67108864                                  {product} {command line}
   size_t MarkStackSize                            = 4194304                                   {product} {ergonomic}
   size_t MaxHeapSize                              = 67108864                                  {product} {command line}
   size_t MaxNewSize                               = 39845888                                  {product} {ergonomic}
   size_t MinHeapDeltaBytes                        = 1048576                                   {product} {ergonomic}
    uintx NonNMethodCodeHeapSize                   = 5836300                                {pd product} {ergonomic}
    uintx NonProfiledCodeHeapSize                  = 122910970                              {pd product} {ergonomic}
    uintx ProfiledCodeHeapSize                     = 122910970                              {pd product} {ergonomic}
    uintx ReservedCodeCacheSize                    = 251658240                              {pd product} {ergonomic}
     bool SegmentedCodeCache                       = true                                      {product} {ergonomic}
     bool UseCompressedClassPointers               = true                                 {lp64_product} {ergonomic}
     bool UseCompressedOops                        = true                                 {lp64_product} {ergonomic}
     bool UseG1GC                                  = true                                      {product} {ergonomic}
     bool UseLargePagesIndividualAllocation        = false                                  {pd product} {ergonomic}

Logging:
Log output configuration:
 #0: stdout all=warning uptime,level,tags
 #1: stderr all=off uptime,level,tags

Environment Variables:
JAVA_HOME=C:\Program Files\Microsoft\jdk-11.0.18.10-hotspot\
CLASSPATH=B:\React Native Projects\CloudHotelAuth\android\\gradle\wrapper\gradle-wrapper.jar
PATH=B:\React Native Projects\CloudHotelAuth\node_modules\.bin;B:\React Native Projects\CloudHotelAuth\node_modules\.bin;B:\React Native Projects\node_modules\.bin;B:\node_modules\.bin;C:\Users\91913\AppData\Roaming\nvm\v16.20.2\node_modules\npm\node_modules\@npmcli\run-script\lib\node-gyp-bin;B:\React Native Projects\CloudHotelAuth\node_modules\.bin;B:\React Native Projects\node_modules\.bin;B:\node_modules\.bin;C:\Users\91913\AppData\Roaming\nvm\v16.20.2\node_modules\npm\node_modules\@npmcli\run-script\lib\node-gyp-bin;C:\Program Files\Microsoft\jdk-11.0.18.10-hotspot\bin;C:\Program Files (x86)\Common Files\Oracle\Java\javapath;C:\Program Files\Java\jdk-18.0.1.1\bin;C:\ProgramData\chocolatey\bin;C:\Users\91913\AppData\Local\Android\Sdk\platform-tools;C:\Program Files\Git\cmd;%NVM_HOME%;%NVM_SYMLINK%;C:\Ruby32-x64\bin;C:\windows\system32;C:\Users\91913\AppData\Local\Programs\Microsoft VS Code\bin;C:\Users\91913\AppData\Roaming\nvm;C:\Program Files\nodejs
USERNAME=91913
LANG=en_US.UTF-8
OS=Windows_NT
PROCESSOR_IDENTIFIER=AMD64 Family 23 Model 104 Stepping 1, AuthenticAMD
TMP=C:\Users\91913\AppData\Local\Temp
TEMP=C:\Users\91913\AppData\Local\Temp



---------------  S Y S T E M  ---------------

OS: Windows 11 , 64 bit Build 22621 (10.0.22621.2215)
OS uptime: 15 days 23:47 hours
Hyper-V role detected

CPU:total 8 (initial active 8) (8 cores per cpu, 2 threads per core) family 23 model 104 stepping 1 microcode 0x0, cmov, cx8, fxsr, mmx, sse, sse2, sse3, ssse3, sse4.1, sse4.2, popcnt, avx, avx2, aes, clmul, mmxext, 3dnowpref, lzcnt, sse4a, ht, tsc, tscinvbit, tscinv, bmi1, bmi2, adx, sha, fma

Memory: 4k page, system-wide physical 7502M (255M free)
TotalPageFile size 30030M (AvailPageFile size 0M)
current process WorkingSet (physical memory assigned to process): 51M, peak: 51M
current process commit charge ("private bytes"): 148M, peak: 148M

vm_info: OpenJDK 64-Bit Server VM (11.0.18+10-LTS) for windows-amd64 JRE (11.0.18+10-LTS), built on Jan 18 2023 15:56:47 by "MicrosoftCorporation" with MS VC++ 15.9 (VS2017)

END.
