#
# There is insufficient memory for the Java Runtime Environment to continue.
# Native memory allocation (malloc) failed to allocate 71056 bytes for Chunk::new
# Possible reasons:
#   The system is out of physical RAM or swap space
#   The process is running with CompressedOops enabled, and the Java Heap may be blocking the growth of the native heap
# Possible solutions:
#   Reduce memory load on the system
#   Increase physical memory or swap space
#   Check if swap backing store is full
#   Decrease Java heap size (-Xmx/-Xms)
#   Decrease number of Java threads
#   Decrease Java thread stack sizes (-Xss)
#   Set larger code cache with -XX:ReservedCodeCacheSize=
#   JVM is running with Unscaled Compressed Oops mode in which the Java heap is
#     placed in the first 4GB address space. The Java Heap base address is the
#     maximum limit for the native heap growth. Please use -XX:HeapBaseMinAddress
#     to set the Java Heap base and to place the Java Heap above 4GB virtual address.
# This output file may be truncated or incomplete.
#
#  Out of Memory Error (./src/hotspot/share/memory/arena.cpp:197), pid=34804, tid=33148
#
# JRE version: OpenJDK Runtime Environment Microsoft-7208460 (11.0.18+10) (build 11.0.18+10-LTS)
# Java VM: OpenJDK 64-Bit Server VM Microsoft-7208460 (11.0.18+10-LTS, mixed mode, tiered, compressed oops, g1 gc, windows-amd64)
# No core dump will be written. Minidumps are not enabled by default on client versions of Windows
#

---------------  S U M M A R Y ------------

Command Line: -Xmx64m -Xms64m -Dorg.gradle.appname=gradlew org.gradle.wrapper.GradleWrapperMain tasks

Host: AMD Ryzen 3 5300U with Radeon Graphics         , 8 cores, 7G,  Windows 11 , 64 bit Build 22621 (10.0.22621.2215)
Time: Sat Sep 30 14:20:43 2023 India Standard Time elapsed time: 2.932561 seconds (0d 0h 0m 2s)

---------------  T H R E A D  ---------------

Current thread (0x0000017ca09ca000):  JavaThread "C2 CompilerThread0" daemon [_thread_in_native, id=33148, stack(0x000000114d300000,0x000000114d400000)]


Current CompileTask:
C2:   2932  408       4       java.util.regex.Matcher::match (154 bytes)

Stack: [0x000000114d300000,0x000000114d400000]
Native frames: (J=compiled Java code, j=interpreted, Vv=VM code, C=native code)
V  [jvm.dll+0x62bf8a]
V  [jvm.dll+0x7b8fb9]
V  [jvm.dll+0x7ba6a8]
V  [jvm.dll+0x7bad83]
V  [jvm.dll+0x250248]
V  [jvm.dll+0xc260c]
V  [jvm.dll+0xc2bcc]
V  [jvm.dll+0x35e1c7]
V  [jvm.dll+0x32a373]
V  [jvm.dll+0x3296aa]
V  [jvm.dll+0x2093b3]
V  [jvm.dll+0x20850d]
V  [jvm.dll+0x18a4b1]
V  [jvm.dll+0x217eec]
V  [jvm.dll+0x21612b]
V  [jvm.dll+0x77bac0]
V  [jvm.dll+0x7749f4]
V  [jvm.dll+0x62adf5]
C  [ucrtbase.dll+0x29363]
C  [KERNEL32.DLL+0x1257d]
C  [ntdll.dll+0x5aa68]


---------------  P R O C E S S  ---------------

Threads class SMR info:
_java_thread_list=0x0000017ca143bb60, length=10, elements={
0x0000017c862be000, 0x0000017ca0966800, 0x0000017ca0970000, 0x0000017ca0961800,
0x0000017ca09c5800, 0x0000017ca09c7000, 0x0000017ca09ca000, 0x0000017ca097e800,
0x0000017ca132e800, 0x0000017ca143d000
}

Java Threads: ( => current thread )
  0x0000017c862be000 JavaThread "main" [_thread_in_native, id=11108, stack(0x000000114c700000,0x000000114c800000)]
  0x0000017ca0966800 JavaThread "Reference Handler" daemon [_thread_blocked, id=8800, stack(0x000000114ce00000,0x000000114cf00000)]
  0x0000017ca0970000 JavaThread "Finalizer" daemon [_thread_blocked, id=18264, stack(0x000000114cf00000,0x000000114d000000)]
  0x0000017ca0961800 JavaThread "Signal Dispatcher" daemon [_thread_blocked, id=29180, stack(0x000000114d000000,0x000000114d100000)]
  0x0000017ca09c5800 JavaThread "Attach Listener" daemon [_thread_blocked, id=29184, stack(0x000000114d100000,0x000000114d200000)]
  0x0000017ca09c7000 JavaThread "Service Thread" daemon [_thread_blocked, id=12420, stack(0x000000114d200000,0x000000114d300000)]
=>0x0000017ca09ca000 JavaThread "C2 CompilerThread0" daemon [_thread_in_native, id=33148, stack(0x000000114d300000,0x000000114d400000)]
  0x0000017ca097e800 JavaThread "C1 CompilerThread0" daemon [_thread_blocked, id=27528, stack(0x000000114d400000,0x000000114d500000)]
  0x0000017ca132e800 JavaThread "Sweeper thread" daemon [_thread_blocked, id=34812, stack(0x000000114d500000,0x000000114d600000)]
  0x0000017ca143d000 JavaThread "Common-Cleaner" daemon [_thread_blocked, id=27888, stack(0x000000114d700000,0x000000114d800000)]

Other Threads:
  0x0000017ca092b800 VMThread "VM Thread" [stack: 0x000000114cd00000,0x000000114ce00000] [id=3644]
  0x0000017ca1436800 WatcherThread [stack: 0x000000114d600000,0x000000114d700000] [id=34324]
  0x0000017c862d8000 GCTaskThread "GC Thread#0" [stack: 0x000000114c800000,0x000000114c900000] [id=26692]
  0x0000017c862de000 ConcurrentGCThread "G1 Main Marker" [stack: 0x000000114c900000,0x000000114ca00000] [id=9332]
  0x0000017c862e0000 ConcurrentGCThread "G1 Conc#0" [stack: 0x000000114ca00000,0x000000114cb00000] [id=7324]
  0x0000017c86346000 ConcurrentGCThread "G1 Refine#0" [stack: 0x000000114cb00000,0x000000114cc00000] [id=4108]
  0x0000017c86347000 ConcurrentGCThread "G1 Young RemSet Sampling" [stack: 0x000000114cc00000,0x000000114cd00000] [id=6564]

Threads with active compile tasks:
C2 CompilerThread0     2948  408       4       java.util.regex.Matcher::match (154 bytes)

VM state:not at safepoint (normal execution)

VM Mutex/Monitor currently owned by a thread: None

Heap address: 0x00000000fc000000, size: 64 MB, Compressed Oops mode: 32-bit
Narrow klass base: 0x0000000000000000, Narrow klass shift: 3
Compressed class space size: 1073741824 Address: 0x0000000100000000

Heap:
 garbage-first heap   total 65536K, used 5120K [0x00000000fc000000, 0x0000000100000000)
  region size 1024K, 7 young (7168K), 0 survivors (0K)
 Metaspace       used 7193K, capacity 7353K, committed 7680K, reserved 1056768K
  class space    used 624K, capacity 682K, committed 768K, reserved 1048576K
Heap Regions: E=young(eden), S=young(survivor), O=old, HS=humongous(starts), HC=humongous(continues), CS=collection set, F=free, A=archive, TAMS=top-at-mark-start (previous, next)
|   0|0x00000000fc000000, 0x00000000fc000000, 0x00000000fc100000|  0%| F|  |TAMS 0x00000000fc000000, 0x00000000fc000000| Untracked 
|   1|0x00000000fc100000, 0x00000000fc100000, 0x00000000fc200000|  0%| F|  |TAMS 0x00000000fc100000, 0x00000000fc100000| Untracked 
|   2|0x00000000fc200000, 0x00000000fc200000, 0x00000000fc300000|  0%| F|  |TAMS 0x00000000fc200000, 0x00000000fc200000| Untracked 
|   3|0x00000000fc300000, 0x00000000fc300000, 0x00000000fc400000|  0%| F|  |TAMS 0x00000000fc300000, 0x00000000fc300000| Untracked 
|   4|0x00000000fc400000, 0x00000000fc400000, 0x00000000fc500000|  0%| F|  |TAMS 0x00000000fc400000, 0x00000000fc400000| Untracked 
|   5|0x00000000fc500000, 0x00000000fc500000, 0x00000000fc600000|  0%| F|  |TAMS 0x00000000fc500000, 0x00000000fc500000| Untracked 
|   6|0x00000000fc600000, 0x00000000fc600000, 0x00000000fc700000|  0%| F|  |TAMS 0x00000000fc600000, 0x00000000fc600000| Untracked 
|   7|0x00000000fc700000, 0x00000000fc700000, 0x00000000fc800000|  0%| F|  |TAMS 0x00000000fc700000, 0x00000000fc700000| Untracked 
|   8|0x00000000fc800000, 0x00000000fc800000, 0x00000000fc900000|  0%| F|  |TAMS 0x00000000fc800000, 0x00000000fc800000| Untracked 
|   9|0x00000000fc900000, 0x00000000fc900000, 0x00000000fca00000|  0%| F|  |TAMS 0x00000000fc900000, 0x00000000fc900000| Untracked 
|  10|0x00000000fca00000, 0x00000000fca00000, 0x00000000fcb00000|  0%| F|  |TAMS 0x00000000fca00000, 0x00000000fca00000| Untracked 
|  11|0x00000000fcb00000, 0x00000000fcb00000, 0x00000000fcc00000|  0%| F|  |TAMS 0x00000000fcb00000, 0x00000000fcb00000| Untracked 
|  12|0x00000000fcc00000, 0x00000000fcc00000, 0x00000000fcd00000|  0%| F|  |TAMS 0x00000000fcc00000, 0x00000000fcc00000| Untracked 
|  13|0x00000000fcd00000, 0x00000000fcd00000, 0x00000000fce00000|  0%| F|  |TAMS 0x00000000fcd00000, 0x00000000fcd00000| Untracked 
|  14|0x00000000fce00000, 0x00000000fce00000, 0x00000000fcf00000|  0%| F|  |TAMS 0x00000000fce00000, 0x00000000fce00000| Untracked 
|  15|0x00000000fcf00000, 0x00000000fcf00000, 0x00000000fd000000|  0%| F|  |TAMS 0x00000000fcf00000, 0x00000000fcf00000| Untracked 
|  16|0x00000000fd000000, 0x00000000fd000000, 0x00000000fd100000|  0%| F|  |TAMS 0x00000000fd000000, 0x00000000fd000000| Untracked 
|  17|0x00000000fd100000, 0x00000000fd100000, 0x00000000fd200000|  0%| F|  |TAMS 0x00000000fd100000, 0x00000000fd100000| Untracked 
|  18|0x00000000fd200000, 0x00000000fd200000, 0x00000000fd300000|  0%| F|  |TAMS 0x00000000fd200000, 0x00000000fd200000| Untracked 
|  19|0x00000000fd300000, 0x00000000fd300000, 0x00000000fd400000|  0%| F|  |TAMS 0x00000000fd300000, 0x00000000fd300000| Untracked 
|  20|0x00000000fd400000, 0x00000000fd400000, 0x00000000fd500000|  0%| F|  |TAMS 0x00000000fd400000, 0x00000000fd400000| Untracked 
|  21|0x00000000fd500000, 0x00000000fd500000, 0x00000000fd600000|  0%| F|  |TAMS 0x00000000fd500000, 0x00000000fd500000| Untracked 
|  22|0x00000000fd600000, 0x00000000fd600000, 0x00000000fd700000|  0%| F|  |TAMS 0x00000000fd600000, 0x00000000fd600000| Untracked 
|  23|0x00000000fd700000, 0x00000000fd700000, 0x00000000fd800000|  0%| F|  |TAMS 0x00000000fd700000, 0x00000000fd700000| Untracked 
|  24|0x00000000fd800000, 0x00000000fd800000, 0x00000000fd900000|  0%| F|  |TAMS 0x00000000fd800000, 0x00000000fd800000| Untracked 
|  25|0x00000000fd900000, 0x00000000fd900000, 0x00000000fda00000|  0%| F|  |TAMS 0x00000000fd900000, 0x00000000fd900000| Untracked 
|  26|0x00000000fda00000, 0x00000000fda00000, 0x00000000fdb00000|  0%| F|  |TAMS 0x00000000fda00000, 0x00000000fda00000| Untracked 
|  27|0x00000000fdb00000, 0x00000000fdb00000, 0x00000000fdc00000|  0%| F|  |TAMS 0x00000000fdb00000, 0x00000000fdb00000| Untracked 
|  28|0x00000000fdc00000, 0x00000000fdc00000, 0x00000000fdd00000|  0%| F|  |TAMS 0x00000000fdc00000, 0x00000000fdc00000| Untracked 
|  29|0x00000000fdd00000, 0x00000000fdd00000, 0x00000000fde00000|  0%| F|  |TAMS 0x00000000fdd00000, 0x00000000fdd00000| Untracked 
|  30|0x00000000fde00000, 0x00000000fde00000, 0x00000000fdf00000|  0%| F|  |TAMS 0x00000000fde00000, 0x00000000fde00000| Untracked 
|  31|0x00000000fdf00000, 0x00000000fdf00000, 0x00000000fe000000|  0%| F|  |TAMS 0x00000000fdf00000, 0x00000000fdf00000| Untracked 
|  32|0x00000000fe000000, 0x00000000fe000000, 0x00000000fe100000|  0%| F|  |TAMS 0x00000000fe000000, 0x00000000fe000000| Untracked 
|  33|0x00000000fe100000, 0x00000000fe100000, 0x00000000fe200000|  0%| F|  |TAMS 0x00000000fe100000, 0x00000000fe100000| Untracked 
|  34|0x00000000fe200000, 0x00000000fe200000, 0x00000000fe300000|  0%| F|  |TAMS 0x00000000fe200000, 0x00000000fe200000| Untracked 
|  35|0x00000000fe300000, 0x00000000fe300000, 0x00000000fe400000|  0%| F|  |TAMS 0x00000000fe300000, 0x00000000fe300000| Untracked 
|  36|0x00000000fe400000, 0x00000000fe400000, 0x00000000fe500000|  0%| F|  |TAMS 0x00000000fe400000, 0x00000000fe400000| Untracked 
|  37|0x00000000fe500000, 0x00000000fe500000, 0x00000000fe600000|  0%| F|  |TAMS 0x00000000fe500000, 0x00000000fe500000| Untracked 
|  38|0x00000000fe600000, 0x00000000fe600000, 0x00000000fe700000|  0%| F|  |TAMS 0x00000000fe600000, 0x00000000fe600000| Untracked 
|  39|0x00000000fe700000, 0x00000000fe700000, 0x00000000fe800000|  0%| F|  |TAMS 0x00000000fe700000, 0x00000000fe700000| Untracked 
|  40|0x00000000fe800000, 0x00000000fe800000, 0x00000000fe900000|  0%| F|  |TAMS 0x00000000fe800000, 0x00000000fe800000| Untracked 
|  41|0x00000000fe900000, 0x00000000fe900000, 0x00000000fea00000|  0%| F|  |TAMS 0x00000000fe900000, 0x00000000fe900000| Untracked 
|  42|0x00000000fea00000, 0x00000000fea00000, 0x00000000feb00000|  0%| F|  |TAMS 0x00000000fea00000, 0x00000000fea00000| Untracked 
|  43|0x00000000feb00000, 0x00000000feb00000, 0x00000000fec00000|  0%| F|  |TAMS 0x00000000feb00000, 0x00000000feb00000| Untracked 
|  44|0x00000000fec00000, 0x00000000fec00000, 0x00000000fed00000|  0%| F|  |TAMS 0x00000000fec00000, 0x00000000fec00000| Untracked 
|  45|0x00000000fed00000, 0x00000000fed00000, 0x00000000fee00000|  0%| F|  |TAMS 0x00000000fed00000, 0x00000000fed00000| Untracked 
|  46|0x00000000fee00000, 0x00000000fee00000, 0x00000000fef00000|  0%| F|  |TAMS 0x00000000fee00000, 0x00000000fee00000| Untracked 
|  47|0x00000000fef00000, 0x00000000fef00000, 0x00000000ff000000|  0%| F|  |TAMS 0x00000000fef00000, 0x00000000fef00000| Untracked 
|  48|0x00000000ff000000, 0x00000000ff000000, 0x00000000ff100000|  0%| F|  |TAMS 0x00000000ff000000, 0x00000000ff000000| Untracked 
|  49|0x00000000ff100000, 0x00000000ff100000, 0x00000000ff200000|  0%| F|  |TAMS 0x00000000ff100000, 0x00000000ff100000| Untracked 
|  50|0x00000000ff200000, 0x00000000ff200000, 0x00000000ff300000|  0%| F|  |TAMS 0x00000000ff200000, 0x00000000ff200000| Untracked 
|  51|0x00000000ff300000, 0x00000000ff300000, 0x00000000ff400000|  0%| F|  |TAMS 0x00000000ff300000, 0x00000000ff300000| Untracked 
|  52|0x00000000ff400000, 0x00000000ff400000, 0x00000000ff500000|  0%| F|  |TAMS 0x00000000ff400000, 0x00000000ff400000| Untracked 
|  53|0x00000000ff500000, 0x00000000ff500000, 0x00000000ff600000|  0%| F|  |TAMS 0x00000000ff500000, 0x00000000ff500000| Untracked 
|  54|0x00000000ff600000, 0x00000000ff600000, 0x00000000ff700000|  0%| F|  |TAMS 0x00000000ff600000, 0x00000000ff600000| Untracked 
|  55|0x00000000ff700000, 0x00000000ff700000, 0x00000000ff800000|  0%| F|  |TAMS 0x00000000ff700000, 0x00000000ff700000| Untracked 
|  56|0x00000000ff800000, 0x00000000ff800000, 0x00000000ff900000|  0%| F|  |TAMS 0x00000000ff800000, 0x00000000ff800000| Untracked 
|  57|0x00000000ff900000, 0x00000000ff9fed10, 0x00000000ffa00000| 99%| E|  |TAMS 0x00000000ff900000, 0x00000000ff900000| Complete 
|  58|0x00000000ffa00000, 0x00000000ffb00000, 0x00000000ffb00000|100%| E|CS|TAMS 0x00000000ffa00000, 0x00000000ffa00000| Complete 
|  59|0x00000000ffb00000, 0x00000000ffc00000, 0x00000000ffc00000|100%| E|CS|TAMS 0x00000000ffb00000, 0x00000000ffb00000| Complete 
|  60|0x00000000ffc00000, 0x00000000ffd00000, 0x00000000ffd00000|100%| E|CS|TAMS 0x00000000ffc00000, 0x00000000ffc00000| Complete 
|  61|0x00000000ffd00000, 0x00000000ffe00000, 0x00000000ffe00000|100%| E|  |TAMS 0x00000000ffd00000, 0x00000000ffd00000| Complete 
|  62|0x00000000ffe00000, 0x00000000fff00000, 0x00000000fff00000|100%| E|CS|TAMS 0x00000000ffe00000, 0x00000000ffe00000| Complete 
|  63|0x00000000fff00000, 0x0000000100000000, 0x0000000100000000|100%| E|CS|TAMS 0x00000000fff00000, 0x00000000fff00000| Complete 

Card table byte_map: [0x0000017c86220000,0x0000017c86240000] _byte_map_base: 0x0000017c85a40000

Marking Bits (Prev, Next): (CMBitMap*) 0x0000017c862dd178, (CMBitMap*) 0x0000017c862dd1b0
 Prev Bits: [0x0000017c9dd60000, 0x0000017c9de60000)
 Next Bits: [0x0000017c9de60000, 0x0000017c9df60000)

Polling page: 0x0000017c85a90000

Metaspace:

Usage:
  Non-class:      6.51 MB capacity,     6.41 MB ( 98%) used,    96.90 KB (  1%) free+waste,     5.19 KB ( <1%) overhead. 
      Class:    682.00 KB capacity,   624.09 KB ( 92%) used,    55.48 KB (  8%) free+waste,     2.44 KB ( <1%) overhead. 
       Both:      7.18 MB capacity,     7.02 MB ( 98%) used,   152.38 KB (  2%) free+waste,     7.63 KB ( <1%) overhead. 

Virtual space:
  Non-class space:        8.00 MB reserved,       6.75 MB ( 84%) committed 
      Class space:        1.00 GB reserved,     768.00 KB ( <1%) committed 
             Both:        1.01 GB reserved,       7.50 MB ( <1%) committed 

Chunk freelists:
   Non-Class:  49.00 KB
       Class:  0 bytes
        Both:  49.00 KB

MaxMetaspaceSize: 17179869184.00 GB
CompressedClassSpaceSize: 1.00 GB
Initial GC threshold: 20.80 MB
Current GC threshold: 20.80 MB
CDS: off

CodeHeap 'non-profiled nmethods': size=120000Kb used=120Kb max_used=120Kb free=119879Kb
 bounds [0x0000017c96500000, 0x0000017c96770000, 0x0000017c9da30000]
CodeHeap 'profiled nmethods': size=120000Kb used=644Kb max_used=644Kb free=119355Kb
 bounds [0x0000017c8efd0000, 0x0000017c8f240000, 0x0000017c96500000]
CodeHeap 'non-nmethods': size=5760Kb used=1106Kb max_used=1119Kb free=4654Kb
 bounds [0x0000017c8ea30000, 0x0000017c8eca0000, 0x0000017c8efd0000]
 total_blobs=760 nmethods=407 adapters=266
 compilation: enabled
              stopped_count=0, restarted_count=0
 full_count=0

Compilation events (20 events):
Event: 2.906 Thread 0x0000017ca097e800 nmethod 397 0x0000017c8f06d610 code [0x0000017c8f06d820, 0x0000017c8f06dbe8]
Event: 2.906 Thread 0x0000017ca097e800  398       3       java.util.ArrayList$Itr::checkForComodification (23 bytes)
Event: 2.907 Thread 0x0000017ca097e800 nmethod 398 0x0000017c8f06de10 code [0x0000017c8f06dfe0, 0x0000017c8f06e1a8]
Event: 2.911 Thread 0x0000017ca09ca000  400       4       java.util.zip.ZipUtils::CENNAM (9 bytes)
Event: 2.912 Thread 0x0000017ca097e800  401   !   3       java.util.zip.InflaterInputStream::read (138 bytes)
Event: 2.913 Thread 0x0000017ca09ca000 nmethod 400 0x0000017c9651d310 code [0x0000017c9651d4a0, 0x0000017c9651d558]
Event: 2.913 Thread 0x0000017ca097e800 nmethod 401 0x0000017c8f06e290 code [0x0000017c8f06e540, 0x0000017c8f06f3d8]
Event: 2.913 Thread 0x0000017ca097e800  402       3       java.util.zip.InflaterInputStream::ensureOpen (18 bytes)
Event: 2.914 Thread 0x0000017ca097e800 nmethod 402 0x0000017c8f06f990 code [0x0000017c8f06fb60, 0x0000017c8f06fd68]
Event: 2.914 Thread 0x0000017ca097e800  403       3       java.util.LinkedHashMap::afterNodeInsertion (40 bytes)
Event: 2.915 Thread 0x0000017ca097e800 nmethod 403 0x0000017c8f06fe90 code [0x0000017c8f070080, 0x0000017c8f0704e8]
Event: 2.918 Thread 0x0000017ca09ca000  404       4       java.lang.String::getChars (54 bytes)
Event: 2.920 Thread 0x0000017ca097e800  406       3       java.util.HashSet::isEmpty (8 bytes)
Event: 2.920 Thread 0x0000017ca097e800 nmethod 406 0x0000017c8f070690 code [0x0000017c8f070840, 0x0000017c8f070a78]
Event: 2.920 Thread 0x0000017ca097e800  407       3       java.lang.Integer::numberOfLeadingZeros (78 bytes)
Event: 2.921 Thread 0x0000017ca097e800 nmethod 407 0x0000017c8f070b90 code [0x0000017c8f070d40, 0x0000017c8f070fd8]
Event: 2.921 Thread 0x0000017ca09ca000 nmethod 404 0x0000017c9651d690 code [0x0000017c9651d840, 0x0000017c9651db78]
Event: 2.921 Thread 0x0000017ca09ca000  405       4       java.util.regex.Matcher::reset (128 bytes)
Event: 2.925 Thread 0x0000017ca09ca000 nmethod 405 0x0000017c9651de10 code [0x0000017c9651dfe0, 0x0000017c9651e1d8]
Event: 2.925 Thread 0x0000017ca09ca000  408       4       java.util.regex.Matcher::match (154 bytes)

GC Heap History (0 events):
No events

Deoptimization events (20 events):
Event: 2.131 Thread 0x0000017c862be000 DEOPT PACKING pc=0x0000017c8f02398e sp=0x000000114c7f6970
Event: 2.131 Thread 0x0000017c862be000 DEOPT UNPACKING pc=0x0000017c8ea7a95e sp=0x000000114c7f5e10 mode 0
Event: 2.131 Thread 0x0000017c862be000 DEOPT PACKING pc=0x0000017c8f02403b sp=0x000000114c7f6940
Event: 2.132 Thread 0x0000017c862be000 DEOPT UNPACKING pc=0x0000017c8ea7a95e sp=0x000000114c7f5e10 mode 0
Event: 2.132 Thread 0x0000017c862be000 DEOPT PACKING pc=0x0000017c8f02403b sp=0x000000114c7f6940
Event: 2.132 Thread 0x0000017c862be000 DEOPT UNPACKING pc=0x0000017c8ea7a95e sp=0x000000114c7f5e10 mode 0
Event: 2.132 Thread 0x0000017c862be000 DEOPT PACKING pc=0x0000017c8f02403b sp=0x000000114c7f6940
Event: 2.132 Thread 0x0000017c862be000 DEOPT UNPACKING pc=0x0000017c8ea7a95e sp=0x000000114c7f5e10 mode 0
Event: 2.132 Thread 0x0000017c862be000 DEOPT PACKING pc=0x0000017c8f02403b sp=0x000000114c7f6940
Event: 2.132 Thread 0x0000017c862be000 DEOPT UNPACKING pc=0x0000017c8ea7a95e sp=0x000000114c7f5e10 mode 0
Event: 2.433 Thread 0x0000017c862be000 DEOPT PACKING pc=0x0000017c8f00789b sp=0x000000114c7fda40
Event: 2.433 Thread 0x0000017c862be000 DEOPT UNPACKING pc=0x0000017c8ea7a95e sp=0x000000114c7fceb0 mode 0
Event: 2.434 Thread 0x0000017c862be000 DEOPT PACKING pc=0x0000017c8f00789b sp=0x000000114c7fda40
Event: 2.434 Thread 0x0000017c862be000 DEOPT UNPACKING pc=0x0000017c8ea7a95e sp=0x000000114c7fceb0 mode 0
Event: 2.526 Thread 0x0000017c862be000 DEOPT PACKING pc=0x0000017c8f032fdb sp=0x000000114c7fd760
Event: 2.526 Thread 0x0000017c862be000 DEOPT UNPACKING pc=0x0000017c8ea7a95e sp=0x000000114c7fcbd8 mode 0
Event: 2.527 Thread 0x0000017c862be000 DEOPT PACKING pc=0x0000017c8f032fdb sp=0x000000114c7fd760
Event: 2.527 Thread 0x0000017c862be000 DEOPT UNPACKING pc=0x0000017c8ea7a95e sp=0x000000114c7fcbd8 mode 0
Event: 2.888 Thread 0x0000017c862be000 DEOPT PACKING pc=0x0000017c8f028988 sp=0x000000114c7fd960
Event: 2.888 Thread 0x0000017c862be000 DEOPT UNPACKING pc=0x0000017c8ea7a95e sp=0x000000114c7fce30 mode 0

Classes redefined (0 events):
No events

Internal exceptions (3 events):
Event: 2.192 Thread 0x0000017c862be000 Exception <a 'java/lang/NoSuchMethodError'{0x00000000ffc636f0}: 'int java.lang.invoke.DirectMethodHandle$Holder.invokeStaticInit(java.lang.Object, java.lang.Object)'> (0x00000000ffc636f0) thrown at [./src/hotspot/share/interpreter/linkResolver.cpp, line 773]
Event: 2.426 Thread 0x0000017c862be000 Exception <a 'java/lang/NoSuchMethodError'{0x00000000ffb38be0}: 'int java.lang.invoke.DirectMethodHandle$Holder.invokeSpecial(java.lang.Object, java.lang.Object, java.lang.Object, java.lang.Object)'> (0x00000000ffb38be0) thrown at [./src/hotspot/share/interpreter/linkResolver.cpp, line 773]
Event: 2.492 Thread 0x0000017c862be000 Exception <a 'java/lang/NoSuchMethodError'{0x00000000ffb70fa8}: 'int java.lang.invoke.DirectMethodHandle$Holder.invokeSpecialIFC(java.lang.Object, java.lang.Object, int)'> (0x00000000ffb70fa8) thrown at [./src/hotspot/share/interpreter/linkResolver.cpp, line 773]

Events (20 events):
Event: 2.422 loading class org/gradle/api/internal/classpath/DefaultModuleRegistry$DefaultModule
Event: 2.422 loading class org/gradle/api/internal/classpath/DefaultModuleRegistry$DefaultModule done
Event: 2.422 loading class java/util/Collections$SingletonSet
Event: 2.422 loading class java/util/Collections$SingletonSet done
Event: 2.423 loading class java/util/Collections$1
Event: 2.423 loading class java/util/Collections$1 done
Event: 2.426 loading class org/gradle/api/internal/classpath/DefaultModuleRegistry
Event: 2.426 loading class org/gradle/api/internal/classpath/DefaultModuleRegistry done
Event: 2.435 loading class java/lang/invoke/DirectMethodHandle$Constructor
Event: 2.435 loading class java/lang/invoke/DirectMethodHandle$Constructor done
Event: 2.486 loading class org/gradle/util/internal/GUtil
Event: 2.486 loading class org/gradle/util/internal/GUtil done
Event: 2.488 loading class org/gradle/internal/InternalTransformer
Event: 2.488 loading class org/gradle/internal/InternalTransformer done
Event: 2.493 loading class java/util/regex/Pattern$StartS
Event: 2.493 loading class java/util/regex/Pattern$StartS done
Event: 2.494 loading class org/gradle/internal/IoActions
Event: 2.494 loading class org/gradle/internal/IoActions done
Event: 2.495 loading class org/gradle/api/Action
Event: 2.495 loading class org/gradle/api/Action done


Dynamic libraries:
0x00007ff7d9a90000 - 0x00007ff7d9a9d000 	C:\Program Files\Microsoft\jdk-11.0.18.10-hotspot\bin\java.exe
0x00007ffb59fd0000 - 0x00007ffb5a1e4000 	C:\WINDOWS\SYSTEM32\ntdll.dll
0x00007ffb58190000 - 0x00007ffb58254000 	C:\WINDOWS\System32\KERNEL32.DLL
0x00007ffb57400000 - 0x00007ffb577a4000 	C:\WINDOWS\System32\KERNELBASE.dll
0x00007ffb577b0000 - 0x00007ffb578c1000 	C:\WINDOWS\System32\ucrtbase.dll
0x00007ffb49820000 - 0x00007ffb49837000 	C:\Program Files\Microsoft\jdk-11.0.18.10-hotspot\bin\jli.dll
0x00007ffb45f40000 - 0x00007ffb45f55000 	C:\Program Files\Microsoft\jdk-11.0.18.10-hotspot\bin\VCRUNTIME140.dll
0x00007ffb59b70000 - 0x00007ffb59d1e000 	C:\WINDOWS\System32\USER32.dll
0x00007ffb405c0000 - 0x00007ffb40853000 	C:\WINDOWS\WinSxS\amd64_microsoft.windows.common-controls_6595b64144ccf1df_6.0.22621.2215_none_270d72677387dfc3\COMCTL32.dll
0x00007ffb57ab0000 - 0x00007ffb57ad6000 	C:\WINDOWS\System32\win32u.dll
0x00007ffb590a0000 - 0x00007ffb59147000 	C:\WINDOWS\System32\msvcrt.dll
0x00007ffb57f00000 - 0x00007ffb57f29000 	C:\WINDOWS\System32\GDI32.dll
0x00007ffb57990000 - 0x00007ffb57aa8000 	C:\WINDOWS\System32\gdi32full.dll
0x00007ffb57cc0000 - 0x00007ffb57d5a000 	C:\WINDOWS\System32\msvcp_win.dll
0x00007ffb58490000 - 0x00007ffb584c1000 	C:\WINDOWS\System32\IMM32.DLL
0x00007ffb379d0000 - 0x00007ffb37a6b000 	C:\Program Files\Microsoft\jdk-11.0.18.10-hotspot\bin\msvcp140.dll
0x00007ffadc290000 - 0x00007ffadce22000 	C:\Program Files\Microsoft\jdk-11.0.18.10-hotspot\bin\server\jvm.dll
0x00007ffb580e0000 - 0x00007ffb58190000 	C:\WINDOWS\System32\ADVAPI32.dll
0x00007ffb583d0000 - 0x00007ffb58476000 	C:\WINDOWS\System32\sechost.dll
0x00007ffb57d60000 - 0x00007ffb57e77000 	C:\WINDOWS\System32\RPCRT4.dll
0x00007ffb59170000 - 0x00007ffb59178000 	C:\WINDOWS\System32\PSAPI.DLL
0x00007ffb4f850000 - 0x00007ffb4f859000 	C:\WINDOWS\SYSTEM32\WSOCK32.dll
0x00007ffb59af0000 - 0x00007ffb59b61000 	C:\WINDOWS\System32\WS2_32.dll
0x00007ffb511a0000 - 0x00007ffb511d4000 	C:\WINDOWS\SYSTEM32\WINMM.dll
0x00007ffb4f860000 - 0x00007ffb4f86a000 	C:\WINDOWS\SYSTEM32\VERSION.dll
0x00007ffb563d0000 - 0x00007ffb563e8000 	C:\WINDOWS\SYSTEM32\kernel.appcore.dll
0x00007ffb4d8a0000 - 0x00007ffb4d8b0000 	C:\Program Files\Microsoft\jdk-11.0.18.10-hotspot\bin\verify.dll
0x00007ffb46540000 - 0x00007ffb4676e000 	C:\WINDOWS\SYSTEM32\DBGHELP.DLL
0x00007ffb59760000 - 0x00007ffb59aea000 	C:\WINDOWS\System32\combase.dll
0x00007ffb58570000 - 0x00007ffb58647000 	C:\WINDOWS\System32\OLEAUT32.dll
0x00007ffb46220000 - 0x00007ffb46252000 	C:\WINDOWS\SYSTEM32\dbgcore.DLL
0x00007ffb57380000 - 0x00007ffb573fa000 	C:\WINDOWS\System32\bcryptPrimitives.dll
0x00007ffb41e50000 - 0x00007ffb41e78000 	C:\Program Files\Microsoft\jdk-11.0.18.10-hotspot\bin\java.dll
0x00007ffb4c4b0000 - 0x00007ffb4c4ba000 	C:\Program Files\Microsoft\jdk-11.0.18.10-hotspot\bin\jimage.dll
0x00007ffb44180000 - 0x00007ffb44198000 	C:\Program Files\Microsoft\jdk-11.0.18.10-hotspot\bin\zip.dll
0x00007ffb58650000 - 0x00007ffb58e73000 	C:\WINDOWS\System32\SHELL32.dll
0x00007ffb552c0000 - 0x00007ffb55baa000 	C:\WINDOWS\SYSTEM32\windows.storage.dll
0x00007ffb55180000 - 0x00007ffb552be000 	C:\WINDOWS\SYSTEM32\wintypes.dll
0x00007ffb582d0000 - 0x00007ffb583c3000 	C:\WINDOWS\System32\SHCORE.dll
0x00007ffb59700000 - 0x00007ffb5975e000 	C:\WINDOWS\System32\shlwapi.dll
0x00007ffb572b0000 - 0x00007ffb572d6000 	C:\WINDOWS\SYSTEM32\profapi.dll
0x00007ffb41e10000 - 0x00007ffb41e29000 	C:\Program Files\Microsoft\jdk-11.0.18.10-hotspot\bin\net.dll
0x00007ffb52990000 - 0x00007ffb52ac7000 	C:\WINDOWS\SYSTEM32\WINHTTP.dll
0x00007ffb56850000 - 0x00007ffb568b9000 	C:\WINDOWS\system32\mswsock.dll
0x00007ffb3da50000 - 0x00007ffb3da63000 	C:\Program Files\Microsoft\jdk-11.0.18.10-hotspot\bin\nio.dll

dbghelp: loaded successfully - version: 4.0.5 - missing functions: none
symbol engine: initialized successfully - sym options: 0x614 - pdb path: .;C:\Program Files\Microsoft\jdk-11.0.18.10-hotspot\bin;C:\WINDOWS\SYSTEM32;C:\WINDOWS\WinSxS\amd64_microsoft.windows.common-controls_6595b64144ccf1df_6.0.22621.2215_none_270d72677387dfc3;C:\Program Files\Microsoft\jdk-11.0.18.10-hotspot\bin\server

VM Arguments:
jvm_args: -Xmx64m -Xms64m -Dorg.gradle.appname=gradlew 
java_command: org.gradle.wrapper.GradleWrapperMain tasks
java_class_path (initial): B:\React Native Projects\CloudHotelAuth\android\\gradle\wrapper\gradle-wrapper.jar
Launcher Type: SUN_STANDARD

[Global flags]
     intx CICompilerCount                          = 4                                         {product} {ergonomic}
     uint ConcGCThreads                            = 2                                         {product} {ergonomic}
     uint G1ConcRefinementThreads                  = 8                                         {product} {ergonomic}
   size_t G1HeapRegionSize                         = 1048576                                   {product} {ergonomic}
    uintx GCDrainStackTargetSize                   = 64                                        {product} {ergonomic}
   size_t InitialHeapSize                          = 67108864                                  {product} {command line}
   size_t MarkStackSize                            = 4194304                                   {product} {ergonomic}
   size_t MaxHeapSize                              = 67108864                                  {product} {command line}
   size_t MaxNewSize                               = 39845888                                  {product} {ergonomic}
   size_t MinHeapDeltaBytes                        = 1048576                                   {product} {ergonomic}
    uintx NonNMethodCodeHeapSize                   = 5836300                                {pd product} {ergonomic}
    uintx NonProfiledCodeHeapSize                  = 122910970                              {pd product} {ergonomic}
    uintx ProfiledCodeHeapSize                     = 122910970                              {pd product} {ergonomic}
    uintx ReservedCodeCacheSize                    = 251658240                              {pd product} {ergonomic}
     bool SegmentedCodeCache                       = true                                      {product} {ergonomic}
     bool UseCompressedClassPointers               = true                                 {lp64_product} {ergonomic}
     bool UseCompressedOops                        = true                                 {lp64_product} {ergonomic}
     bool UseG1GC                                  = true                                      {product} {ergonomic}
     bool UseLargePagesIndividualAllocation        = false                                  {pd product} {ergonomic}

Logging:
Log output configuration:
 #0: stdout all=warning uptime,level,tags
 #1: stderr all=off uptime,level,tags

Environment Variables:
JAVA_HOME=C:\Program Files\Microsoft\jdk-11.0.18.10-hotspot\
CLASSPATH=B:\React Native Projects\CloudHotelAuth\android\\gradle\wrapper\gradle-wrapper.jar
PATH=B:\React Native Projects\CloudHotelAuth\node_modules\.bin;B:\React Native Projects\CloudHotelAuth\node_modules\.bin;B:\React Native Projects\node_modules\.bin;B:\node_modules\.bin;C:\Users\91913\AppData\Roaming\nvm\v16.20.2\node_modules\npm\node_modules\@npmcli\run-script\lib\node-gyp-bin;B:\React Native Projects\CloudHotelAuth\node_modules\.bin;B:\React Native Projects\node_modules\.bin;B:\node_modules\.bin;C:\Users\91913\AppData\Roaming\nvm\v16.20.2\node_modules\npm\node_modules\@npmcli\run-script\lib\node-gyp-bin;C:\Program Files\Microsoft\jdk-11.0.18.10-hotspot\bin;C:\Program Files (x86)\Common Files\Oracle\Java\javapath;C:\Program Files\Java\jdk-18.0.1.1\bin;C:\ProgramData\chocolatey\bin;C:\Users\91913\AppData\Local\Android\Sdk\platform-tools;C:\Program Files\Git\cmd;%NVM_HOME%;%NVM_SYMLINK%;C:\Ruby32-x64\bin;C:\windows\system32;C:\Users\91913\AppData\Local\Programs\Microsoft VS Code\bin;C:\Users\91913\AppData\Roaming\nvm;C:\Program Files\nodejs
USERNAME=91913
LANG=en_US.UTF-8
OS=Windows_NT
PROCESSOR_IDENTIFIER=AMD64 Family 23 Model 104 Stepping 1, AuthenticAMD
TMP=C:\Users\91913\AppData\Local\Temp
TEMP=C:\Users\91913\AppData\Local\Temp



---------------  S Y S T E M  ---------------

OS: Windows 11 , 64 bit Build 22621 (10.0.22621.2215)
OS uptime: 15 days 23:47 hours
Hyper-V role detected

CPU:total 8 (initial active 8) (8 cores per cpu, 2 threads per core) family 23 model 104 stepping 1 microcode 0x0, cmov, cx8, fxsr, mmx, sse, sse2, sse3, ssse3, sse4.1, sse4.2, popcnt, avx, avx2, aes, clmul, mmxext, 3dnowpref, lzcnt, sse4a, ht, tsc, tscinvbit, tscinv, bmi1, bmi2, adx, sha, fma

Memory: 4k page, system-wide physical 7502M (249M free)
TotalPageFile size 30030M (AvailPageFile size 0M)
current process WorkingSet (physical memory assigned to process): 43M, peak: 43M
current process commit charge ("private bytes"): 143M, peak: 143M

vm_info: OpenJDK 64-Bit Server VM (11.0.18+10-LTS) for windows-amd64 JRE (11.0.18+10-LTS), built on Jan 18 2023 15:56:47 by "MicrosoftCorporation" with MS VC++ 15.9 (VS2017)

END.
